[ 2017-08-09T14:05:46+08:00 ] 192.168.31.208 /mycms/
INFO: [ app_init ] --START--
INFO: Run Behavior\BuildLiteBehavior [ RunTime:0.000000s ]
INFO: [ app_init ] --END-- [ RunTime:0.023001s ]
INFO: [ app_begin ] --START--
INFO: Run Behavior\ReadHtmlCacheBehavior [ RunTime:0.008001s ]
INFO: [ app_begin ] --END-- [ RunTime:0.008001s ]
INFO: [ view_parse ] --START--
INFO: [ template_filter ] --START--
INFO: Run Behavior\ContentReplaceBehavior [ RunTime:0.018001s ]
INFO: [ template_filter ] --END-- [ RunTime:0.018001s ]
INFO: Run Behavior\ParseTemplateBehavior [ RunTime:0.092005s ]
INFO: [ view_parse ] --END-- [ RunTime:0.092005s ]
INFO: [ view_filter ] --START--
INFO: Run Behavior\WriteHtmlCacheBehavior [ RunTime:0.005000s ]
INFO: [ view_filter ] --END-- [ RunTime:0.006000s ]
INFO: [ app_end ] --START--
INFO: Run Behavior\ShowPageTraceBehavior [ RunTime:0.001000s ]
INFO: [ app_end ] --END-- [ RunTime:0.001000s ]

[ 2017-08-09T16:47:42+08:00 ] 192.168.31.148 /mycms/index.php/Home/index/login
INFO: [ app_init ] --START--
INFO: Run Behavior\BuildLiteBehavior [ RunTime:0.000000s ]
INFO: [ app_init ] --END-- [ RunTime:0.040002s ]
INFO: [ app_begin ] --START--
INFO: Run Behavior\ReadHtmlCacheBehavior [ RunTime:0.013000s ]
INFO: [ app_begin ] --END-- [ RunTime:0.014000s ]
SQL: SHOW COLUMNS FROM `customer` [ RunTime:0.2480s ]
SQL: SELECT * FROM `customer` WHERE `name` = '后来' AND `pass` = 'fy2'  [ RunTime:0.0230s ]

[ 2017-08-09T16:48:46+08:00 ] 192.168.31.148 /mycms/index.php/Home/index/login
INFO: [ app_init ] --START--
INFO: Run Behavior\BuildLiteBehavior [ RunTime:0.000000s ]
INFO: [ app_init ] --END-- [ RunTime:0.000000s ]
INFO: [ app_begin ] --START--
INFO: Run Behavior\ReadHtmlCacheBehavior [ RunTime:0.001000s ]
INFO: [ app_begin ] --END-- [ RunTime:0.001000s ]
SQL: SHOW COLUMNS FROM `customer` [ RunTime:0.0150s ]
SQL: SELECT * FROM `customer` WHERE `name` = ' huang' AND `pass` = 'huang2'  [ RunTime:0.0010s ]

[ 2017-08-09T16:48:51+08:00 ] 192.168.31.148 /mycms/index.php/Home/index/login
INFO: [ app_init ] --START--
INFO: Run Behavior\BuildLiteBehavior [ RunTime:0.000000s ]
INFO: [ app_init ] --END-- [ RunTime:0.001000s ]
INFO: [ app_begin ] --START--
INFO: Run Behavior\ReadHtmlCacheBehavior [ RunTime:0.001000s ]
INFO: [ app_begin ] --END-- [ RunTime:0.001000s ]
SQL: SHOW COLUMNS FROM `customer` [ RunTime:0.0160s ]
SQL: SELECT * FROM `customer` WHERE `name` = ' huang' AND `pass` = 'huang'  [ RunTime:0.0010s ]

[ 2017-08-09T16:49:14+08:00 ] 192.168.31.208 /mycms/
INFO: [ app_init ] --START--
INFO: Run Behavior\BuildLiteBehavior [ RunTime:0.000000s ]
INFO: [ app_init ] --END-- [ RunTime:0.001000s ]
INFO: [ app_begin ] --START--
INFO: Run Behavior\ReadHtmlCacheBehavior [ RunTime:0.000000s ]
INFO: [ app_begin ] --END-- [ RunTime:0.000000s ]
INFO: [ view_parse ] --START--
INFO: [ template_filter ] --START--
INFO: Run Behavior\ContentReplaceBehavior [ RunTime:0.001000s ]
INFO: [ template_filter ] --END-- [ RunTime:0.002000s ]
INFO: Run Behavior\ParseTemplateBehavior [ RunTime:0.127007s ]
INFO: [ view_parse ] --END-- [ RunTime:0.127007s ]
INFO: [ view_filter ] --START--
INFO: Run Behavior\WriteHtmlCacheBehavior [ RunTime:0.020001s ]
INFO: [ view_filter ] --END-- [ RunTime:0.020001s ]
INFO: [ app_end ] --START--
INFO: Run Behavior\ShowPageTraceBehavior [ RunTime:0.019001s ]
INFO: [ app_end ] --END-- [ RunTime:0.019001s ]

[ 2017-08-09T16:51:45+08:00 ] 192.168.31.148 /mycms/index.php/Home/index/login
INFO: [ app_init ] --START--
INFO: Run Behavior\BuildLiteBehavior [ RunTime:0.000000s ]
INFO: [ app_init ] --END-- [ RunTime:0.001000s ]
INFO: [ app_begin ] --START--
INFO: Run Behavior\ReadHtmlCacheBehavior [ RunTime:0.001000s ]
INFO: [ app_begin ] --END-- [ RunTime:0.001000s ]
SQL: SHOW COLUMNS FROM `customer` [ RunTime:0.0160s ]
SQL: SELECT * FROM `customer` WHERE `name` = 'huang' AND `pass` = 'huang'  [ RunTime:0.0010s ]

[ 2017-08-09T16:52:25+08:00 ] 192.168.31.148 /mycms/index.php/Home/index/login
INFO: [ app_init ] --START--
INFO: Run Behavior\BuildLiteBehavior [ RunTime:0.000000s ]
INFO: [ app_init ] --END-- [ RunTime:0.001000s ]
INFO: [ app_begin ] --START--
INFO: Run Behavior\ReadHtmlCacheBehavior [ RunTime:0.001000s ]
INFO: [ app_begin ] --END-- [ RunTime:0.001000s ]
SQL: SHOW COLUMNS FROM `customer` [ RunTime:0.0130s ]
SQL: SELECT * FROM `customer` WHERE `name` = 'huang' AND `pass` = 'huang'  [ RunTime:0.0010s ]

[ 2017-08-09T16:52:50+08:00 ] 192.168.31.148 /mycms/index.php/Home/index/login
INFO: [ app_init ] --START--
INFO: Run Behavior\BuildLiteBehavior [ RunTime:0.000000s ]
INFO: [ app_init ] --END-- [ RunTime:0.001000s ]
INFO: [ app_begin ] --START--
INFO: Run Behavior\ReadHtmlCacheBehavior [ RunTime:0.000000s ]
INFO: [ app_begin ] --END-- [ RunTime:0.000000s ]
SQL: SHOW COLUMNS FROM `customer` [ RunTime:0.0170s ]
SQL: SELECT * FROM `customer` WHERE `name` = 'huang' AND `pass` = 'huang'  [ RunTime:0.0010s ]

[ 2017-08-09T16:53:01+08:00 ] 192.168.31.148 /mycms/index.php/Home/index/login
INFO: [ app_init ] --START--
INFO: Run Behavior\BuildLiteBehavior [ RunTime:0.000000s ]
INFO: [ app_init ] --END-- [ RunTime:0.000000s ]
INFO: [ app_begin ] --START--
INFO: Run Behavior\ReadHtmlCacheBehavior [ RunTime:0.000000s ]
INFO: [ app_begin ] --END-- [ RunTime:0.001000s ]
SQL: SHOW COLUMNS FROM `customer` [ RunTime:0.0180s ]
SQL: SELECT * FROM `customer` WHERE `name` = 'huang' AND `pass` = 'huang'  [ RunTime:0.0000s ]

[ 2017-08-09T16:53:01+08:00 ] 192.168.31.148 /mycms/index.php/Home/index/login
INFO: [ app_init ] --START--
INFO: Run Behavior\BuildLiteBehavior [ RunTime:0.000000s ]
INFO: [ app_init ] --END-- [ RunTime:0.001000s ]
INFO: [ app_begin ] --START--
INFO: Run Behavior\ReadHtmlCacheBehavior [ RunTime:0.001000s ]
INFO: [ app_begin ] --END-- [ RunTime:0.001000s ]
SQL: SHOW COLUMNS FROM `customer` [ RunTime:0.0180s ]
SQL: SELECT * FROM `customer` WHERE `name` = 'huang' AND `pass` = 'huang'  [ RunTime:0.0010s ]

[ 2017-08-09T16:56:51+08:00 ] 192.168.31.148 /mycms/index.php/Home/index/login
INFO: [ app_init ] --START--
INFO: Run Behavior\BuildLiteBehavior [ RunTime:0.000000s ]
INFO: [ app_init ] --END-- [ RunTime:0.000000s ]
INFO: [ app_begin ] --START--
INFO: Run Behavior\ReadHtmlCacheBehavior [ RunTime:0.001000s ]
INFO: [ app_begin ] --END-- [ RunTime:0.001000s ]
SQL: SHOW COLUMNS FROM `customer` [ RunTime:0.0170s ]
SQL: SELECT * FROM `customer` WHERE `name` = 'huang' AND `pass` = 'huang6'  [ RunTime:0.0020s ]

[ 2017-08-09T16:57:08+08:00 ] 192.168.31.148 /mycms/index.php/Home/index/login
INFO: [ app_init ] --START--
INFO: Run Behavior\BuildLiteBehavior [ RunTime:0.000000s ]
INFO: [ app_init ] --END-- [ RunTime:0.001000s ]
INFO: [ app_begin ] --START--
INFO: Run Behavior\ReadHtmlCacheBehavior [ RunTime:0.002000s ]
INFO: [ app_begin ] --END-- [ RunTime:0.002000s ]
SQL: SHOW COLUMNS FROM `customer` [ RunTime:0.0150s ]
SQL: SELECT * FROM `customer` WHERE `name` = 'huang' AND `pass` = 'huang'  [ RunTime:0.0010s ]

[ 2017-08-09T17:00:00+08:00 ] 192.168.31.208 /mycms/index.php/Home/index/login/name/james/pass/james.html
INFO: [ app_init ] --START--
INFO: Run Behavior\BuildLiteBehavior [ RunTime:0.000000s ]
INFO: [ app_init ] --END-- [ RunTime:0.001000s ]
INFO: [ app_begin ] --START--
INFO: Run Behavior\ReadHtmlCacheBehavior [ RunTime:0.001000s ]
INFO: [ app_begin ] --END-- [ RunTime:0.001000s ]
SQL: SHOW COLUMNS FROM `customer` [ RunTime:0.0190s ]
SQL: SELECT * FROM `customer` WHERE `name` = 'james' AND `pass` = 'james'  [ RunTime:0.0220s ]

[ 2017-08-09T17:02:03+08:00 ] 192.168.31.148 /mycms/index.php/Home/index/login
INFO: [ app_init ] --START--
INFO: Run Behavior\BuildLiteBehavior [ RunTime:0.000000s ]
INFO: [ app_init ] --END-- [ RunTime:0.001000s ]
INFO: [ app_begin ] --START--
INFO: Run Behavior\ReadHtmlCacheBehavior [ RunTime:0.001000s ]
INFO: [ app_begin ] --END-- [ RunTime:0.001000s ]
SQL: SHOW COLUMNS FROM `customer` [ RunTime:0.0200s ]
SQL: SELECT * FROM `customer` WHERE `name` = 'huang' AND `pass` = 'huang'  [ RunTime:0.0010s ]

[ 2017-08-09T17:14:44+08:00 ] 192.168.31.148 /mycms/index.php/Home/index/login
INFO: [ app_init ] --START--
INFO: Run Behavior\BuildLiteBehavior [ RunTime:0.000000s ]
INFO: [ app_init ] --END-- [ RunTime:0.001001s ]
INFO: [ app_begin ] --START--
INFO: Run Behavior\ReadHtmlCacheBehavior [ RunTime:0.001000s ]
INFO: [ app_begin ] --END-- [ RunTime:0.001000s ]
SQL: SHOW COLUMNS FROM `customer` [ RunTime:0.0340s ]
SQL: SELECT * FROM `customer` WHERE `name` = 'huang' AND `pass` = 'huang'  [ RunTime:0.0020s ]

[ 2017-08-09T17:17:17+08:00 ] 192.168.31.148 /mycms/index.php/Home/index/login
INFO: [ app_init ] --START--
INFO: Run Behavior\BuildLiteBehavior [ RunTime:0.000000s ]
INFO: [ app_init ] --END-- [ RunTime:0.001000s ]
INFO: [ app_begin ] --START--
INFO: Run Behavior\ReadHtmlCacheBehavior [ RunTime:0.002000s ]
INFO: [ app_begin ] --END-- [ RunTime:0.002000s ]
SQL: SHOW COLUMNS FROM `customer` [ RunTime:0.0160s ]
SQL: SELECT * FROM `customer` WHERE `name` = 'huang' AND `pass` = 'huang'  [ RunTime:0.0010s ]

[ 2017-08-09T17:22:41+08:00 ] 192.168.31.148 /mycms/index.php/Home/index/login
INFO: [ app_init ] --START--
INFO: Run Behavior\BuildLiteBehavior [ RunTime:0.000000s ]
INFO: [ app_init ] --END-- [ RunTime:0.000000s ]
INFO: [ app_begin ] --START--
INFO: Run Behavior\ReadHtmlCacheBehavior [ RunTime:0.001000s ]
INFO: [ app_begin ] --END-- [ RunTime:0.002000s ]
SQL: SHOW COLUMNS FROM `customer` [ RunTime:0.0150s ]
SQL: SELECT * FROM `customer` WHERE `name` = 'huang' AND `pass` = 'huang'  [ RunTime:0.0000s ]

[ 2017-08-09T17:22:45+08:00 ] 192.168.31.148 /mycms/index.php/Home/index/login
INFO: [ app_init ] --START--
INFO: Run Behavior\BuildLiteBehavior [ RunTime:0.000000s ]
INFO: [ app_init ] --END-- [ RunTime:0.000000s ]
INFO: [ app_begin ] --START--
INFO: Run Behavior\ReadHtmlCacheBehavior [ RunTime:0.000000s ]
INFO: [ app_begin ] --END-- [ RunTime:0.001000s ]
SQL: SHOW COLUMNS FROM `customer` [ RunTime:0.0150s ]
SQL: SELECT * FROM `customer` WHERE `name` = 'huang' AND `pass` = 'huang'  [ RunTime:0.0010s ]

[ 2017-08-09T17:22:51+08:00 ] 192.168.31.148 /mycms/index.php/Home/index/login
INFO: [ app_init ] --START--
INFO: Run Behavior\BuildLiteBehavior [ RunTime:0.000000s ]
INFO: [ app_init ] --END-- [ RunTime:0.001000s ]
INFO: [ app_begin ] --START--
INFO: Run Behavior\ReadHtmlCacheBehavior [ RunTime:0.000000s ]
INFO: [ app_begin ] --END-- [ RunTime:0.000000s ]
SQL: SHOW COLUMNS FROM `customer` [ RunTime:0.0160s ]
SQL: SELECT * FROM `customer` WHERE `name` = 'huang' AND `pass` = 'huang'  [ RunTime:0.0010s ]

[ 2017-08-09T17:24:16+08:00 ] 192.168.31.148 /mycms/index.php/Home/index/login
INFO: [ app_init ] --START--
INFO: Run Behavior\BuildLiteBehavior [ RunTime:0.000000s ]
INFO: [ app_init ] --END-- [ RunTime:0.000000s ]
INFO: [ app_begin ] --START--
INFO: Run Behavior\ReadHtmlCacheBehavior [ RunTime:0.001000s ]
INFO: [ app_begin ] --END-- [ RunTime:0.001000s ]
SQL: SHOW COLUMNS FROM `customer` [ RunTime:0.0180s ]
SQL: SELECT * FROM `customer` WHERE `name` = 'huang' AND `pass` = 'huang'  [ RunTime:0.0010s ]

[ 2017-08-09T17:25:51+08:00 ] 192.168.31.148 /mycms/index.php/Home/index/login
INFO: [ app_init ] --START--
INFO: Run Behavior\BuildLiteBehavior [ RunTime:0.000000s ]
INFO: [ app_init ] --END-- [ RunTime:0.000000s ]
INFO: [ app_begin ] --START--
INFO: Run Behavior\ReadHtmlCacheBehavior [ RunTime:0.000000s ]
INFO: [ app_begin ] --END-- [ RunTime:0.000000s ]
SQL: SHOW COLUMNS FROM `customer` [ RunTime:0.0150s ]
SQL: SELECT * FROM `customer` WHERE `name` = 'huang' AND `pass` = 'huang'  [ RunTime:0.0010s ]

[ 2017-08-09T17:25:56+08:00 ] 192.168.31.148 /mycms/index.php/Home/index/login
INFO: [ app_init ] --START--
INFO: Run Behavior\BuildLiteBehavior [ RunTime:0.000000s ]
INFO: [ app_init ] --END-- [ RunTime:0.000000s ]
INFO: [ app_begin ] --START--
INFO: Run Behavior\ReadHtmlCacheBehavior [ RunTime:0.000000s ]
INFO: [ app_begin ] --END-- [ RunTime:0.000000s ]
SQL: SHOW COLUMNS FROM `customer` [ RunTime:0.0160s ]
SQL: SELECT * FROM `customer` WHERE `name` = 'huang' AND `pass` = 'huang'  [ RunTime:0.0000s ]

[ 2017-08-09T17:41:48+08:00 ] 192.168.31.148 /mycms/index.php/Home/index/login
INFO: [ app_init ] --START--
INFO: Run Behavior\BuildLiteBehavior [ RunTime:0.000000s ]
INFO: [ app_init ] --END-- [ RunTime:0.000000s ]
INFO: [ app_begin ] --START--
INFO: Run Behavior\ReadHtmlCacheBehavior [ RunTime:0.001000s ]
INFO: [ app_begin ] --END-- [ RunTime:0.001000s ]
SQL: SHOW COLUMNS FROM `customer` [ RunTime:0.0150s ]
SQL: SELECT * FROM `customer` WHERE `name` = 'huang' AND `pass` = 'huang'  [ RunTime:0.0010s ]

[ 2017-08-09T17:47:47+08:00 ] 192.168.31.148 /mycms/index.php/Home/index/login
INFO: [ app_init ] --START--
INFO: Run Behavior\BuildLiteBehavior [ RunTime:0.000000s ]
INFO: [ app_init ] --END-- [ RunTime:0.001000s ]
INFO: [ app_begin ] --START--
INFO: Run Behavior\ReadHtmlCacheBehavior [ RunTime:0.001001s ]
INFO: [ app_begin ] --END-- [ RunTime:0.001001s ]
SQL: SHOW COLUMNS FROM `customer` [ RunTime:0.0140s ]
SQL: SELECT * FROM `customer` WHERE `name` = 'huang' AND `pass` = 'huang'  [ RunTime:0.0010s ]

[ 2017-08-09T17:50:01+08:00 ] 192.168.31.148 /mycms/index.php/Home/index/login
INFO: [ app_init ] --START--
INFO: Run Behavior\BuildLiteBehavior [ RunTime:0.000000s ]
INFO: [ app_init ] --END-- [ RunTime:0.001000s ]
INFO: [ app_begin ] --START--
INFO: Run Behavior\ReadHtmlCacheBehavior [ RunTime:0.001001s ]
INFO: [ app_begin ] --END-- [ RunTime:0.001001s ]
SQL: SHOW COLUMNS FROM `customer` [ RunTime:0.0150s ]
SQL: SELECT * FROM `customer` WHERE `name` = 'huang' AND `pass` = 'huang'  [ RunTime:0.0010s ]

[ 2017-08-09T17:51:45+08:00 ] 192.168.31.148 /mycms/index.php/Home/index/login
INFO: [ app_init ] --START--
INFO: Run Behavior\BuildLiteBehavior [ RunTime:0.000000s ]
INFO: [ app_init ] --END-- [ RunTime:0.001000s ]
INFO: [ app_begin ] --START--
INFO: Run Behavior\ReadHtmlCacheBehavior [ RunTime:0.001000s ]
INFO: [ app_begin ] --END-- [ RunTime:0.001000s ]
SQL: SHOW COLUMNS FROM `customer` [ RunTime:0.0150s ]
SQL: SELECT * FROM `customer` WHERE `name` = 'huang' AND `pass` = 'huang'  [ RunTime:0.0010s ]

[ 2017-08-09T17:59:50+08:00 ] 192.168.31.148 /mycms/index.php/Home/index/login
INFO: [ app_init ] --START--
INFO: Run Behavior\BuildLiteBehavior [ RunTime:0.000000s ]
INFO: [ app_init ] --END-- [ RunTime:0.001000s ]
INFO: [ app_begin ] --START--
INFO: Run Behavior\ReadHtmlCacheBehavior [ RunTime:0.002000s ]
INFO: [ app_begin ] --END-- [ RunTime:0.002000s ]
SQL: SHOW COLUMNS FROM `customer` [ RunTime:0.0150s ]
SQL: SELECT * FROM `customer` WHERE `name` = 'huang' AND `pass` = 'huang'  [ RunTime:0.0000s ]

[ 2017-08-09T18:00:02+08:00 ] 192.168.31.148 /mycms/index.php/Home/index/login
INFO: [ app_init ] --START--
INFO: Run Behavior\BuildLiteBehavior [ RunTime:0.000000s ]
INFO: [ app_init ] --END-- [ RunTime:0.000000s ]
INFO: [ app_begin ] --START--
INFO: Run Behavior\ReadHtmlCacheBehavior [ RunTime:0.001000s ]
INFO: [ app_begin ] --END-- [ RunTime:0.001000s ]
SQL: SHOW COLUMNS FROM `customer` [ RunTime:0.0140s ]
SQL: SELECT * FROM `customer` WHERE `name` = 'huang' AND `pass` = 'huang'  [ RunTime:0.0010s ]

[ 2017-08-09T18:14:12+08:00 ] 192.168.31.148 /mycms/index.php/Home/index/login
INFO: [ app_init ] --START--
INFO: Run Behavior\BuildLiteBehavior [ RunTime:0.000000s ]
INFO: [ app_init ] --END-- [ RunTime:0.001001s ]
INFO: [ app_begin ] --START--
INFO: Run Behavior\ReadHtmlCacheBehavior [ RunTime:0.001000s ]
INFO: [ app_begin ] --END-- [ RunTime:0.001000s ]
SQL: SHOW COLUMNS FROM `customer` [ RunTime:0.0170s ]
SQL: SELECT * FROM `customer` WHERE `name` = 'huang' AND `pass` = 'huang'  [ RunTime:0.0010s ]

[ 2017-08-09T18:14:24+08:00 ] 192.168.31.148 /mycms/index.php/Home/index/login
INFO: [ app_init ] --START--
INFO: Run Behavior\BuildLiteBehavior [ RunTime:0.000000s ]
INFO: [ app_init ] --END-- [ RunTime:0.000000s ]
INFO: [ app_begin ] --START--
INFO: Run Behavior\ReadHtmlCacheBehavior [ RunTime:0.001000s ]
INFO: [ app_begin ] --END-- [ RunTime:0.001000s ]
SQL: SHOW COLUMNS FROM `customer` [ RunTime:0.0150s ]
SQL: SELECT * FROM `customer` WHERE `name` = 'huang' AND `pass` = 'huang'  [ RunTime:0.0010s ]

[ 2017-08-09T18:14:29+08:00 ] 192.168.31.148 /mycms/index.php/Home/index/login
INFO: [ app_init ] --START--
INFO: Run Behavior\BuildLiteBehavior [ RunTime:0.000000s ]
INFO: [ app_init ] --END-- [ RunTime:0.000000s ]
INFO: [ app_begin ] --START--
INFO: Run Behavior\ReadHtmlCacheBehavior [ RunTime:0.000000s ]
INFO: [ app_begin ] --END-- [ RunTime:0.000000s ]
SQL: SHOW COLUMNS FROM `customer` [ RunTime:0.0180s ]
SQL: SELECT * FROM `customer` WHERE `name` = 'huang' AND `pass` = 'huang'  [ RunTime:0.0000s ]

[ 2017-08-09T18:14:32+08:00 ] 192.168.31.148 /mycms/index.php/Home/index/login
INFO: [ app_init ] --START--
INFO: Run Behavior\BuildLiteBehavior [ RunTime:0.000000s ]
INFO: [ app_init ] --END-- [ RunTime:0.001000s ]
INFO: [ app_begin ] --START--
INFO: Run Behavior\ReadHtmlCacheBehavior [ RunTime:0.001000s ]
INFO: [ app_begin ] --END-- [ RunTime:0.002000s ]
SQL: SHOW COLUMNS FROM `customer` [ RunTime:0.0140s ]
SQL: SELECT * FROM `customer` WHERE `name` = 'huang' AND `pass` = 'huang'  [ RunTime:0.0070s ]

[ 2017-08-09T18:15:28+08:00 ] 192.168.31.148 /mycms/index.php/Home/index/login
INFO: [ app_init ] --START--
INFO: Run Behavior\BuildLiteBehavior [ RunTime:0.000000s ]
INFO: [ app_init ] --END-- [ RunTime:0.000000s ]
INFO: [ app_begin ] --START--
INFO: Run Behavior\ReadHtmlCacheBehavior [ RunTime:0.001000s ]
INFO: [ app_begin ] --END-- [ RunTime:0.001000s ]
SQL: SHOW COLUMNS FROM `customer` [ RunTime:0.0180s ]
SQL: SELECT * FROM `customer` WHERE `name` = 'huang' AND `pass` = 'huang'  [ RunTime:0.0010s ]

[ 2017-08-09T18:15:57+08:00 ] 192.168.31.148 /mycms/index.php/Home/index/login
INFO: [ app_init ] --START--
INFO: Run Behavior\BuildLiteBehavior [ RunTime:0.000000s ]
INFO: [ app_init ] --END-- [ RunTime:0.001000s ]
INFO: [ app_begin ] --START--
INFO: Run Behavior\ReadHtmlCacheBehavior [ RunTime:0.001000s ]
INFO: [ app_begin ] --END-- [ RunTime:0.001000s ]
SQL: SHOW COLUMNS FROM `customer` [ RunTime:0.0170s ]
SQL: SELECT * FROM `customer` WHERE `name` = 'huang' AND `pass` = 'huang'  [ RunTime:0.0010s ]

[ 2017-08-09T18:18:23+08:00 ] 192.168.31.148 /mycms/index.php/Home/index/login
INFO: [ app_init ] --START--
INFO: Run Behavior\BuildLiteBehavior [ RunTime:0.000000s ]
INFO: [ app_init ] --END-- [ RunTime:0.001000s ]
INFO: [ app_begin ] --START--
INFO: Run Behavior\ReadHtmlCacheBehavior [ RunTime:0.001000s ]
INFO: [ app_begin ] --END-- [ RunTime:0.001000s ]
SQL: SHOW COLUMNS FROM `customer` [ RunTime:0.0160s ]
SQL: SELECT * FROM `customer` WHERE `name` = 'huang' AND `pass` = 'huang'  [ RunTime:0.0000s ]

[ 2017-08-09T18:20:45+08:00 ] 192.168.31.208 /mycms/index.php/Home/index/login/name/james/pass/james.html
INFO: [ app_init ] --START--
INFO: Run Behavior\BuildLiteBehavior [ RunTime:0.000000s ]
INFO: [ app_init ] --END-- [ RunTime:0.001000s ]
INFO: [ app_begin ] --START--
INFO: Run Behavior\ReadHtmlCacheBehavior [ RunTime:0.001000s ]
INFO: [ app_begin ] --END-- [ RunTime:0.002000s ]
SQL: SHOW COLUMNS FROM `customer` [ RunTime:0.0190s ]
SQL: SELECT * FROM `customer` WHERE `name` = 'james' AND `pass` = 'james'  [ RunTime:0.0010s ]

[ 2017-08-09T18:21:19+08:00 ] 192.168.31.208 /mycms/index.php/Home/index/login/name/james/pass/james.html
INFO: [ app_init ] --START--
INFO: Run Behavior\BuildLiteBehavior [ RunTime:0.000000s ]
INFO: [ app_init ] --END-- [ RunTime:0.002000s ]
INFO: [ app_begin ] --START--
INFO: Run Behavior\ReadHtmlCacheBehavior [ RunTime:0.001000s ]
INFO: [ app_begin ] --END-- [ RunTime:0.001000s ]
SQL: SHOW COLUMNS FROM `customer` [ RunTime:0.0160s ]
SQL: SELECT * FROM `customer` WHERE `name` = 'james' AND `pass` = 'james'  [ RunTime:0.0010s ]

[ 2017-08-09T18:22:08+08:00 ] 192.168.31.208 /mycms/index.php/Home/index/login/name/james/pass/james.html
INFO: [ app_init ] --START--
INFO: Run Behavior\BuildLiteBehavior [ RunTime:0.000000s ]
INFO: [ app_init ] --END-- [ RunTime:0.002000s ]
INFO: [ app_begin ] --START--
INFO: Run Behavior\ReadHtmlCacheBehavior [ RunTime:0.002000s ]
INFO: [ app_begin ] --END-- [ RunTime:0.002000s ]
SQL: SHOW COLUMNS FROM `customer` [ RunTime:0.0170s ]
SQL: SELECT * FROM `customer` WHERE `name` = 'james' AND `pass` = 'james'  [ RunTime:0.0000s ]

[ 2017-08-09T18:24:06+08:00 ] 192.168.31.208 /mycms/index.php/Home/index/login/name/james/pass/james.html
INFO: [ app_init ] --START--
INFO: Run Behavior\BuildLiteBehavior [ RunTime:0.000000s ]
INFO: [ app_init ] --END-- [ RunTime:0.003000s ]
INFO: [ app_begin ] --START--
INFO: Run Behavior\ReadHtmlCacheBehavior [ RunTime:0.002000s ]
INFO: [ app_begin ] --END-- [ RunTime:0.002000s ]
SQL: SHOW COLUMNS FROM `customer` [ RunTime:0.0190s ]
SQL: SELECT * FROM `customer` WHERE `name` = 'james' AND `pass` = 'james'  [ RunTime:0.0010s ]

[ 2017-08-09T18:25:32+08:00 ] 192.168.31.148 /mycms/index.php/Home/index/login
INFO: [ app_init ] --START--
INFO: Run Behavior\BuildLiteBehavior [ RunTime:0.000000s ]
INFO: [ app_init ] --END-- [ RunTime:0.000000s ]
INFO: [ app_begin ] --START--
INFO: Run Behavior\ReadHtmlCacheBehavior [ RunTime:0.001000s ]
INFO: [ app_begin ] --END-- [ RunTime:0.001000s ]
SQL: SHOW COLUMNS FROM `customer` [ RunTime:0.0180s ]
SQL: SELECT * FROM `customer` WHERE `name` = 'huang' AND `pass` = 'huang'  [ RunTime:0.0000s ]

[ 2017-08-09T18:28:51+08:00 ] 192.168.31.148 /mycms/index.php/Home/index/login
INFO: [ app_init ] --START--
INFO: Run Behavior\BuildLiteBehavior [ RunTime:0.000000s ]
INFO: [ app_init ] --END-- [ RunTime:0.001000s ]
INFO: [ app_begin ] --START--
INFO: Run Behavior\ReadHtmlCacheBehavior [ RunTime:0.002000s ]
INFO: [ app_begin ] --END-- [ RunTime:0.002000s ]
SQL: SHOW COLUMNS FROM `customer` [ RunTime:0.0190s ]
SQL: SELECT * FROM `customer` WHERE `name` = 'huang' AND `pass` = 'huang'  [ RunTime:0.0010s ]

[ 2017-08-09T18:31:45+08:00 ] 192.168.31.148 /mycms/index.php/Home/index/login
INFO: [ app_init ] --START--
INFO: Run Behavior\BuildLiteBehavior [ RunTime:0.000000s ]
INFO: [ app_init ] --END-- [ RunTime:0.001000s ]
INFO: [ app_begin ] --START--
INFO: Run Behavior\ReadHtmlCacheBehavior [ RunTime:0.001000s ]
INFO: [ app_begin ] --END-- [ RunTime:0.001000s ]
SQL: SHOW COLUMNS FROM `customer` [ RunTime:0.0770s ]
SQL: SELECT * FROM `customer` WHERE `name` = 'huang' AND `pass` = 'huang'  [ RunTime:0.0000s ]

[ 2017-08-09T18:31:51+08:00 ] 192.168.31.148 /mycms/index.php/Home/index/login
INFO: [ app_init ] --START--
INFO: Run Behavior\BuildLiteBehavior [ RunTime:0.000000s ]
INFO: [ app_init ] --END-- [ RunTime:0.001000s ]
INFO: [ app_begin ] --START--
INFO: Run Behavior\ReadHtmlCacheBehavior [ RunTime:0.001000s ]
INFO: [ app_begin ] --END-- [ RunTime:0.001000s ]
SQL: SHOW COLUMNS FROM `customer` [ RunTime:0.0150s ]
SQL: SELECT * FROM `customer` WHERE `name` = 'huang' AND `pass` = 'huang'  [ RunTime:0.0010s ]

[ 2017-08-09T18:34:38+08:00 ] 192.168.31.148 /mycms/index.php/Home/index/login
INFO: [ app_init ] --START--
INFO: Run Behavior\BuildLiteBehavior [ RunTime:0.000000s ]
INFO: [ app_init ] --END-- [ RunTime:0.001000s ]
INFO: [ app_begin ] --START--
INFO: Run Behavior\ReadHtmlCacheBehavior [ RunTime:0.000000s ]
INFO: [ app_begin ] --END-- [ RunTime:0.000000s ]
SQL: SHOW COLUMNS FROM `customer` [ RunTime:0.0150s ]
SQL: SELECT * FROM `customer` WHERE `name` = 'huang' AND `pass` = 'huang'  [ RunTime:0.0010s ]

[ 2017-08-09T18:34:38+08:00 ] 192.168.31.148 /mycms/index.php/Home/blog/blogList
INFO: [ app_init ] --START--
INFO: Run Behavior\BuildLiteBehavior [ RunTime:0.000000s ]
INFO: [ app_init ] --END-- [ RunTime:0.001000s ]
INFO: [ app_begin ] --START--
INFO: Run Behavior\ReadHtmlCacheBehavior [ RunTime:0.001000s ]
INFO: [ app_begin ] --END-- [ RunTime:0.001000s ]

[ 2017-08-09T18:48:54+08:00 ] 192.168.31.148 /mycms/index.php/Home/index/login
INFO: [ app_init ] --START--
INFO: Run Behavior\BuildLiteBehavior [ RunTime:0.000000s ]
INFO: [ app_init ] --END-- [ RunTime:0.001000s ]
INFO: [ app_begin ] --START--
INFO: Run Behavior\ReadHtmlCacheBehavior [ RunTime:0.000000s ]
INFO: [ app_begin ] --END-- [ RunTime:0.001000s ]
SQL: SHOW COLUMNS FROM `customer` [ RunTime:0.0150s ]
SQL: SELECT * FROM `customer` WHERE `name` = 'huang' AND `pass` = 'huang'  [ RunTime:0.0010s ]

[ 2017-08-09T18:48:54+08:00 ] 192.168.31.148 /mycms/index.php/Home/blog/blogList
INFO: [ app_init ] --START--
INFO: Run Behavior\BuildLiteBehavior [ RunTime:0.000000s ]
INFO: [ app_init ] --END-- [ RunTime:0.000000s ]
INFO: [ app_begin ] --START--
INFO: Run Behavior\ReadHtmlCacheBehavior [ RunTime:0.001000s ]
INFO: [ app_begin ] --END-- [ RunTime:0.002000s ]

[ 2017-08-09T18:50:11+08:00 ] 192.168.31.208 /mycms/
INFO: [ app_init ] --START--
INFO: Run Behavior\BuildLiteBehavior [ RunTime:0.001000s ]
INFO: [ app_init ] --END-- [ RunTime:0.002001s ]
INFO: [ app_begin ] --START--
INFO: Run Behavior\ReadHtmlCacheBehavior [ RunTime:0.002000s ]
INFO: [ app_begin ] --END-- [ RunTime:0.002000s ]
INFO: [ view_parse ] --START--
INFO: [ template_filter ] --START--
INFO: Run Behavior\ContentReplaceBehavior [ RunTime:0.000000s ]
INFO: [ template_filter ] --END-- [ RunTime:0.000000s ]
INFO: Run Behavior\ParseTemplateBehavior [ RunTime:0.173010s ]
INFO: [ view_parse ] --END-- [ RunTime:0.173010s ]
INFO: [ view_filter ] --START--
INFO: Run Behavior\WriteHtmlCacheBehavior [ RunTime:0.011001s ]
INFO: [ view_filter ] --END-- [ RunTime:0.011001s ]
INFO: [ app_end ] --START--
INFO: Run Behavior\ShowPageTraceBehavior [ RunTime:0.014001s ]
INFO: [ app_end ] --END-- [ RunTime:0.014001s ]

[ 2017-08-09T18:50:25+08:00 ] 192.168.31.208 /mycms/index.php/Home/Blog/blogList/typeId/0/pageId/0/customerid/1.html
INFO: [ app_init ] --START--
INFO: Run Behavior\BuildLiteBehavior [ RunTime:0.000000s ]
INFO: [ app_init ] --END-- [ RunTime:0.001000s ]
INFO: [ app_begin ] --START--
INFO: Run Behavior\ReadHtmlCacheBehavior [ RunTime:0.001000s ]
INFO: [ app_begin ] --END-- [ RunTime:0.001000s ]
SQL: SHOW COLUMNS FROM `blog` [ RunTime:0.0600s ]
SQL: SELECT * FROM `blog` LIMIT 0,10   [ RunTime:0.0010s ]

[ 2017-08-09T18:52:24+08:00 ] 192.168.31.208 /mycms/index.php/Home/Blog/blogList/typeId/0/pageId/0/customerid/1.html
INFO: [ app_init ] --START--
INFO: Run Behavior\BuildLiteBehavior [ RunTime:0.000000s ]
INFO: [ app_init ] --END-- [ RunTime:0.001000s ]
INFO: [ app_begin ] --START--
INFO: Run Behavior\ReadHtmlCacheBehavior [ RunTime:0.001000s ]
INFO: [ app_begin ] --END-- [ RunTime:0.001000s ]
SQL: SHOW COLUMNS FROM `blog` [ RunTime:0.0170s ]
SQL: SELECT * FROM `blog` LIMIT 0,10   [ RunTime:0.0010s ]
NOTIC: [8] Use of undefined constant __PICTURE_URL - assumed '__PICTURE_URL' C:\xampp\htdocs\mycms\Application\Home\Controller\BlogController.class.php 第 40 行.

[ 2017-08-09T18:52:33+08:00 ] 192.168.31.148 /mycms/index.php/Home/blog/blogList
INFO: [ app_init ] --START--
INFO: Run Behavior\BuildLiteBehavior [ RunTime:0.000000s ]
INFO: [ app_init ] --END-- [ RunTime:0.001000s ]
INFO: [ app_begin ] --START--
INFO: Run Behavior\ReadHtmlCacheBehavior [ RunTime:0.001000s ]
INFO: [ app_begin ] --END-- [ RunTime:0.001000s ]

[ 2017-08-09T18:52:37+08:00 ] 192.168.31.148 /mycms/index.php/Home/blog/blogList
INFO: [ app_init ] --START--
INFO: Run Behavior\BuildLiteBehavior [ RunTime:0.000000s ]
INFO: [ app_init ] --END-- [ RunTime:0.001000s ]
INFO: [ app_begin ] --START--
INFO: Run Behavior\ReadHtmlCacheBehavior [ RunTime:0.001000s ]
INFO: [ app_begin ] --END-- [ RunTime:0.002000s ]

[ 2017-08-09T18:56:04+08:00 ] 192.168.31.148 /mycms/index.php/Home/blog/blogList
INFO: [ app_init ] --START--
INFO: Run Behavior\BuildLiteBehavior [ RunTime:0.000000s ]
INFO: [ app_init ] --END-- [ RunTime:0.000000s ]
INFO: [ app_begin ] --START--
INFO: Run Behavior\ReadHtmlCacheBehavior [ RunTime:0.001000s ]
INFO: [ app_begin ] --END-- [ RunTime:0.001000s ]

[ 2017-08-09T18:57:05+08:00 ] 192.168.31.148 /mycms/index.php/Home/index/login
INFO: [ app_init ] --START--
INFO: Run Behavior\BuildLiteBehavior [ RunTime:0.000000s ]
INFO: [ app_init ] --END-- [ RunTime:0.001000s ]
INFO: [ app_begin ] --START--
INFO: Run Behavior\ReadHtmlCacheBehavior [ RunTime:0.002000s ]
INFO: [ app_begin ] --END-- [ RunTime:0.002000s ]
SQL: SHOW COLUMNS FROM `customer` [ RunTime:0.0150s ]
SQL: SELECT * FROM `customer` WHERE `name` = 'huang' AND `pass` = 'huang'  [ RunTime:0.0010s ]

[ 2017-08-09T18:57:05+08:00 ] 192.168.31.148 /mycms/index.php/Home/blog/blogList
INFO: [ app_init ] --START--
INFO: Run Behavior\BuildLiteBehavior [ RunTime:0.000000s ]
INFO: [ app_init ] --END-- [ RunTime:0.001000s ]
INFO: [ app_begin ] --START--
INFO: Run Behavior\ReadHtmlCacheBehavior [ RunTime:0.000000s ]
INFO: [ app_begin ] --END-- [ RunTime:0.000000s ]

[ 2017-08-09T18:58:24+08:00 ] 192.168.31.148 /mycms/index.php/Home/index/login
INFO: [ app_init ] --START--
INFO: Run Behavior\BuildLiteBehavior [ RunTime:0.000000s ]
INFO: [ app_init ] --END-- [ RunTime:0.001000s ]
INFO: [ app_begin ] --START--
INFO: Run Behavior\ReadHtmlCacheBehavior [ RunTime:0.000000s ]
INFO: [ app_begin ] --END-- [ RunTime:0.000000s ]
SQL: SHOW COLUMNS FROM `customer` [ RunTime:0.0250s ]
SQL: SELECT * FROM `customer` WHERE `name` = 'huang' AND `pass` = 'huang'  [ RunTime:0.0000s ]

[ 2017-08-09T18:58:24+08:00 ] 192.168.31.148 /mycms/index.php/Home/blog/blogList
INFO: [ app_init ] --START--
INFO: Run Behavior\BuildLiteBehavior [ RunTime:0.000000s ]
INFO: [ app_init ] --END-- [ RunTime:0.001000s ]
INFO: [ app_begin ] --START--
INFO: Run Behavior\ReadHtmlCacheBehavior [ RunTime:0.001000s ]
INFO: [ app_begin ] --END-- [ RunTime:0.001000s ]

[ 2017-08-09T18:59:53+08:00 ] 192.168.31.148 /mycms/index.php/Home/blog/blogList
INFO: [ app_init ] --START--
INFO: Run Behavior\BuildLiteBehavior [ RunTime:0.000000s ]
INFO: [ app_init ] --END-- [ RunTime:0.001000s ]
INFO: [ app_begin ] --START--
INFO: Run Behavior\ReadHtmlCacheBehavior [ RunTime:0.001000s ]
INFO: [ app_begin ] --END-- [ RunTime:0.001000s ]
SQL: SHOW COLUMNS FROM `blog` [ RunTime:0.0160s ]
SQL: SELECT * FROM `blog` LIMIT 0,10   [ RunTime:0.0010s ]

[ 2017-08-09T18:59:57+08:00 ] 192.168.31.148 /mycms/index.php/Home/blog/blogList
INFO: [ app_init ] --START--
INFO: Run Behavior\BuildLiteBehavior [ RunTime:0.000000s ]
INFO: [ app_init ] --END-- [ RunTime:0.001000s ]
INFO: [ app_begin ] --START--
INFO: Run Behavior\ReadHtmlCacheBehavior [ RunTime:0.001000s ]
INFO: [ app_begin ] --END-- [ RunTime:0.001000s ]
SQL: SHOW COLUMNS FROM `blog` [ RunTime:0.0220s ]
SQL: SELECT * FROM `blog` LIMIT 0,10   [ RunTime:0.0010s ]

[ 2017-08-09T19:00:13+08:00 ] 192.168.31.148 /mycms/index.php/Home/blog/blogList
INFO: [ app_init ] --START--
INFO: Run Behavior\BuildLiteBehavior [ RunTime:0.000000s ]
INFO: [ app_init ] --END-- [ RunTime:0.001000s ]
INFO: [ app_begin ] --START--
INFO: Run Behavior\ReadHtmlCacheBehavior [ RunTime:0.000000s ]
INFO: [ app_begin ] --END-- [ RunTime:0.000000s ]
SQL: SHOW COLUMNS FROM `blog` [ RunTime:0.0330s ]
SQL: SELECT * FROM `blog` LIMIT 0,10   [ RunTime:0.0010s ]

[ 2017-08-09T19:00:32+08:00 ] 192.168.31.148 /mycms/index.php/Home/blog/blogList
INFO: [ app_init ] --START--
INFO: Run Behavior\BuildLiteBehavior [ RunTime:0.000000s ]
INFO: [ app_init ] --END-- [ RunTime:0.000000s ]
INFO: [ app_begin ] --START--
INFO: Run Behavior\ReadHtmlCacheBehavior [ RunTime:0.001000s ]
INFO: [ app_begin ] --END-- [ RunTime:0.001000s ]
SQL: SHOW COLUMNS FROM `blog` [ RunTime:0.0150s ]
SQL: SELECT * FROM `blog` LIMIT 0,10   [ RunTime:0.0010s ]

[ 2017-08-09T19:00:45+08:00 ] 192.168.31.208 /mycms/index.php/Home/Blog/blogList/typeId/0/pageId/0/customerid/1.html
INFO: [ app_init ] --START--
INFO: Run Behavior\BuildLiteBehavior [ RunTime:0.000000s ]
INFO: [ app_init ] --END-- [ RunTime:0.002000s ]
INFO: [ app_begin ] --START--
INFO: Run Behavior\ReadHtmlCacheBehavior [ RunTime:0.002000s ]
INFO: [ app_begin ] --END-- [ RunTime:0.002000s ]
SQL: SHOW COLUMNS FROM `blog` [ RunTime:0.0140s ]
SQL: SELECT * FROM `blog` LIMIT 0,10   [ RunTime:0.0010s ]

[ 2017-08-09T19:00:47+08:00 ] 192.168.31.208 /mycms/index.php/Home/Blog/blogList/typeId/0/pageId/0/customerid/1.html
INFO: [ app_init ] --START--
INFO: Run Behavior\BuildLiteBehavior [ RunTime:0.000000s ]
INFO: [ app_init ] --END-- [ RunTime:0.001000s ]
INFO: [ app_begin ] --START--
INFO: Run Behavior\ReadHtmlCacheBehavior [ RunTime:0.000000s ]
INFO: [ app_begin ] --END-- [ RunTime:0.001000s ]
SQL: SHOW COLUMNS FROM `blog` [ RunTime:0.0170s ]
SQL: SELECT * FROM `blog` LIMIT 0,10   [ RunTime:0.0010s ]

[ 2017-08-09T19:02:11+08:00 ] 192.168.31.148 /mycms/index.php/Home/index/login
INFO: [ app_init ] --START--
INFO: Run Behavior\BuildLiteBehavior [ RunTime:0.000000s ]
INFO: [ app_init ] --END-- [ RunTime:0.000000s ]
INFO: [ app_begin ] --START--
INFO: Run Behavior\ReadHtmlCacheBehavior [ RunTime:0.001000s ]
INFO: [ app_begin ] --END-- [ RunTime:0.001000s ]
SQL: SHOW COLUMNS FROM `customer` [ RunTime:0.0160s ]
SQL: SELECT * FROM `customer` WHERE `name` = 'huang' AND `pass` = 'huang'  [ RunTime:0.0010s ]

[ 2017-08-09T19:02:12+08:00 ] 192.168.31.148 /mycms/index.php/Home/blog/blogList
INFO: [ app_init ] --START--
INFO: Run Behavior\BuildLiteBehavior [ RunTime:0.000000s ]
INFO: [ app_init ] --END-- [ RunTime:0.000000s ]
INFO: [ app_begin ] --START--
INFO: Run Behavior\ReadHtmlCacheBehavior [ RunTime:0.001000s ]
INFO: [ app_begin ] --END-- [ RunTime:0.001000s ]
SQL: SHOW COLUMNS FROM `blog` [ RunTime:0.1120s ]
SQL: SELECT * FROM `blog` LIMIT 0,10   [ RunTime:0.0000s ]

[ 2017-08-09T19:02:46+08:00 ] 192.168.31.148 /mycms/index.php/Home/blog/blogList
INFO: [ app_init ] --START--
INFO: Run Behavior\BuildLiteBehavior [ RunTime:0.000000s ]
INFO: [ app_init ] --END-- [ RunTime:0.001000s ]
INFO: [ app_begin ] --START--
INFO: Run Behavior\ReadHtmlCacheBehavior [ RunTime:0.000000s ]
INFO: [ app_begin ] --END-- [ RunTime:0.000000s ]
SQL: SHOW COLUMNS FROM `blog` [ RunTime:0.0180s ]
SQL: SELECT * FROM `blog` LIMIT 0,10   [ RunTime:0.0000s ]

[ 2017-08-09T19:02:54+08:00 ] 192.168.31.148 /mycms/index.php/Home/index/login
INFO: [ app_init ] --START--
INFO: Run Behavior\BuildLiteBehavior [ RunTime:0.000000s ]
INFO: [ app_init ] --END-- [ RunTime:0.000000s ]
INFO: [ app_begin ] --START--
INFO: Run Behavior\ReadHtmlCacheBehavior [ RunTime:0.000000s ]
INFO: [ app_begin ] --END-- [ RunTime:0.000000s ]
SQL: SHOW COLUMNS FROM `customer` [ RunTime:0.0180s ]
SQL: SELECT * FROM `customer` WHERE `name` = 'huang' AND `pass` = 'huang'  [ RunTime:0.0010s ]

[ 2017-08-09T19:02:55+08:00 ] 192.168.31.148 /mycms/index.php/Home/blog/blogList
INFO: [ app_init ] --START--
INFO: Run Behavior\BuildLiteBehavior [ RunTime:0.000000s ]
INFO: [ app_init ] --END-- [ RunTime:0.000000s ]
INFO: [ app_begin ] --START--
INFO: Run Behavior\ReadHtmlCacheBehavior [ RunTime:0.001000s ]
INFO: [ app_begin ] --END-- [ RunTime:0.001000s ]
SQL: SHOW COLUMNS FROM `blog` [ RunTime:0.0160s ]
SQL: SELECT * FROM `blog` LIMIT 0,10   [ RunTime:0.0000s ]

[ 2017-08-09T19:03:21+08:00 ] 192.168.31.148 /mycms/index.php/Home/index/login
INFO: [ app_init ] --START--
INFO: Run Behavior\BuildLiteBehavior [ RunTime:0.000000s ]
INFO: [ app_init ] --END-- [ RunTime:0.001000s ]
INFO: [ app_begin ] --START--
INFO: Run Behavior\ReadHtmlCacheBehavior [ RunTime:0.001000s ]
INFO: [ app_begin ] --END-- [ RunTime:0.001000s ]
SQL: SHOW COLUMNS FROM `customer` [ RunTime:0.0160s ]
SQL: SELECT * FROM `customer` WHERE `name` = 'huang' AND `pass` = 'huang'  [ RunTime:0.0010s ]

[ 2017-08-09T19:03:23+08:00 ] 192.168.31.148 /mycms/index.php/Home/blog/blogList
INFO: [ app_init ] --START--
INFO: Run Behavior\BuildLiteBehavior [ RunTime:0.000000s ]
INFO: [ app_init ] --END-- [ RunTime:0.000000s ]
INFO: [ app_begin ] --START--
INFO: Run Behavior\ReadHtmlCacheBehavior [ RunTime:0.001000s ]
INFO: [ app_begin ] --END-- [ RunTime:0.001000s ]
SQL: SHOW COLUMNS FROM `blog` [ RunTime:0.0160s ]
SQL: SELECT * FROM `blog` LIMIT 0,10   [ RunTime:0.0010s ]

[ 2017-08-09T19:04:58+08:00 ] 192.168.31.148 /mycms/index.php/Home/index/login
INFO: [ app_init ] --START--
INFO: Run Behavior\BuildLiteBehavior [ RunTime:0.000000s ]
INFO: [ app_init ] --END-- [ RunTime:0.001000s ]
INFO: [ app_begin ] --START--
INFO: Run Behavior\ReadHtmlCacheBehavior [ RunTime:0.001000s ]
INFO: [ app_begin ] --END-- [ RunTime:0.001000s ]
SQL: SHOW COLUMNS FROM `customer` [ RunTime:0.0180s ]
SQL: SELECT * FROM `customer` WHERE `name` = 'huang' AND `pass` = 'huang'  [ RunTime:0.0010s ]

[ 2017-08-09T19:05:00+08:00 ] 192.168.31.148 /mycms/index.php/Home/blog/blogList
INFO: [ app_init ] --START--
INFO: Run Behavior\BuildLiteBehavior [ RunTime:0.000000s ]
INFO: [ app_init ] --END-- [ RunTime:0.001000s ]
INFO: [ app_begin ] --START--
INFO: Run Behavior\ReadHtmlCacheBehavior [ RunTime:0.001000s ]
INFO: [ app_begin ] --END-- [ RunTime:0.001000s ]
SQL: SHOW COLUMNS FROM `blog` [ RunTime:0.0170s ]
SQL: SELECT * FROM `blog` LIMIT 0,10   [ RunTime:0.0000s ]

[ 2017-08-09T19:07:00+08:00 ] 192.168.31.208 /mycms/index.php/Home/Blog/blogList/typeId/0/pageId/0/customerid/1.html
INFO: [ app_init ] --START--
INFO: Run Behavior\BuildLiteBehavior [ RunTime:0.000000s ]
INFO: [ app_init ] --END-- [ RunTime:0.000000s ]
INFO: [ app_begin ] --START--
INFO: Run Behavior\ReadHtmlCacheBehavior [ RunTime:0.001000s ]
INFO: [ app_begin ] --END-- [ RunTime:0.001000s ]
SQL: SHOW COLUMNS FROM `blog` [ RunTime:0.0200s ]
SQL: SELECT * FROM `blog` LIMIT 0,10   [ RunTime:0.0010s ]

[ 2017-08-09T19:10:24+08:00 ] 192.168.31.208 /mycms/index.php/Home/Blog/blogList/typeId/0/pageId/0/customerid/1.html
INFO: [ app_init ] --START--
INFO: Run Behavior\BuildLiteBehavior [ RunTime:0.000000s ]
INFO: [ app_init ] --END-- [ RunTime:0.003000s ]
INFO: [ app_begin ] --START--
INFO: Run Behavior\ReadHtmlCacheBehavior [ RunTime:0.002000s ]
INFO: [ app_begin ] --END-- [ RunTime:0.002000s ]

[ 2017-08-09T19:10:47+08:00 ] 192.168.31.208 /mycms/index.php/Home/Blog/blogList/typeId/0/pageId/0/customerid/1.html
INFO: [ app_init ] --START--
INFO: Run Behavior\BuildLiteBehavior [ RunTime:0.000000s ]
INFO: [ app_init ] --END-- [ RunTime:0.001000s ]
INFO: [ app_begin ] --START--
INFO: Run Behavior\ReadHtmlCacheBehavior [ RunTime:0.001000s ]
INFO: [ app_begin ] --END-- [ RunTime:0.001000s ]
SQL: SHOW COLUMNS FROM `blog` [ RunTime:0.0200s ]
SQL: SELECT * FROM `blog` LIMIT 0,10   [ RunTime:0.0010s ]
NOTIC: [8] Use of undefined constant isList - assumed 'isList' C:\xampp\htdocs\mycms\Application\Home\Controller\BaseController.class.php 第 52 行.

[ 2017-08-09T19:11:30+08:00 ] 192.168.31.148 /mycms/index.php/Home/blog/blogList
INFO: [ app_init ] --START--
INFO: Run Behavior\BuildLiteBehavior [ RunTime:0.000000s ]
INFO: [ app_init ] --END-- [ RunTime:0.001000s ]
INFO: [ app_begin ] --START--
INFO: Run Behavior\ReadHtmlCacheBehavior [ RunTime:0.001000s ]
INFO: [ app_begin ] --END-- [ RunTime:0.002000s ]
SQL: SHOW COLUMNS FROM `blog` [ RunTime:0.0160s ]
SQL: SELECT * FROM `blog` LIMIT 0,10   [ RunTime:0.0010s ]
NOTIC: [8] Use of undefined constant isList - assumed 'isList' C:\xampp\htdocs\mycms\Application\Home\Controller\BaseController.class.php 第 52 行.

[ 2017-08-09T19:11:46+08:00 ] 192.168.31.148 /mycms/index.php/Home/blog/blogList
INFO: [ app_init ] --START--
INFO: Run Behavior\BuildLiteBehavior [ RunTime:0.000000s ]
INFO: [ app_init ] --END-- [ RunTime:0.001000s ]
INFO: [ app_begin ] --START--
INFO: Run Behavior\ReadHtmlCacheBehavior [ RunTime:0.000000s ]
INFO: [ app_begin ] --END-- [ RunTime:0.001000s ]
SQL: SHOW COLUMNS FROM `blog` [ RunTime:0.0880s ]
SQL: SELECT * FROM `blog` LIMIT 0,10   [ RunTime:0.0010s ]
NOTIC: [8] Use of undefined constant isList - assumed 'isList' C:\xampp\htdocs\mycms\Application\Home\Controller\BaseController.class.php 第 52 行.

[ 2017-08-09T19:12:44+08:00 ] 192.168.31.148 /mycms/index.php/Home/index/login
INFO: [ app_init ] --START--
INFO: Run Behavior\BuildLiteBehavior [ RunTime:0.000000s ]
INFO: [ app_init ] --END-- [ RunTime:0.001001s ]
INFO: [ app_begin ] --START--
INFO: Run Behavior\ReadHtmlCacheBehavior [ RunTime:0.001000s ]
INFO: [ app_begin ] --END-- [ RunTime:0.001000s ]
SQL: SHOW COLUMNS FROM `customer` [ RunTime:0.0200s ]
SQL: SELECT * FROM `customer` WHERE `name` = 'huang' AND `pass` = 'huang'  [ RunTime:0.0000s ]
NOTIC: [8] Use of undefined constant isList - assumed 'isList' C:\xampp\htdocs\mycms\Application\Home\Controller\BaseController.class.php 第 52 行.

[ 2017-08-09T19:12:46+08:00 ] 192.168.31.148 /mycms/index.php/Home/blog/blogList
INFO: [ app_init ] --START--
INFO: Run Behavior\BuildLiteBehavior [ RunTime:0.000000s ]
INFO: [ app_init ] --END-- [ RunTime:0.001000s ]
INFO: [ app_begin ] --START--
INFO: Run Behavior\ReadHtmlCacheBehavior [ RunTime:0.000000s ]
INFO: [ app_begin ] --END-- [ RunTime:0.001000s ]
SQL: SHOW COLUMNS FROM `blog` [ RunTime:0.0180s ]
SQL: SELECT * FROM `blog` LIMIT 0,10   [ RunTime:0.0000s ]
NOTIC: [8] Use of undefined constant isList - assumed 'isList' C:\xampp\htdocs\mycms\Application\Home\Controller\BaseController.class.php 第 52 行.

[ 2017-08-09T19:13:06+08:00 ] 192.168.31.208 /mycms/index.php/Home/Blog/blogList/typeId/0/pageId/0/customerid/1.html
INFO: [ app_init ] --START--
INFO: Run Behavior\BuildLiteBehavior [ RunTime:0.000000s ]
INFO: [ app_init ] --END-- [ RunTime:0.002000s ]
INFO: [ app_begin ] --START--
INFO: Run Behavior\ReadHtmlCacheBehavior [ RunTime:0.001000s ]
INFO: [ app_begin ] --END-- [ RunTime:0.001000s ]
SQL: SHOW COLUMNS FROM `blog` [ RunTime:0.0210s ]
SQL: SELECT * FROM `blog` LIMIT 0,10   [ RunTime:0.0000s ]
NOTIC: [8] Use of undefined constant isList - assumed 'isList' C:\xampp\htdocs\mycms\Application\Home\Controller\BaseController.class.php 第 52 行.

[ 2017-08-09T19:15:02+08:00 ] 192.168.31.148 /mycms/index.php/Home/blog/blogList
INFO: [ app_init ] --START--
INFO: Run Behavior\BuildLiteBehavior [ RunTime:0.000000s ]
INFO: [ app_init ] --END-- [ RunTime:0.000000s ]
INFO: [ app_begin ] --START--
INFO: Run Behavior\ReadHtmlCacheBehavior [ RunTime:0.000000s ]
INFO: [ app_begin ] --END-- [ RunTime:0.001000s ]
SQL: SHOW COLUMNS FROM `blog` [ RunTime:0.0170s ]
SQL: SELECT * FROM `blog` LIMIT 0,10   [ RunTime:0.0000s ]
NOTIC: [8] Use of undefined constant isList - assumed 'isList' C:\xampp\htdocs\mycms\Application\Home\Controller\BaseController.class.php 第 52 行.

[ 2017-08-09T19:15:07+08:00 ] 192.168.31.148 /mycms/index.php/Home/blog/blogList
INFO: [ app_init ] --START--
INFO: Run Behavior\BuildLiteBehavior [ RunTime:0.000000s ]
INFO: [ app_init ] --END-- [ RunTime:0.001000s ]
INFO: [ app_begin ] --START--
INFO: Run Behavior\ReadHtmlCacheBehavior [ RunTime:0.001000s ]
INFO: [ app_begin ] --END-- [ RunTime:0.001000s ]
SQL: SHOW COLUMNS FROM `blog` [ RunTime:0.0150s ]
SQL: SELECT * FROM `blog` LIMIT 0,10   [ RunTime:0.0010s ]
NOTIC: [8] Use of undefined constant isList - assumed 'isList' C:\xampp\htdocs\mycms\Application\Home\Controller\BaseController.class.php 第 52 行.

[ 2017-08-09T19:15:10+08:00 ] 192.168.31.148 /mycms/index.php/Home/blog/blogList
INFO: [ app_init ] --START--
INFO: Run Behavior\BuildLiteBehavior [ RunTime:0.000000s ]
INFO: [ app_init ] --END-- [ RunTime:0.000000s ]
INFO: [ app_begin ] --START--
INFO: Run Behavior\ReadHtmlCacheBehavior [ RunTime:0.000000s ]
INFO: [ app_begin ] --END-- [ RunTime:0.001000s ]
SQL: SHOW COLUMNS FROM `blog` [ RunTime:0.0780s ]
SQL: SELECT * FROM `blog` LIMIT 0,10   [ RunTime:0.0010s ]
NOTIC: [8] Use of undefined constant isList - assumed 'isList' C:\xampp\htdocs\mycms\Application\Home\Controller\BaseController.class.php 第 52 行.

[ 2017-08-09T19:15:13+08:00 ] 192.168.31.148 /mycms/index.php/Home/blog/blogList
INFO: [ app_init ] --START--
INFO: Run Behavior\BuildLiteBehavior [ RunTime:0.000000s ]
INFO: [ app_init ] --END-- [ RunTime:0.001001s ]
INFO: [ app_begin ] --START--
INFO: Run Behavior\ReadHtmlCacheBehavior [ RunTime:0.001000s ]
INFO: [ app_begin ] --END-- [ RunTime:0.001000s ]
SQL: SHOW COLUMNS FROM `blog` [ RunTime:0.0220s ]
SQL: SELECT * FROM `blog` LIMIT 0,10   [ RunTime:0.0010s ]
NOTIC: [8] Use of undefined constant isList - assumed 'isList' C:\xampp\htdocs\mycms\Application\Home\Controller\BaseController.class.php 第 52 行.

[ 2017-08-09T19:18:10+08:00 ] 192.168.31.148 /mycms/index.php/Home/index/login
INFO: [ app_init ] --START--
INFO: Run Behavior\BuildLiteBehavior [ RunTime:0.001000s ]
INFO: [ app_init ] --END-- [ RunTime:0.001000s ]
INFO: [ app_begin ] --START--
INFO: Run Behavior\ReadHtmlCacheBehavior [ RunTime:0.001000s ]
INFO: [ app_begin ] --END-- [ RunTime:0.001000s ]
SQL: SHOW COLUMNS FROM `customer` [ RunTime:0.0180s ]
SQL: SELECT * FROM `customer` WHERE `name` = 'huang' AND `pass` = 'huang'  [ RunTime:0.0010s ]
NOTIC: [8] Use of undefined constant isList - assumed 'isList' C:\xampp\htdocs\mycms\Application\Home\Controller\BaseController.class.php 第 52 行.

[ 2017-08-09T19:18:11+08:00 ] 192.168.31.148 /mycms/index.php/Home/blog/blogList
INFO: [ app_init ] --START--
INFO: Run Behavior\BuildLiteBehavior [ RunTime:0.000000s ]
INFO: [ app_init ] --END-- [ RunTime:0.000000s ]
INFO: [ app_begin ] --START--
INFO: Run Behavior\ReadHtmlCacheBehavior [ RunTime:0.001000s ]
INFO: [ app_begin ] --END-- [ RunTime:0.001000s ]
SQL: SHOW COLUMNS FROM `blog` [ RunTime:0.0130s ]
SQL: SELECT * FROM `blog` LIMIT 0,10   [ RunTime:0.0000s ]
NOTIC: [8] Use of undefined constant isList - assumed 'isList' C:\xampp\htdocs\mycms\Application\Home\Controller\BaseController.class.php 第 52 行.

[ 2017-08-09T19:21:18+08:00 ] 192.168.31.148 /mycms/index.php/Home/index/login
INFO: [ app_init ] --START--
INFO: Run Behavior\BuildLiteBehavior [ RunTime:0.000000s ]
INFO: [ app_init ] --END-- [ RunTime:0.001000s ]
INFO: [ app_begin ] --START--
INFO: Run Behavior\ReadHtmlCacheBehavior [ RunTime:0.001000s ]
INFO: [ app_begin ] --END-- [ RunTime:0.001000s ]
SQL: SHOW COLUMNS FROM `customer` [ RunTime:0.0150s ]
SQL: SELECT * FROM `customer` WHERE `name` = 'huang' AND `pass` = 'huang'  [ RunTime:0.0010s ]
NOTIC: [8] Use of undefined constant isList - assumed 'isList' C:\xampp\htdocs\mycms\Application\Home\Controller\BaseController.class.php 第 52 行.

[ 2017-08-09T19:21:20+08:00 ] 192.168.31.148 /mycms/index.php/Home/blog/blogList
INFO: [ app_init ] --START--
INFO: Run Behavior\BuildLiteBehavior [ RunTime:0.000000s ]
INFO: [ app_init ] --END-- [ RunTime:0.001000s ]
INFO: [ app_begin ] --START--
INFO: Run Behavior\ReadHtmlCacheBehavior [ RunTime:0.001000s ]
INFO: [ app_begin ] --END-- [ RunTime:0.001000s ]
SQL: SHOW COLUMNS FROM `blog` [ RunTime:0.0170s ]
SQL: SELECT * FROM `blog` LIMIT 0,10   [ RunTime:0.0010s ]
NOTIC: [8] Use of undefined constant isList - assumed 'isList' C:\xampp\htdocs\mycms\Application\Home\Controller\BaseController.class.php 第 52 行.

[ 2017-08-09T19:26:08+08:00 ] 192.168.31.148 /mycms/index.php/Home/index/login
INFO: [ app_init ] --START--
INFO: Run Behavior\BuildLiteBehavior [ RunTime:0.000000s ]
INFO: [ app_init ] --END-- [ RunTime:0.000000s ]
INFO: [ app_begin ] --START--
INFO: Run Behavior\ReadHtmlCacheBehavior [ RunTime:0.001000s ]
INFO: [ app_begin ] --END-- [ RunTime:0.001000s ]
SQL: SHOW COLUMNS FROM `customer` [ RunTime:0.0150s ]
SQL: SELECT * FROM `customer` WHERE `name` = 'huang' AND `pass` = 'huang'  [ RunTime:0.0000s ]
NOTIC: [8] Use of undefined constant isList - assumed 'isList' C:\xampp\htdocs\mycms\Application\Home\Controller\BaseController.class.php 第 52 行.

[ 2017-08-09T19:26:09+08:00 ] 192.168.31.148 /mycms/index.php/Home/blog/blogList
INFO: [ app_init ] --START--
INFO: Run Behavior\BuildLiteBehavior [ RunTime:0.000000s ]
INFO: [ app_init ] --END-- [ RunTime:0.001000s ]
INFO: [ app_begin ] --START--
INFO: Run Behavior\ReadHtmlCacheBehavior [ RunTime:0.001001s ]
INFO: [ app_begin ] --END-- [ RunTime:0.001001s ]
SQL: SHOW COLUMNS FROM `blog` [ RunTime:0.0140s ]
SQL: SELECT * FROM `blog` LIMIT 0,10   [ RunTime:0.0000s ]
NOTIC: [8] Use of undefined constant isList - assumed 'isList' C:\xampp\htdocs\mycms\Application\Home\Controller\BaseController.class.php 第 52 行.

[ 2017-08-09T19:28:08+08:00 ] 192.168.31.208 /mycms/index.php/Home/Blog/blogList/typeId/0/pageId/0/customerid/1.html
INFO: [ app_init ] --START--
INFO: Run Behavior\BuildLiteBehavior [ RunTime:0.000000s ]
INFO: [ app_init ] --END-- [ RunTime:0.003000s ]
INFO: [ app_begin ] --START--
INFO: Run Behavior\ReadHtmlCacheBehavior [ RunTime:0.001000s ]
INFO: [ app_begin ] --END-- [ RunTime:0.001000s ]
SQL: SHOW COLUMNS FROM `blog` [ RunTime:0.0150s ]
SQL: SELECT * FROM `blog` LIMIT 0,10   [ RunTime:0.0000s ]
NOTIC: [8] Use of undefined constant isList - assumed 'isList' C:\xampp\htdocs\mycms\Application\Home\Controller\BaseController.class.php 第 52 行.

[ 2017-08-09T19:29:19+08:00 ] 192.168.31.148 /mycms/index.php/Home/index/login
INFO: [ app_init ] --START--
INFO: Run Behavior\BuildLiteBehavior [ RunTime:0.000000s ]
INFO: [ app_init ] --END-- [ RunTime:0.001000s ]
INFO: [ app_begin ] --START--
INFO: Run Behavior\ReadHtmlCacheBehavior [ RunTime:0.001000s ]
INFO: [ app_begin ] --END-- [ RunTime:0.001000s ]
SQL: SHOW COLUMNS FROM `customer` [ RunTime:0.0220s ]
SQL: SELECT * FROM `customer` WHERE `name` = 'huang' AND `pass` = 'huang'  [ RunTime:0.0000s ]
NOTIC: [8] Use of undefined constant isList - assumed 'isList' C:\xampp\htdocs\mycms\Application\Home\Controller\BaseController.class.php 第 52 行.

[ 2017-08-09T19:29:24+08:00 ] 192.168.31.148 /mycms/index.php/Home/index/login
INFO: [ app_init ] --START--
INFO: Run Behavior\BuildLiteBehavior [ RunTime:0.000000s ]
INFO: [ app_init ] --END-- [ RunTime:0.001000s ]
INFO: [ app_begin ] --START--
INFO: Run Behavior\ReadHtmlCacheBehavior [ RunTime:0.001000s ]
INFO: [ app_begin ] --END-- [ RunTime:0.001000s ]
SQL: SHOW COLUMNS FROM `customer` [ RunTime:0.0190s ]
SQL: SELECT * FROM `customer` WHERE `name` = 'huang' AND `pass` = 'huang'  [ RunTime:0.0010s ]
NOTIC: [8] Use of undefined constant isList - assumed 'isList' C:\xampp\htdocs\mycms\Application\Home\Controller\BaseController.class.php 第 52 行.

[ 2017-08-09T20:02:47+08:00 ] 192.168.31.148 /mycms/index.php/Home/index/login
INFO: [ app_init ] --START--
INFO: Run Behavior\BuildLiteBehavior [ RunTime:0.000000s ]
INFO: [ app_init ] --END-- [ RunTime:0.001000s ]
INFO: [ app_begin ] --START--
INFO: Run Behavior\ReadHtmlCacheBehavior [ RunTime:0.002001s ]
INFO: [ app_begin ] --END-- [ RunTime:0.002001s ]
SQL: SHOW COLUMNS FROM `customer` [ RunTime:0.0230s ]
SQL: SELECT * FROM `customer` WHERE `name` = 'huang' AND `pass` = 'huang'  [ RunTime:0.0000s ]
NOTIC: [8] Use of undefined constant isList - assumed 'isList' C:\xampp\htdocs\mycms\Application\Home\Controller\BaseController.class.php 第 52 行.

[ 2017-08-09T20:02:48+08:00 ] 192.168.31.148 /mycms/index.php/Home/blog/blogList
INFO: [ app_init ] --START--
INFO: Run Behavior\BuildLiteBehavior [ RunTime:0.000000s ]
INFO: [ app_init ] --END-- [ RunTime:0.001000s ]
INFO: [ app_begin ] --START--
INFO: Run Behavior\ReadHtmlCacheBehavior [ RunTime:0.001000s ]
INFO: [ app_begin ] --END-- [ RunTime:0.001000s ]
SQL: SHOW COLUMNS FROM `blog` [ RunTime:0.0160s ]
SQL: SELECT * FROM `blog` LIMIT 0,10   [ RunTime:0.0010s ]
NOTIC: [8] Use of undefined constant isList - assumed 'isList' C:\xampp\htdocs\mycms\Application\Home\Controller\BaseController.class.php 第 52 行.

[ 2017-08-09T20:03:09+08:00 ] 192.168.31.148 /mycms/index.php/Home/index/login
INFO: [ app_init ] --START--
INFO: Run Behavior\BuildLiteBehavior [ RunTime:0.000000s ]
INFO: [ app_init ] --END-- [ RunTime:0.000000s ]
INFO: [ app_begin ] --START--
INFO: Run Behavior\ReadHtmlCacheBehavior [ RunTime:0.001000s ]
INFO: [ app_begin ] --END-- [ RunTime:0.001000s ]
SQL: SHOW COLUMNS FROM `customer` [ RunTime:0.0210s ]
SQL: SELECT * FROM `customer` WHERE `name` = 'huang' AND `pass` = 'huang'  [ RunTime:0.0010s ]
NOTIC: [8] Use of undefined constant isList - assumed 'isList' C:\xampp\htdocs\mycms\Application\Home\Controller\BaseController.class.php 第 52 行.

[ 2017-08-09T20:03:10+08:00 ] 192.168.31.148 /mycms/index.php/Home/blog/blogList
INFO: [ app_init ] --START--
INFO: Run Behavior\BuildLiteBehavior [ RunTime:0.000000s ]
INFO: [ app_init ] --END-- [ RunTime:0.000000s ]
INFO: [ app_begin ] --START--
INFO: Run Behavior\ReadHtmlCacheBehavior [ RunTime:0.001000s ]
INFO: [ app_begin ] --END-- [ RunTime:0.001000s ]
SQL: SHOW COLUMNS FROM `blog` [ RunTime:0.0180s ]
SQL: SELECT * FROM `blog` LIMIT 0,10   [ RunTime:0.0010s ]
NOTIC: [8] Use of undefined constant isList - assumed 'isList' C:\xampp\htdocs\mycms\Application\Home\Controller\BaseController.class.php 第 52 行.

[ 2017-08-09T20:03:18+08:00 ] 192.168.31.148 /mycms/index.php/Home/blog/blogList
INFO: [ app_init ] --START--
INFO: Run Behavior\BuildLiteBehavior [ RunTime:0.000000s ]
INFO: [ app_init ] --END-- [ RunTime:0.001000s ]
INFO: [ app_begin ] --START--
INFO: Run Behavior\ReadHtmlCacheBehavior [ RunTime:0.001000s ]
INFO: [ app_begin ] --END-- [ RunTime:0.001000s ]
SQL: SHOW COLUMNS FROM `blog` [ RunTime:0.0180s ]
SQL: SELECT * FROM `blog` LIMIT 0,10   [ RunTime:0.0000s ]
NOTIC: [8] Use of undefined constant isList - assumed 'isList' C:\xampp\htdocs\mycms\Application\Home\Controller\BaseController.class.php 第 52 行.

[ 2017-08-09T20:05:47+08:00 ] 192.168.31.148 /mycms/index.php/Home/index/login
INFO: [ app_init ] --START--
INFO: Run Behavior\BuildLiteBehavior [ RunTime:0.000000s ]
INFO: [ app_init ] --END-- [ RunTime:0.001001s ]
INFO: [ app_begin ] --START--
INFO: Run Behavior\ReadHtmlCacheBehavior [ RunTime:0.001000s ]
INFO: [ app_begin ] --END-- [ RunTime:0.001000s ]
SQL: SHOW COLUMNS FROM `customer` [ RunTime:0.0210s ]
SQL: SELECT * FROM `customer` WHERE `name` = 'huang' AND `pass` = 'huang'  [ RunTime:0.0010s ]
NOTIC: [8] Use of undefined constant isList - assumed 'isList' C:\xampp\htdocs\mycms\Application\Home\Controller\BaseController.class.php 第 52 行.

[ 2017-08-09T20:05:49+08:00 ] 192.168.31.148 /mycms/index.php/Home/blog/blogList
INFO: [ app_init ] --START--
INFO: Run Behavior\BuildLiteBehavior [ RunTime:0.000000s ]
INFO: [ app_init ] --END-- [ RunTime:0.001000s ]
INFO: [ app_begin ] --START--
INFO: Run Behavior\ReadHtmlCacheBehavior [ RunTime:0.001001s ]
INFO: [ app_begin ] --END-- [ RunTime:0.001001s ]
SQL: SHOW COLUMNS FROM `blog` [ RunTime:0.0190s ]
SQL: SELECT * FROM `blog` LIMIT 0,10   [ RunTime:0.0010s ]
NOTIC: [8] Use of undefined constant isList - assumed 'isList' C:\xampp\htdocs\mycms\Application\Home\Controller\BaseController.class.php 第 52 行.

[ 2017-08-09T20:07:18+08:00 ] 192.168.31.148 /mycms/index.php/Home/blog/blogList
INFO: [ app_init ] --START--
INFO: Run Behavior\BuildLiteBehavior [ RunTime:0.000000s ]
INFO: [ app_init ] --END-- [ RunTime:0.001000s ]
INFO: [ app_begin ] --START--
INFO: Run Behavior\ReadHtmlCacheBehavior [ RunTime:0.001000s ]
INFO: [ app_begin ] --END-- [ RunTime:0.001000s ]
SQL: SHOW COLUMNS FROM `blog` [ RunTime:0.0160s ]
SQL: SELECT * FROM `blog` LIMIT 0,10   [ RunTime:0.0010s ]
NOTIC: [8] Use of undefined constant isList - assumed 'isList' C:\xampp\htdocs\mycms\Application\Home\Controller\BaseController.class.php 第 52 行.

[ 2017-08-09T20:07:22+08:00 ] 192.168.31.148 /mycms/index.php/Home/blog/blogList
INFO: [ app_init ] --START--
INFO: Run Behavior\BuildLiteBehavior [ RunTime:0.000000s ]
INFO: [ app_init ] --END-- [ RunTime:0.001000s ]
INFO: [ app_begin ] --START--
INFO: Run Behavior\ReadHtmlCacheBehavior [ RunTime:0.001000s ]
INFO: [ app_begin ] --END-- [ RunTime:0.001000s ]
SQL: SHOW COLUMNS FROM `blog` [ RunTime:0.0170s ]
SQL: SELECT * FROM `blog` LIMIT 0,10   [ RunTime:0.0010s ]
NOTIC: [8] Use of undefined constant isList - assumed 'isList' C:\xampp\htdocs\mycms\Application\Home\Controller\BaseController.class.php 第 52 行.

[ 2017-08-09T20:07:55+08:00 ] 192.168.31.148 /mycms/index.php/Home/index/login
INFO: [ app_init ] --START--
INFO: Run Behavior\BuildLiteBehavior [ RunTime:0.000000s ]
INFO: [ app_init ] --END-- [ RunTime:0.001000s ]
INFO: [ app_begin ] --START--
INFO: Run Behavior\ReadHtmlCacheBehavior [ RunTime:0.001000s ]
INFO: [ app_begin ] --END-- [ RunTime:0.001000s ]
SQL: SHOW COLUMNS FROM `customer` [ RunTime:0.0220s ]
SQL: SELECT * FROM `customer` WHERE `name` = 'huang' AND `pass` = 'huang'  [ RunTime:0.0010s ]
NOTIC: [8] Use of undefined constant isList - assumed 'isList' C:\xampp\htdocs\mycms\Application\Home\Controller\BaseController.class.php 第 52 行.

[ 2017-08-09T20:07:57+08:00 ] 192.168.31.148 /mycms/index.php/Home/blog/blogList
INFO: [ app_init ] --START--
INFO: Run Behavior\BuildLiteBehavior [ RunTime:0.000000s ]
INFO: [ app_init ] --END-- [ RunTime:0.001000s ]
INFO: [ app_begin ] --START--
INFO: Run Behavior\ReadHtmlCacheBehavior [ RunTime:0.001000s ]
INFO: [ app_begin ] --END-- [ RunTime:0.001000s ]
SQL: SHOW COLUMNS FROM `blog` [ RunTime:0.0150s ]
SQL: SELECT * FROM `blog` LIMIT 0,10   [ RunTime:0.0000s ]
NOTIC: [8] Use of undefined constant isList - assumed 'isList' C:\xampp\htdocs\mycms\Application\Home\Controller\BaseController.class.php 第 52 行.

[ 2017-08-09T20:11:17+08:00 ] 192.168.31.148 /mycms/index.php/Home/index/login
INFO: [ app_init ] --START--
INFO: Run Behavior\BuildLiteBehavior [ RunTime:0.000000s ]
INFO: [ app_init ] --END-- [ RunTime:0.001000s ]
INFO: [ app_begin ] --START--
INFO: Run Behavior\ReadHtmlCacheBehavior [ RunTime:0.000000s ]
INFO: [ app_begin ] --END-- [ RunTime:0.001000s ]
SQL: SHOW COLUMNS FROM `customer` [ RunTime:0.0190s ]
SQL: SELECT * FROM `customer` WHERE `name` = 'huang' AND `pass` = 'huang'  [ RunTime:0.0010s ]
NOTIC: [8] Use of undefined constant isList - assumed 'isList' C:\xampp\htdocs\mycms\Application\Home\Controller\BaseController.class.php 第 52 行.

[ 2017-08-09T20:11:18+08:00 ] 192.168.31.148 /mycms/index.php/Home/blog/blogList
INFO: [ app_init ] --START--
INFO: Run Behavior\BuildLiteBehavior [ RunTime:0.000000s ]
INFO: [ app_init ] --END-- [ RunTime:0.001000s ]
INFO: [ app_begin ] --START--
INFO: Run Behavior\ReadHtmlCacheBehavior [ RunTime:0.001000s ]
INFO: [ app_begin ] --END-- [ RunTime:0.001000s ]
SQL: SHOW COLUMNS FROM `blog` [ RunTime:0.0820s ]
SQL: SELECT * FROM `blog` LIMIT 0,10   [ RunTime:0.0010s ]
NOTIC: [8] Use of undefined constant isList - assumed 'isList' C:\xampp\htdocs\mycms\Application\Home\Controller\BaseController.class.php 第 52 行.

[ 2017-08-09T20:14:58+08:00 ] 192.168.31.148 /mycms/index.php/Home/blog/blogList
INFO: [ app_init ] --START--
INFO: Run Behavior\BuildLiteBehavior [ RunTime:0.000000s ]
INFO: [ app_init ] --END-- [ RunTime:0.001000s ]
INFO: [ app_begin ] --START--
INFO: Run Behavior\ReadHtmlCacheBehavior [ RunTime:0.001000s ]
INFO: [ app_begin ] --END-- [ RunTime:0.001000s ]
SQL: SHOW COLUMNS FROM `blog` [ RunTime:0.0150s ]
SQL: SELECT * FROM `blog` LIMIT 0,10   [ RunTime:0.0010s ]
NOTIC: [8] Use of undefined constant isList - assumed 'isList' C:\xampp\htdocs\mycms\Application\Home\Controller\BaseController.class.php 第 52 行.

[ 2017-08-09T20:20:31+08:00 ] 192.168.31.148 /mycms/index.php/Home/index/login
INFO: [ app_init ] --START--
INFO: Run Behavior\BuildLiteBehavior [ RunTime:0.000000s ]
INFO: [ app_init ] --END-- [ RunTime:0.000000s ]
INFO: [ app_begin ] --START--
INFO: Run Behavior\ReadHtmlCacheBehavior [ RunTime:0.001000s ]
INFO: [ app_begin ] --END-- [ RunTime:0.002000s ]
SQL: SHOW COLUMNS FROM `customer` [ RunTime:0.0200s ]
SQL: SELECT * FROM `customer` WHERE `name` = 'huang' AND `pass` = 'huang'  [ RunTime:0.0010s ]
NOTIC: [8] Use of undefined constant isList - assumed 'isList' C:\xampp\htdocs\mycms\Application\Home\Controller\BaseController.class.php 第 52 行.

[ 2017-08-09T20:20:32+08:00 ] 192.168.31.148 /mycms/index.php/Home/blog/blogList
INFO: [ app_init ] --START--
INFO: Run Behavior\BuildLiteBehavior [ RunTime:0.000000s ]
INFO: [ app_init ] --END-- [ RunTime:0.000000s ]
INFO: [ app_begin ] --START--
INFO: Run Behavior\ReadHtmlCacheBehavior [ RunTime:0.000000s ]
INFO: [ app_begin ] --END-- [ RunTime:0.000000s ]
SQL: SHOW COLUMNS FROM `blog` [ RunTime:0.0200s ]
SQL: SELECT * FROM `blog` LIMIT 0,10   [ RunTime:0.0010s ]
NOTIC: [8] Use of undefined constant isList - assumed 'isList' C:\xampp\htdocs\mycms\Application\Home\Controller\BaseController.class.php 第 52 行.

[ 2017-08-09T20:24:45+08:00 ] 192.168.31.148 /mycms/index.php/Home/index/login
INFO: [ app_init ] --START--
INFO: Run Behavior\BuildLiteBehavior [ RunTime:0.000000s ]
INFO: [ app_init ] --END-- [ RunTime:0.000000s ]
INFO: [ app_begin ] --START--
INFO: Run Behavior\ReadHtmlCacheBehavior [ RunTime:0.001000s ]
INFO: [ app_begin ] --END-- [ RunTime:0.001000s ]
SQL: SHOW COLUMNS FROM `customer` [ RunTime:0.0140s ]
SQL: SELECT * FROM `customer` WHERE `name` = 'huang' AND `pass` = 'huang'  [ RunTime:0.0010s ]
NOTIC: [8] Use of undefined constant isList - assumed 'isList' C:\xampp\htdocs\mycms\Application\Home\Controller\BaseController.class.php 第 52 行.

[ 2017-08-09T20:24:48+08:00 ] 192.168.31.148 /mycms/index.php/Home/index/login
INFO: [ app_init ] --START--
INFO: Run Behavior\BuildLiteBehavior [ RunTime:0.000000s ]
INFO: [ app_init ] --END-- [ RunTime:0.000000s ]
INFO: [ app_begin ] --START--
INFO: Run Behavior\ReadHtmlCacheBehavior [ RunTime:0.000000s ]
INFO: [ app_begin ] --END-- [ RunTime:0.001000s ]
SQL: SHOW COLUMNS FROM `customer` [ RunTime:0.0230s ]
SQL: SELECT * FROM `customer` WHERE `name` = 'huang' AND `pass` = 'huang'  [ RunTime:0.0010s ]
NOTIC: [8] Use of undefined constant isList - assumed 'isList' C:\xampp\htdocs\mycms\Application\Home\Controller\BaseController.class.php 第 52 行.

[ 2017-08-09T20:26:31+08:00 ] 192.168.31.208 /mycms/index.php/Home/Blog/blogList/typeId/0/pageId/0/customerid/1.html
INFO: [ app_init ] --START--
INFO: Run Behavior\BuildLiteBehavior [ RunTime:0.000000s ]
INFO: [ app_init ] --END-- [ RunTime:0.001000s ]
INFO: [ app_begin ] --START--
INFO: Run Behavior\ReadHtmlCacheBehavior [ RunTime:0.001000s ]
INFO: [ app_begin ] --END-- [ RunTime:0.001000s ]
SQL: SHOW COLUMNS FROM `blog` [ RunTime:0.0190s ]
SQL: SELECT * FROM `blog` LIMIT 0,10   [ RunTime:0.0000s ]
NOTIC: [8] Use of undefined constant isList - assumed 'isList' C:\xampp\htdocs\mycms\Application\Home\Controller\BaseController.class.php 第 52 行.

[ 2017-08-09T20:31:50+08:00 ] 192.168.31.148 /mycms/index.php/Home/index/login
INFO: [ app_init ] --START--
INFO: Run Behavior\BuildLiteBehavior [ RunTime:0.000000s ]
INFO: [ app_init ] --END-- [ RunTime:0.000000s ]
INFO: [ app_begin ] --START--
INFO: Run Behavior\ReadHtmlCacheBehavior [ RunTime:0.001000s ]
INFO: [ app_begin ] --END-- [ RunTime:0.001000s ]
SQL: SHOW COLUMNS FROM `customer` [ RunTime:0.0160s ]
SQL: SELECT * FROM `customer` WHERE `name` = 'huang' AND `pass` = 'huang'  [ RunTime:0.0010s ]
NOTIC: [8] Use of undefined constant isList - assumed 'isList' C:\xampp\htdocs\mycms\Application\Home\Controller\BaseController.class.php 第 52 行.

[ 2017-08-09T20:31:51+08:00 ] 192.168.31.148 /mycms/index.php/Home/blog/blogList
INFO: [ app_init ] --START--
INFO: Run Behavior\BuildLiteBehavior [ RunTime:0.000000s ]
INFO: [ app_init ] --END-- [ RunTime:0.001000s ]
INFO: [ app_begin ] --START--
INFO: Run Behavior\ReadHtmlCacheBehavior [ RunTime:0.001000s ]
INFO: [ app_begin ] --END-- [ RunTime:0.001000s ]
SQL: SHOW COLUMNS FROM `blog` [ RunTime:0.0140s ]
SQL: SELECT * FROM `blog` LIMIT 0,10   [ RunTime:0.0000s ]
NOTIC: [8] Use of undefined constant isList - assumed 'isList' C:\xampp\htdocs\mycms\Application\Home\Controller\BaseController.class.php 第 52 行.

[ 2017-08-09T20:32:40+08:00 ] 192.168.31.208 /mycms/index.php/Home/Blog/blogList/typeId/0/pageId/0/customerid/1.html
INFO: [ app_init ] --START--
INFO: Run Behavior\BuildLiteBehavior [ RunTime:0.000000s ]
INFO: [ app_init ] --END-- [ RunTime:0.001000s ]
INFO: [ app_begin ] --START--
INFO: Run Behavior\ReadHtmlCacheBehavior [ RunTime:0.002000s ]
INFO: [ app_begin ] --END-- [ RunTime:0.002000s ]
SQL: SHOW COLUMNS FROM `blog` [ RunTime:0.0130s ]
SQL: SELECT * FROM `blog` LIMIT 0,10   [ RunTime:0.0010s ]
NOTIC: [8] Use of undefined constant isList - assumed 'isList' C:\xampp\htdocs\mycms\Application\Home\Controller\BaseController.class.php 第 52 行.

[ 2017-08-09T20:32:42+08:00 ] 192.168.31.208 /mycms/index.php/Home/Blog/blogList/typeId/0/pageId/0/customerid/1.html
INFO: [ app_init ] --START--
INFO: Run Behavior\BuildLiteBehavior [ RunTime:0.000000s ]
INFO: [ app_init ] --END-- [ RunTime:0.001000s ]
INFO: [ app_begin ] --START--
INFO: Run Behavior\ReadHtmlCacheBehavior [ RunTime:0.001000s ]
INFO: [ app_begin ] --END-- [ RunTime:0.001000s ]
SQL: SHOW COLUMNS FROM `blog` [ RunTime:0.0150s ]
SQL: SELECT * FROM `blog` LIMIT 0,10   [ RunTime:0.0000s ]
NOTIC: [8] Use of undefined constant isList - assumed 'isList' C:\xampp\htdocs\mycms\Application\Home\Controller\BaseController.class.php 第 52 行.

[ 2017-08-09T20:39:12+08:00 ] 192.168.31.148 /mycms/index.php/Home/index/login
INFO: [ app_init ] --START--
INFO: Run Behavior\BuildLiteBehavior [ RunTime:0.000000s ]
INFO: [ app_init ] --END-- [ RunTime:0.000000s ]
INFO: [ app_begin ] --START--
INFO: Run Behavior\ReadHtmlCacheBehavior [ RunTime:0.001000s ]
INFO: [ app_begin ] --END-- [ RunTime:0.001000s ]
SQL: SHOW COLUMNS FROM `customer` [ RunTime:0.0180s ]
SQL: SELECT * FROM `customer` WHERE `name` = 'huang' AND `pass` = 'huang'  [ RunTime:0.0000s ]
NOTIC: [8] Use of undefined constant isList - assumed 'isList' C:\xampp\htdocs\mycms\Application\Home\Controller\BaseController.class.php 第 52 行.

[ 2017-08-09T20:39:13+08:00 ] 192.168.31.148 /mycms/index.php/Home/blog/blogList
INFO: [ app_init ] --START--
INFO: Run Behavior\BuildLiteBehavior [ RunTime:0.000000s ]
INFO: [ app_init ] --END-- [ RunTime:0.001000s ]
INFO: [ app_begin ] --START--
INFO: Run Behavior\ReadHtmlCacheBehavior [ RunTime:0.002000s ]
INFO: [ app_begin ] --END-- [ RunTime:0.002000s ]
SQL: SHOW COLUMNS FROM `blog` [ RunTime:0.0210s ]
SQL: SELECT * FROM `blog` LIMIT 0,10   [ RunTime:0.0010s ]
NOTIC: [8] Use of undefined constant isList - assumed 'isList' C:\xampp\htdocs\mycms\Application\Home\Controller\BaseController.class.php 第 52 行.

[ 2017-08-09T20:41:03+08:00 ] 192.168.31.148 /mycms/index.php/Home/index/login
INFO: [ app_init ] --START--
INFO: Run Behavior\BuildLiteBehavior [ RunTime:0.000000s ]
INFO: [ app_init ] --END-- [ RunTime:0.000000s ]
INFO: [ app_begin ] --START--
INFO: Run Behavior\ReadHtmlCacheBehavior [ RunTime:0.001000s ]
INFO: [ app_begin ] --END-- [ RunTime:0.002000s ]
SQL: SHOW COLUMNS FROM `customer` [ RunTime:0.0200s ]
SQL: SELECT * FROM `customer` WHERE `name` = 'huang' AND `pass` = 'huang'  [ RunTime:0.0020s ]
NOTIC: [8] Use of undefined constant isList - assumed 'isList' C:\xampp\htdocs\mycms\Application\Home\Controller\BaseController.class.php 第 52 行.

[ 2017-08-09T20:41:04+08:00 ] 192.168.31.148 /mycms/index.php/Home/blog/blogList
INFO: [ app_init ] --START--
INFO: Run Behavior\BuildLiteBehavior [ RunTime:0.000000s ]
INFO: [ app_init ] --END-- [ RunTime:0.001000s ]
INFO: [ app_begin ] --START--
INFO: Run Behavior\ReadHtmlCacheBehavior [ RunTime:0.001000s ]
INFO: [ app_begin ] --END-- [ RunTime:0.001000s ]
SQL: SHOW COLUMNS FROM `blog` [ RunTime:0.0250s ]
SQL: SELECT * FROM `blog` LIMIT 0,10   [ RunTime:0.0010s ]
NOTIC: [8] Use of undefined constant isList - assumed 'isList' C:\xampp\htdocs\mycms\Application\Home\Controller\BaseController.class.php 第 52 行.

[ 2017-08-09T20:42:44+08:00 ] 192.168.31.148 /mycms/index.php/Home/index/login
INFO: [ app_init ] --START--
INFO: Run Behavior\BuildLiteBehavior [ RunTime:0.000000s ]
INFO: [ app_init ] --END-- [ RunTime:0.000000s ]
INFO: [ app_begin ] --START--
INFO: Run Behavior\ReadHtmlCacheBehavior [ RunTime:0.002000s ]
INFO: [ app_begin ] --END-- [ RunTime:0.002000s ]
SQL: SHOW COLUMNS FROM `customer` [ RunTime:0.0380s ]
SQL: SELECT * FROM `customer` WHERE `name` = 'huang' AND `pass` = 'huang'  [ RunTime:0.0010s ]
NOTIC: [8] Use of undefined constant isList - assumed 'isList' C:\xampp\htdocs\mycms\Application\Home\Controller\BaseController.class.php 第 52 行.

[ 2017-08-09T20:42:46+08:00 ] 192.168.31.148 /mycms/index.php/Home/blog/blogList
INFO: [ app_init ] --START--
INFO: Run Behavior\BuildLiteBehavior [ RunTime:0.000000s ]
INFO: [ app_init ] --END-- [ RunTime:0.000000s ]
INFO: [ app_begin ] --START--
INFO: Run Behavior\ReadHtmlCacheBehavior [ RunTime:0.001000s ]
INFO: [ app_begin ] --END-- [ RunTime:0.001000s ]
SQL: SHOW COLUMNS FROM `blog` [ RunTime:0.0180s ]
SQL: SELECT * FROM `blog` LIMIT 0,10   [ RunTime:0.0010s ]
NOTIC: [8] Use of undefined constant isList - assumed 'isList' C:\xampp\htdocs\mycms\Application\Home\Controller\BaseController.class.php 第 52 行.

[ 2017-08-09T20:45:06+08:00 ] 192.168.31.148 /mycms/index.php/Home/index/login
INFO: [ app_init ] --START--
INFO: Run Behavior\BuildLiteBehavior [ RunTime:0.000000s ]
INFO: [ app_init ] --END-- [ RunTime:0.001000s ]
INFO: [ app_begin ] --START--
INFO: Run Behavior\ReadHtmlCacheBehavior [ RunTime:0.001000s ]
INFO: [ app_begin ] --END-- [ RunTime:0.001000s ]
SQL: SHOW COLUMNS FROM `customer` [ RunTime:0.0160s ]
SQL: SELECT * FROM `customer` WHERE `name` = 'huang' AND `pass` = 'huang'  [ RunTime:0.0000s ]
NOTIC: [8] Use of undefined constant isList - assumed 'isList' C:\xampp\htdocs\mycms\Application\Home\Controller\BaseController.class.php 第 52 行.

[ 2017-08-09T20:45:07+08:00 ] 192.168.31.148 /mycms/index.php/Home/blog/blogList
INFO: [ app_init ] --START--
INFO: Run Behavior\BuildLiteBehavior [ RunTime:0.000000s ]
INFO: [ app_init ] --END-- [ RunTime:0.000000s ]
INFO: [ app_begin ] --START--
INFO: Run Behavior\ReadHtmlCacheBehavior [ RunTime:0.001000s ]
INFO: [ app_begin ] --END-- [ RunTime:0.001000s ]
SQL: SHOW COLUMNS FROM `blog` [ RunTime:0.0170s ]
SQL: SELECT * FROM `blog` LIMIT 0,10   [ RunTime:0.0010s ]
NOTIC: [8] Use of undefined constant isList - assumed 'isList' C:\xampp\htdocs\mycms\Application\Home\Controller\BaseController.class.php 第 52 行.

[ 2017-08-09T20:47:56+08:00 ] 192.168.31.148 /mycms/index.php/Home/index/login
INFO: [ app_init ] --START--
INFO: Run Behavior\BuildLiteBehavior [ RunTime:0.000000s ]
INFO: [ app_init ] --END-- [ RunTime:0.000000s ]
INFO: [ app_begin ] --START--
INFO: Run Behavior\ReadHtmlCacheBehavior [ RunTime:0.001000s ]
INFO: [ app_begin ] --END-- [ RunTime:0.001000s ]
SQL: SHOW COLUMNS FROM `customer` [ RunTime:0.0150s ]
SQL: SELECT * FROM `customer` WHERE `name` = 'huang' AND `pass` = 'huang'  [ RunTime:0.0010s ]
NOTIC: [8] Use of undefined constant isList - assumed 'isList' C:\xampp\htdocs\mycms\Application\Home\Controller\BaseController.class.php 第 52 行.

[ 2017-08-09T20:47:58+08:00 ] 192.168.31.148 /mycms/index.php/Home/blog/blogList
INFO: [ app_init ] --START--
INFO: Run Behavior\BuildLiteBehavior [ RunTime:0.000000s ]
INFO: [ app_init ] --END-- [ RunTime:0.001000s ]
INFO: [ app_begin ] --START--
INFO: Run Behavior\ReadHtmlCacheBehavior [ RunTime:0.001001s ]
INFO: [ app_begin ] --END-- [ RunTime:0.001001s ]
SQL: SHOW COLUMNS FROM `blog` [ RunTime:0.0360s ]
SQL: SELECT * FROM `blog` LIMIT 0,10   [ RunTime:0.0010s ]
NOTIC: [8] Use of undefined constant isList - assumed 'isList' C:\xampp\htdocs\mycms\Application\Home\Controller\BaseController.class.php 第 52 行.

[ 2017-08-09T21:35:42+08:00 ] 192.168.31.148 /mycms/index.php/Home/index/login
INFO: [ app_init ] --START--
INFO: Run Behavior\BuildLiteBehavior [ RunTime:0.000000s ]
INFO: [ app_init ] --END-- [ RunTime:0.007001s ]
INFO: [ app_begin ] --START--
INFO: Run Behavior\ReadHtmlCacheBehavior [ RunTime:0.013001s ]
INFO: [ app_begin ] --END-- [ RunTime:0.013001s ]
SQL: SHOW COLUMNS FROM `customer` [ RunTime:0.0360s ]
SQL: SELECT * FROM `customer` WHERE `name` = 'huang' AND `pass` = 'huang'  [ RunTime:0.0010s ]
NOTIC: [8] Use of undefined constant isList - assumed 'isList' C:\xampp\htdocs\mycms\Application\Home\Controller\BaseController.class.php 第 52 行.

[ 2017-08-09T21:35:43+08:00 ] 192.168.31.148 /mycms/index.php/Home/blog/blogList
INFO: [ app_init ] --START--
INFO: Run Behavior\BuildLiteBehavior [ RunTime:0.000000s ]
INFO: [ app_init ] --END-- [ RunTime:0.000000s ]
INFO: [ app_begin ] --START--
INFO: Run Behavior\ReadHtmlCacheBehavior [ RunTime:0.000000s ]
INFO: [ app_begin ] --END-- [ RunTime:0.000000s ]
SQL: SHOW COLUMNS FROM `blog` [ RunTime:0.0150s ]
SQL: SELECT * FROM `blog` LIMIT 0,10   [ RunTime:0.0010s ]
NOTIC: [8] Use of undefined constant isList - assumed 'isList' C:\xampp\htdocs\mycms\Application\Home\Controller\BaseController.class.php 第 52 行.

[ 2017-08-09T21:40:21+08:00 ] 192.168.31.148 /mycms/index.php/Home/index/login
INFO: [ app_init ] --START--
INFO: Run Behavior\BuildLiteBehavior [ RunTime:0.000000s ]
INFO: [ app_init ] --END-- [ RunTime:0.001000s ]
INFO: [ app_begin ] --START--
INFO: Run Behavior\ReadHtmlCacheBehavior [ RunTime:0.001000s ]
INFO: [ app_begin ] --END-- [ RunTime:0.001000s ]
SQL: SHOW COLUMNS FROM `customer` [ RunTime:0.0200s ]
SQL: SELECT * FROM `customer` WHERE `name` = 'huang' AND `pass` = 'huang'  [ RunTime:0.0010s ]
NOTIC: [8] Use of undefined constant isList - assumed 'isList' C:\xampp\htdocs\mycms\Application\Home\Controller\BaseController.class.php 第 52 行.

[ 2017-08-09T21:40:22+08:00 ] 192.168.31.148 /mycms/index.php/Home/blog/blogList
INFO: [ app_init ] --START--
INFO: Run Behavior\BuildLiteBehavior [ RunTime:0.000000s ]
INFO: [ app_init ] --END-- [ RunTime:0.001000s ]
INFO: [ app_begin ] --START--
INFO: Run Behavior\ReadHtmlCacheBehavior [ RunTime:0.001000s ]
INFO: [ app_begin ] --END-- [ RunTime:0.001000s ]
SQL: SHOW COLUMNS FROM `blog` [ RunTime:0.0170s ]
SQL: SELECT * FROM `blog` LIMIT 0,10   [ RunTime:0.0000s ]
NOTIC: [8] Use of undefined constant isList - assumed 'isList' C:\xampp\htdocs\mycms\Application\Home\Controller\BaseController.class.php 第 52 行.

[ 2017-08-09T21:40:36+08:00 ] 192.168.31.148 /mycms/index.php/Home/index/login
INFO: [ app_init ] --START--
INFO: Run Behavior\BuildLiteBehavior [ RunTime:0.000000s ]
INFO: [ app_init ] --END-- [ RunTime:0.000000s ]
INFO: [ app_begin ] --START--
INFO: Run Behavior\ReadHtmlCacheBehavior [ RunTime:0.001000s ]
INFO: [ app_begin ] --END-- [ RunTime:0.001000s ]
SQL: SHOW COLUMNS FROM `customer` [ RunTime:0.0150s ]
SQL: SELECT * FROM `customer` WHERE `name` = 'huang' AND `pass` = 'huang'  [ RunTime:0.0010s ]
NOTIC: [8] Use of undefined constant isList - assumed 'isList' C:\xampp\htdocs\mycms\Application\Home\Controller\BaseController.class.php 第 52 行.

[ 2017-08-09T21:40:38+08:00 ] 192.168.31.148 /mycms/index.php/Home/blog/blogList
INFO: [ app_init ] --START--
INFO: Run Behavior\BuildLiteBehavior [ RunTime:0.000000s ]
INFO: [ app_init ] --END-- [ RunTime:0.001000s ]
INFO: [ app_begin ] --START--
INFO: Run Behavior\ReadHtmlCacheBehavior [ RunTime:0.000000s ]
INFO: [ app_begin ] --END-- [ RunTime:0.000000s ]
SQL: SHOW COLUMNS FROM `blog` [ RunTime:0.0150s ]
SQL: SELECT * FROM `blog` LIMIT 0,10   [ RunTime:0.0010s ]
NOTIC: [8] Use of undefined constant isList - assumed 'isList' C:\xampp\htdocs\mycms\Application\Home\Controller\BaseController.class.php 第 52 行.

[ 2017-08-09T21:40:43+08:00 ] 192.168.31.148 /mycms/index.php/Home/index/login
INFO: [ app_init ] --START--
INFO: Run Behavior\BuildLiteBehavior [ RunTime:0.000000s ]
INFO: [ app_init ] --END-- [ RunTime:0.000000s ]
INFO: [ app_begin ] --START--
INFO: Run Behavior\ReadHtmlCacheBehavior [ RunTime:0.001000s ]
INFO: [ app_begin ] --END-- [ RunTime:0.001000s ]
SQL: SHOW COLUMNS FROM `customer` [ RunTime:0.0240s ]
SQL: SELECT * FROM `customer` WHERE `name` = 'huang' AND `pass` = 'huang'  [ RunTime:0.0010s ]
NOTIC: [8] Use of undefined constant isList - assumed 'isList' C:\xampp\htdocs\mycms\Application\Home\Controller\BaseController.class.php 第 52 行.

[ 2017-08-09T21:40:44+08:00 ] 192.168.31.148 /mycms/index.php/Home/blog/blogList
INFO: [ app_init ] --START--
INFO: Run Behavior\BuildLiteBehavior [ RunTime:0.000000s ]
INFO: [ app_init ] --END-- [ RunTime:0.000000s ]
INFO: [ app_begin ] --START--
INFO: Run Behavior\ReadHtmlCacheBehavior [ RunTime:0.001000s ]
INFO: [ app_begin ] --END-- [ RunTime:0.001000s ]
SQL: SHOW COLUMNS FROM `blog` [ RunTime:0.0180s ]
SQL: SELECT * FROM `blog` LIMIT 0,10   [ RunTime:0.0010s ]
NOTIC: [8] Use of undefined constant isList - assumed 'isList' C:\xampp\htdocs\mycms\Application\Home\Controller\BaseController.class.php 第 52 行.

[ 2017-08-09T21:41:47+08:00 ] 192.168.31.148 /mycms/index.php/Home/index/login
INFO: [ app_init ] --START--
INFO: Run Behavior\BuildLiteBehavior [ RunTime:0.000000s ]
INFO: [ app_init ] --END-- [ RunTime:0.000000s ]
INFO: [ app_begin ] --START--
INFO: Run Behavior\ReadHtmlCacheBehavior [ RunTime:0.001000s ]
INFO: [ app_begin ] --END-- [ RunTime:0.001000s ]
SQL: SHOW COLUMNS FROM `customer` [ RunTime:0.0150s ]
SQL: SELECT * FROM `customer` WHERE `name` = 'huang' AND `pass` = 'huang'  [ RunTime:0.0000s ]
NOTIC: [8] Use of undefined constant isList - assumed 'isList' C:\xampp\htdocs\mycms\Application\Home\Controller\BaseController.class.php 第 52 行.

[ 2017-08-09T21:41:49+08:00 ] 192.168.31.148 /mycms/index.php/Home/blog/blogList
INFO: [ app_init ] --START--
INFO: Run Behavior\BuildLiteBehavior [ RunTime:0.000000s ]
INFO: [ app_init ] --END-- [ RunTime:0.000000s ]
INFO: [ app_begin ] --START--
INFO: Run Behavior\ReadHtmlCacheBehavior [ RunTime:0.001000s ]
INFO: [ app_begin ] --END-- [ RunTime:0.001000s ]
SQL: SHOW COLUMNS FROM `blog` [ RunTime:0.0140s ]
SQL: SELECT * FROM `blog` LIMIT 0,10   [ RunTime:0.0010s ]
NOTIC: [8] Use of undefined constant isList - assumed 'isList' C:\xampp\htdocs\mycms\Application\Home\Controller\BaseController.class.php 第 52 行.

[ 2017-08-09T21:41:53+08:00 ] 192.168.31.148 /mycms/index.php/Home/blog/blogList
INFO: [ app_init ] --START--
INFO: Run Behavior\BuildLiteBehavior [ RunTime:0.000000s ]
INFO: [ app_init ] --END-- [ RunTime:0.001000s ]
INFO: [ app_begin ] --START--
INFO: Run Behavior\ReadHtmlCacheBehavior [ RunTime:0.001000s ]
INFO: [ app_begin ] --END-- [ RunTime:0.001000s ]
SQL: SHOW COLUMNS FROM `blog` [ RunTime:0.0360s ]
SQL: SELECT * FROM `blog` LIMIT 0,10   [ RunTime:0.0000s ]
NOTIC: [8] Use of undefined constant isList - assumed 'isList' C:\xampp\htdocs\mycms\Application\Home\Controller\BaseController.class.php 第 52 行.

[ 2017-08-09T21:41:57+08:00 ] 192.168.31.148 /mycms/index.php/Home/blog/blogList
INFO: [ app_init ] --START--
INFO: Run Behavior\BuildLiteBehavior [ RunTime:0.000000s ]
INFO: [ app_init ] --END-- [ RunTime:0.001000s ]
INFO: [ app_begin ] --START--
INFO: Run Behavior\ReadHtmlCacheBehavior [ RunTime:0.001000s ]
INFO: [ app_begin ] --END-- [ RunTime:0.001000s ]
SQL: SHOW COLUMNS FROM `blog` [ RunTime:0.0160s ]
SQL: SELECT * FROM `blog` LIMIT 0,10   [ RunTime:0.0000s ]
NOTIC: [8] Use of undefined constant isList - assumed 'isList' C:\xampp\htdocs\mycms\Application\Home\Controller\BaseController.class.php 第 52 行.

[ 2017-08-09T21:42:03+08:00 ] 192.168.31.148 /mycms/index.php/Home/index/login
INFO: [ app_init ] --START--
INFO: Run Behavior\BuildLiteBehavior [ RunTime:0.000000s ]
INFO: [ app_init ] --END-- [ RunTime:0.001000s ]
INFO: [ app_begin ] --START--
INFO: Run Behavior\ReadHtmlCacheBehavior [ RunTime:0.001000s ]
INFO: [ app_begin ] --END-- [ RunTime:0.001000s ]
SQL: SHOW COLUMNS FROM `customer` [ RunTime:0.0220s ]
SQL: SELECT * FROM `customer` WHERE `name` = 'huang' AND `pass` = 'huang'  [ RunTime:0.0010s ]
NOTIC: [8] Use of undefined constant isList - assumed 'isList' C:\xampp\htdocs\mycms\Application\Home\Controller\BaseController.class.php 第 52 行.

[ 2017-08-09T21:42:04+08:00 ] 192.168.31.148 /mycms/index.php/Home/blog/blogList
INFO: [ app_init ] --START--
INFO: Run Behavior\BuildLiteBehavior [ RunTime:0.000000s ]
INFO: [ app_init ] --END-- [ RunTime:0.001000s ]
INFO: [ app_begin ] --START--
INFO: Run Behavior\ReadHtmlCacheBehavior [ RunTime:0.001000s ]
INFO: [ app_begin ] --END-- [ RunTime:0.001000s ]
SQL: SHOW COLUMNS FROM `blog` [ RunTime:0.0170s ]
SQL: SELECT * FROM `blog` LIMIT 0,10   [ RunTime:0.0010s ]
NOTIC: [8] Use of undefined constant isList - assumed 'isList' C:\xampp\htdocs\mycms\Application\Home\Controller\BaseController.class.php 第 52 行.

[ 2017-08-09T21:43:05+08:00 ] 192.168.31.148 /mycms/index.php/Home/index/login
INFO: [ app_init ] --START--
INFO: Run Behavior\BuildLiteBehavior [ RunTime:0.000000s ]
INFO: [ app_init ] --END-- [ RunTime:0.000000s ]
INFO: [ app_begin ] --START--
INFO: Run Behavior\ReadHtmlCacheBehavior [ RunTime:0.001000s ]
INFO: [ app_begin ] --END-- [ RunTime:0.001000s ]
SQL: SHOW COLUMNS FROM `customer` [ RunTime:0.0310s ]
SQL: SELECT * FROM `customer` WHERE `name` = 'huang' AND `pass` = 'huang'  [ RunTime:0.0010s ]
NOTIC: [8] Use of undefined constant isList - assumed 'isList' C:\xampp\htdocs\mycms\Application\Home\Controller\BaseController.class.php 第 52 行.

[ 2017-08-09T21:43:07+08:00 ] 192.168.31.148 /mycms/index.php/Home/blog/blogList
INFO: [ app_init ] --START--
INFO: Run Behavior\BuildLiteBehavior [ RunTime:0.000000s ]
INFO: [ app_init ] --END-- [ RunTime:0.000000s ]
INFO: [ app_begin ] --START--
INFO: Run Behavior\ReadHtmlCacheBehavior [ RunTime:0.001000s ]
INFO: [ app_begin ] --END-- [ RunTime:0.001000s ]
SQL: SHOW COLUMNS FROM `blog` [ RunTime:0.0150s ]
SQL: SELECT * FROM `blog` LIMIT 0,10   [ RunTime:0.0010s ]
NOTIC: [8] Use of undefined constant isList - assumed 'isList' C:\xampp\htdocs\mycms\Application\Home\Controller\BaseController.class.php 第 52 行.

[ 2017-08-09T21:43:45+08:00 ] 192.168.31.148 /mycms/index.php/Home/blog/blogList
INFO: [ app_init ] --START--
INFO: Run Behavior\BuildLiteBehavior [ RunTime:0.000000s ]
INFO: [ app_init ] --END-- [ RunTime:0.001000s ]
INFO: [ app_begin ] --START--
INFO: Run Behavior\ReadHtmlCacheBehavior [ RunTime:0.000000s ]
INFO: [ app_begin ] --END-- [ RunTime:0.001000s ]
SQL: SHOW COLUMNS FROM `blog` [ RunTime:0.0140s ]
SQL: SELECT * FROM `blog` LIMIT 0,10   [ RunTime:0.0010s ]
NOTIC: [8] Use of undefined constant isList - assumed 'isList' C:\xampp\htdocs\mycms\Application\Home\Controller\BaseController.class.php 第 52 行.

[ 2017-08-09T21:45:10+08:00 ] 192.168.31.148 /mycms/index.php/Home/blog/blogList
INFO: [ app_init ] --START--
INFO: Run Behavior\BuildLiteBehavior [ RunTime:0.000000s ]
INFO: [ app_init ] --END-- [ RunTime:0.001000s ]
INFO: [ app_begin ] --START--
INFO: Run Behavior\ReadHtmlCacheBehavior [ RunTime:0.001000s ]
INFO: [ app_begin ] --END-- [ RunTime:0.002000s ]
SQL: SHOW COLUMNS FROM `blog` [ RunTime:0.0150s ]
SQL: SELECT * FROM `blog` LIMIT 0,10   [ RunTime:0.0010s ]
NOTIC: [8] Use of undefined constant isList - assumed 'isList' C:\xampp\htdocs\mycms\Application\Home\Controller\BaseController.class.php 第 52 行.

[ 2017-08-09T21:45:15+08:00 ] 192.168.31.148 /mycms/index.php/Home/blog/blogList
INFO: [ app_init ] --START--
INFO: Run Behavior\BuildLiteBehavior [ RunTime:0.000000s ]
INFO: [ app_init ] --END-- [ RunTime:0.000000s ]
INFO: [ app_begin ] --START--
INFO: Run Behavior\ReadHtmlCacheBehavior [ RunTime:0.001000s ]
INFO: [ app_begin ] --END-- [ RunTime:0.001000s ]
SQL: SHOW COLUMNS FROM `blog` [ RunTime:0.0330s ]
SQL: SELECT * FROM `blog` LIMIT 0,10   [ RunTime:0.0000s ]
NOTIC: [8] Use of undefined constant isList - assumed 'isList' C:\xampp\htdocs\mycms\Application\Home\Controller\BaseController.class.php 第 52 行.

[ 2017-08-09T21:45:23+08:00 ] 192.168.31.148 /mycms/index.php/Home/index/login
INFO: [ app_init ] --START--
INFO: Run Behavior\BuildLiteBehavior [ RunTime:0.000000s ]
INFO: [ app_init ] --END-- [ RunTime:0.001000s ]
INFO: [ app_begin ] --START--
INFO: Run Behavior\ReadHtmlCacheBehavior [ RunTime:0.000000s ]
INFO: [ app_begin ] --END-- [ RunTime:0.000000s ]
SQL: SHOW COLUMNS FROM `customer` [ RunTime:0.0140s ]
SQL: SELECT * FROM `customer` WHERE `name` = 'huang' AND `pass` = 'huang'  [ RunTime:0.0010s ]
NOTIC: [8] Use of undefined constant isList - assumed 'isList' C:\xampp\htdocs\mycms\Application\Home\Controller\BaseController.class.php 第 52 行.

[ 2017-08-09T21:45:24+08:00 ] 192.168.31.148 /mycms/index.php/Home/blog/blogList
INFO: [ app_init ] --START--
INFO: Run Behavior\BuildLiteBehavior [ RunTime:0.000000s ]
INFO: [ app_init ] --END-- [ RunTime:0.001000s ]
INFO: [ app_begin ] --START--
INFO: Run Behavior\ReadHtmlCacheBehavior [ RunTime:0.001000s ]
INFO: [ app_begin ] --END-- [ RunTime:0.001000s ]
SQL: SHOW COLUMNS FROM `blog` [ RunTime:0.0130s ]
SQL: SELECT * FROM `blog` LIMIT 0,10   [ RunTime:0.0010s ]
NOTIC: [8] Use of undefined constant isList - assumed 'isList' C:\xampp\htdocs\mycms\Application\Home\Controller\BaseController.class.php 第 52 行.

[ 2017-08-09T21:46:36+08:00 ] 192.168.31.148 /mycms/index.php/Home/index/login
INFO: [ app_init ] --START--
INFO: Run Behavior\BuildLiteBehavior [ RunTime:0.000000s ]
INFO: [ app_init ] --END-- [ RunTime:0.000000s ]
INFO: [ app_begin ] --START--
INFO: Run Behavior\ReadHtmlCacheBehavior [ RunTime:0.001000s ]
INFO: [ app_begin ] --END-- [ RunTime:0.001000s ]
SQL: SHOW COLUMNS FROM `customer` [ RunTime:0.0170s ]
SQL: SELECT * FROM `customer` WHERE `name` = 'huang' AND `pass` = 'huang'  [ RunTime:0.0010s ]
NOTIC: [8] Use of undefined constant isList - assumed 'isList' C:\xampp\htdocs\mycms\Application\Home\Controller\BaseController.class.php 第 52 行.

[ 2017-08-09T21:46:37+08:00 ] 192.168.31.148 /mycms/index.php/Home/blog/blogList
INFO: [ app_init ] --START--
INFO: Run Behavior\BuildLiteBehavior [ RunTime:0.000000s ]
INFO: [ app_init ] --END-- [ RunTime:0.000000s ]
INFO: [ app_begin ] --START--
INFO: Run Behavior\ReadHtmlCacheBehavior [ RunTime:0.001000s ]
INFO: [ app_begin ] --END-- [ RunTime:0.001000s ]
SQL: SHOW COLUMNS FROM `blog` [ RunTime:0.0160s ]
SQL: SELECT * FROM `blog` LIMIT 0,10   [ RunTime:0.0010s ]
NOTIC: [8] Use of undefined constant isList - assumed 'isList' C:\xampp\htdocs\mycms\Application\Home\Controller\BaseController.class.php 第 52 行.

[ 2017-08-09T21:47:32+08:00 ] 192.168.31.148 /mycms/index.php/Home/blog/blogList
INFO: [ app_init ] --START--
INFO: Run Behavior\BuildLiteBehavior [ RunTime:0.000000s ]
INFO: [ app_init ] --END-- [ RunTime:0.001000s ]
INFO: [ app_begin ] --START--
INFO: Run Behavior\ReadHtmlCacheBehavior [ RunTime:0.001000s ]
INFO: [ app_begin ] --END-- [ RunTime:0.001000s ]
SQL: SHOW COLUMNS FROM `blog` [ RunTime:0.0220s ]
SQL: SELECT * FROM `blog` LIMIT 0,10   [ RunTime:0.0010s ]
NOTIC: [8] Use of undefined constant isList - assumed 'isList' C:\xampp\htdocs\mycms\Application\Home\Controller\BaseController.class.php 第 52 行.

[ 2017-08-09T21:47:55+08:00 ] 192.168.31.148 /mycms/index.php/Home/blog/blogList
INFO: [ app_init ] --START--
INFO: Run Behavior\BuildLiteBehavior [ RunTime:0.000000s ]
INFO: [ app_init ] --END-- [ RunTime:0.001000s ]
INFO: [ app_begin ] --START--
INFO: Run Behavior\ReadHtmlCacheBehavior [ RunTime:0.001000s ]
INFO: [ app_begin ] --END-- [ RunTime:0.001000s ]
SQL: SHOW COLUMNS FROM `blog` [ RunTime:0.0280s ]
SQL: SELECT * FROM `blog` LIMIT 0,10   [ RunTime:0.0010s ]
NOTIC: [8] Use of undefined constant isList - assumed 'isList' C:\xampp\htdocs\mycms\Application\Home\Controller\BaseController.class.php 第 52 行.

[ 2017-08-09T21:48:00+08:00 ] 192.168.31.148 /mycms/index.php/Home/blog/blogList
INFO: [ app_init ] --START--
INFO: Run Behavior\BuildLiteBehavior [ RunTime:0.000000s ]
INFO: [ app_init ] --END-- [ RunTime:0.001000s ]
INFO: [ app_begin ] --START--
INFO: Run Behavior\ReadHtmlCacheBehavior [ RunTime:0.001000s ]
INFO: [ app_begin ] --END-- [ RunTime:0.001000s ]
SQL: SHOW COLUMNS FROM `blog` [ RunTime:0.0170s ]
SQL: SELECT * FROM `blog` LIMIT 0,10   [ RunTime:0.0010s ]
NOTIC: [8] Use of undefined constant isList - assumed 'isList' C:\xampp\htdocs\mycms\Application\Home\Controller\BaseController.class.php 第 52 行.

[ 2017-08-09T22:39:39+08:00 ] ::1 /mycms/
INFO: [ app_init ] --START--
INFO: Run Behavior\BuildLiteBehavior [ RunTime:0.000000s ]
INFO: [ app_init ] --END-- [ RunTime:0.012001s ]
INFO: [ app_begin ] --START--
INFO: Run Behavior\ReadHtmlCacheBehavior [ RunTime:0.000000s ]
INFO: [ app_begin ] --END-- [ RunTime:0.001000s ]
INFO: [ view_parse ] --START--
INFO: [ template_filter ] --START--
INFO: Run Behavior\ContentReplaceBehavior [ RunTime:0.001000s ]
INFO: [ template_filter ] --END-- [ RunTime:0.001000s ]
INFO: Run Behavior\ParseTemplateBehavior [ RunTime:0.021001s ]
INFO: [ view_parse ] --END-- [ RunTime:0.021001s ]
INFO: [ view_filter ] --START--
INFO: Run Behavior\WriteHtmlCacheBehavior [ RunTime:0.000000s ]
INFO: [ view_filter ] --END-- [ RunTime:0.001000s ]
INFO: [ app_end ] --START--
INFO: Run Behavior\ShowPageTraceBehavior [ RunTime:0.001000s ]
INFO: [ app_end ] --END-- [ RunTime:0.001000s ]

[ 2017-08-09T22:42:21+08:00 ] ::1 /mycms/
INFO: [ app_init ] --START--
INFO: Run Behavior\BuildLiteBehavior [ RunTime:0.000000s ]
INFO: [ app_init ] --END-- [ RunTime:0.000000s ]
INFO: [ app_begin ] --START--
INFO: Run Behavior\ReadHtmlCacheBehavior [ RunTime:0.003000s ]
INFO: [ app_begin ] --END-- [ RunTime:0.003000s ]
ERR: 模板不存在:./Upload//Home/Index/index.html

[ 2017-08-09T22:42:38+08:00 ] ::1 /mycms/
INFO: [ app_init ] --START--
INFO: Run Behavior\BuildLiteBehavior [ RunTime:0.000000s ]
INFO: [ app_init ] --END-- [ RunTime:0.001000s ]
INFO: [ app_begin ] --START--
INFO: Run Behavior\ReadHtmlCacheBehavior [ RunTime:0.000000s ]
INFO: [ app_begin ] --END-- [ RunTime:0.001000s ]
ERR: 模板不存在:./Upload/Home/Index/index.html

[ 2017-08-09T22:42:39+08:00 ] ::1 /mycms/
INFO: [ app_init ] --START--
INFO: Run Behavior\BuildLiteBehavior [ RunTime:0.000000s ]
INFO: [ app_init ] --END-- [ RunTime:0.000000s ]
INFO: [ app_begin ] --START--
INFO: Run Behavior\ReadHtmlCacheBehavior [ RunTime:0.001000s ]
INFO: [ app_begin ] --END-- [ RunTime:0.001000s ]
ERR: 模板不存在:./Upload/Home/Index/index.html

[ 2017-08-09T22:42:39+08:00 ] ::1 /mycms/
INFO: [ app_init ] --START--
INFO: Run Behavior\BuildLiteBehavior [ RunTime:0.000000s ]
INFO: [ app_init ] --END-- [ RunTime:0.001000s ]
INFO: [ app_begin ] --START--
INFO: Run Behavior\ReadHtmlCacheBehavior [ RunTime:0.001000s ]
INFO: [ app_begin ] --END-- [ RunTime:0.001000s ]
ERR: 模板不存在:./Upload/Home/Index/index.html

[ 2017-08-09T22:42:41+08:00 ] ::1 /mycms/
INFO: [ app_init ] --START--
INFO: Run Behavior\BuildLiteBehavior [ RunTime:0.000000s ]
INFO: [ app_init ] --END-- [ RunTime:0.001000s ]
INFO: [ app_begin ] --START--
INFO: Run Behavior\ReadHtmlCacheBehavior [ RunTime:0.001000s ]
INFO: [ app_begin ] --END-- [ RunTime:0.001000s ]
ERR: 模板不存在:./Upload/Home/Index/index.html

[ 2017-08-09T22:42:42+08:00 ] ::1 /mycms/
INFO: [ app_init ] --START--
INFO: Run Behavior\BuildLiteBehavior [ RunTime:0.000000s ]
INFO: [ app_init ] --END-- [ RunTime:0.001000s ]
INFO: [ app_begin ] --START--
INFO: Run Behavior\ReadHtmlCacheBehavior [ RunTime:0.000000s ]
INFO: [ app_begin ] --END-- [ RunTime:0.000000s ]
ERR: 模板不存在:./Upload/Home/Index/index.html

[ 2017-08-09T22:43:20+08:00 ] ::1 /mycms/
INFO: [ app_init ] --START--
INFO: Run Behavior\BuildLiteBehavior [ RunTime:0.000000s ]
INFO: [ app_init ] --END-- [ RunTime:0.000000s ]
INFO: [ app_begin ] --START--
INFO: Run Behavior\ReadHtmlCacheBehavior [ RunTime:0.001000s ]
INFO: [ app_begin ] --END-- [ RunTime:0.001000s ]
INFO: [ view_parse ] --START--
INFO: [ template_filter ] --START--
INFO: Run Behavior\ContentReplaceBehavior [ RunTime:0.000000s ]
INFO: [ template_filter ] --END-- [ RunTime:0.000000s ]
INFO: Run Behavior\ParseTemplateBehavior [ RunTime:0.017001s ]
INFO: [ view_parse ] --END-- [ RunTime:0.017001s ]
INFO: [ view_filter ] --START--
INFO: Run Behavior\WriteHtmlCacheBehavior [ RunTime:0.001000s ]
INFO: [ view_filter ] --END-- [ RunTime:0.001000s ]
INFO: [ app_end ] --START--
INFO: Run Behavior\ShowPageTraceBehavior [ RunTime:0.001000s ]
INFO: [ app_end ] --END-- [ RunTime:0.001000s ]

[ 2017-08-09T22:43:53+08:00 ] ::1 /mycms/
INFO: [ app_init ] --START--
INFO: Run Behavior\BuildLiteBehavior [ RunTime:0.000000s ]
INFO: [ app_init ] --END-- [ RunTime:0.001000s ]
INFO: [ app_begin ] --START--
INFO: Run Behavior\ReadHtmlCacheBehavior [ RunTime:0.001000s ]
INFO: [ app_begin ] --END-- [ RunTime:0.001000s ]
INFO: [ view_parse ] --START--
INFO: [ template_filter ] --START--
INFO: Run Behavior\ContentReplaceBehavior [ RunTime:0.000000s ]
INFO: [ template_filter ] --END-- [ RunTime:0.000000s ]
INFO: Run Behavior\ParseTemplateBehavior [ RunTime:0.016001s ]
INFO: [ view_parse ] --END-- [ RunTime:0.016001s ]
INFO: [ view_filter ] --START--
INFO: Run Behavior\WriteHtmlCacheBehavior [ RunTime:0.000000s ]
INFO: [ view_filter ] --END-- [ RunTime:0.000000s ]
INFO: [ app_end ] --START--
INFO: Run Behavior\ShowPageTraceBehavior [ RunTime:0.000000s ]
INFO: [ app_end ] --END-- [ RunTime:0.000000s ]

[ 2017-08-09T22:47:04+08:00 ] ::1 /mycms/
INFO: [ app_init ] --START--
INFO: Run Behavior\BuildLiteBehavior [ RunTime:0.000000s ]
INFO: [ app_init ] --END-- [ RunTime:0.001000s ]
INFO: [ app_begin ] --START--
INFO: Run Behavior\ReadHtmlCacheBehavior [ RunTime:0.001000s ]
INFO: [ app_begin ] --END-- [ RunTime:0.001000s ]
INFO: [ view_parse ] --START--
INFO: [ template_filter ] --START--
INFO: Run Behavior\ContentReplaceBehavior [ RunTime:0.000000s ]
INFO: [ template_filter ] --END-- [ RunTime:0.001000s ]
INFO: Run Behavior\ParseTemplateBehavior [ RunTime:0.017001s ]
INFO: [ view_parse ] --END-- [ RunTime:0.017001s ]
INFO: [ view_filter ] --START--
INFO: Run Behavior\WriteHtmlCacheBehavior [ RunTime:0.001000s ]
INFO: [ view_filter ] --END-- [ RunTime:0.001000s ]
INFO: [ app_end ] --START--
INFO: Run Behavior\ShowPageTraceBehavior [ RunTime:0.001000s ]
INFO: [ app_end ] --END-- [ RunTime:0.001000s ]

[ 2017-08-09T22:47:08+08:00 ] ::1 /mycms/index.php/Home/Blog/blogList/typeId/0/pageId/0/customerid/1.html
INFO: [ app_init ] --START--
INFO: Run Behavior\BuildLiteBehavior [ RunTime:0.000000s ]
INFO: [ app_init ] --END-- [ RunTime:0.001000s ]
INFO: [ app_begin ] --START--
INFO: Run Behavior\ReadHtmlCacheBehavior [ RunTime:0.001000s ]
INFO: [ app_begin ] --END-- [ RunTime:0.002000s ]
SQL: SHOW COLUMNS FROM `blog` [ RunTime:0.0830s ]
SQL: SELECT * FROM `blog` LIMIT 0,10   [ RunTime:0.0040s ]
NOTIC: [8] Use of undefined constant __HOME_IMAGE__ - assumed '__HOME_IMAGE__' C:\xampp\htdocs\mycms\Application\Home\Controller\BlogController.class.php 第 40 行.
NOTIC: [8] Use of undefined constant __HOME_IMAGE__ - assumed '__HOME_IMAGE__' C:\xampp\htdocs\mycms\Application\Home\Controller\BlogController.class.php 第 40 行.
NOTIC: [8] Use of undefined constant isList - assumed 'isList' C:\xampp\htdocs\mycms\Application\Home\Controller\BaseController.class.php 第 52 行.

[ 2017-08-09T22:48:15+08:00 ] ::1 /mycms/index.php/Home/Blog/blogList/typeId/0/pageId/0/customerid/1.html
INFO: [ app_init ] --START--
INFO: Run Behavior\BuildLiteBehavior [ RunTime:0.000000s ]
INFO: [ app_init ] --END-- [ RunTime:0.001000s ]
INFO: [ app_begin ] --START--
INFO: Run Behavior\ReadHtmlCacheBehavior [ RunTime:0.001000s ]
INFO: [ app_begin ] --END-- [ RunTime:0.001000s ]
SQL: SHOW COLUMNS FROM `blog` [ RunTime:0.0160s ]
SQL: SELECT * FROM `blog` LIMIT 0,10   [ RunTime:0.0010s ]
NOTIC: [8] Use of undefined constant isList - assumed 'isList' C:\xampp\htdocs\mycms\Application\Home\Controller\BaseController.class.php 第 52 行.

[ 2017-08-09T22:49:05+08:00 ] ::1 /mycms/index.php/Home/Blog/blogList/typeId/0/pageId/0/customerid/1.html
INFO: [ app_init ] --START--
INFO: Run Behavior\BuildLiteBehavior [ RunTime:0.000000s ]
INFO: [ app_init ] --END-- [ RunTime:0.000000s ]
INFO: [ app_begin ] --START--
INFO: Run Behavior\ReadHtmlCacheBehavior [ RunTime:0.001000s ]
INFO: [ app_begin ] --END-- [ RunTime:0.001000s ]
SQL: SHOW COLUMNS FROM `blog` [ RunTime:0.0150s ]
SQL: SELECT * FROM `blog` LIMIT 0,10   [ RunTime:0.0010s ]
NOTIC: [8] Use of undefined constant isList - assumed 'isList' C:\xampp\htdocs\mycms\Application\Home\Controller\BaseController.class.php 第 52 行.

[ 2017-08-09T22:49:45+08:00 ] ::1 /mycms/index.php/Home/Blog/blogList/typeId/0/pageId/0/customerid/1.html
INFO: [ app_init ] --START--
INFO: Run Behavior\BuildLiteBehavior [ RunTime:0.000000s ]
INFO: [ app_init ] --END-- [ RunTime:0.001000s ]
INFO: [ app_begin ] --START--
INFO: Run Behavior\ReadHtmlCacheBehavior [ RunTime:0.001000s ]
INFO: [ app_begin ] --END-- [ RunTime:0.001000s ]
SQL: SHOW COLUMNS FROM `blog` [ RunTime:0.0170s ]
SQL: SELECT * FROM `blog` LIMIT 0,10   [ RunTime:0.0010s ]
NOTIC: [8] Use of undefined constant isList - assumed 'isList' C:\xampp\htdocs\mycms\Application\Home\Controller\BaseController.class.php 第 52 行.

[ 2017-08-09T22:50:24+08:00 ] ::1 /mycms/index.php/Home/Blog/blogList/typeId/0/pageId/0/customerid/1.html
INFO: [ app_init ] --START--
INFO: Run Behavior\BuildLiteBehavior [ RunTime:0.000000s ]
INFO: [ app_init ] --END-- [ RunTime:0.001000s ]
INFO: [ app_begin ] --START--
INFO: Run Behavior\ReadHtmlCacheBehavior [ RunTime:0.001000s ]
INFO: [ app_begin ] --END-- [ RunTime:0.001000s ]
SQL: SHOW COLUMNS FROM `blog` [ RunTime:0.0220s ]
SQL: SELECT * FROM `blog` LIMIT 0,10   [ RunTime:0.0010s ]
NOTIC: [8] Use of undefined constant isList - assumed 'isList' C:\xampp\htdocs\mycms\Application\Home\Controller\BaseController.class.php 第 52 行.

[ 2017-08-09T22:50:37+08:00 ] ::1 /mycms/
INFO: [ app_init ] --START--
INFO: Run Behavior\BuildLiteBehavior [ RunTime:0.000000s ]
INFO: [ app_init ] --END-- [ RunTime:0.001000s ]
INFO: [ app_begin ] --START--
INFO: Run Behavior\ReadHtmlCacheBehavior [ RunTime:0.001000s ]
INFO: [ app_begin ] --END-- [ RunTime:0.001000s ]
INFO: [ view_parse ] --START--
INFO: [ template_filter ] --START--
INFO: Run Behavior\ContentReplaceBehavior [ RunTime:0.000000s ]
INFO: [ template_filter ] --END-- [ RunTime:0.000000s ]
INFO: Run Behavior\ParseTemplateBehavior [ RunTime:0.016001s ]
INFO: [ view_parse ] --END-- [ RunTime:0.016001s ]
INFO: [ view_filter ] --START--
INFO: Run Behavior\WriteHtmlCacheBehavior [ RunTime:0.001000s ]
INFO: [ view_filter ] --END-- [ RunTime:0.001000s ]
INFO: [ app_end ] --START--
INFO: Run Behavior\ShowPageTraceBehavior [ RunTime:0.001000s ]
INFO: [ app_end ] --END-- [ RunTime:0.001000s ]

[ 2017-08-09T22:50:55+08:00 ] ::1 /mycms/
INFO: [ app_init ] --START--
INFO: Run Behavior\BuildLiteBehavior [ RunTime:0.000000s ]
INFO: [ app_init ] --END-- [ RunTime:0.001000s ]
INFO: [ app_begin ] --START--
INFO: Run Behavior\ReadHtmlCacheBehavior [ RunTime:0.001000s ]
INFO: [ app_begin ] --END-- [ RunTime:0.001000s ]
INFO: [ view_parse ] --START--
INFO: [ template_filter ] --START--
INFO: Run Behavior\ContentReplaceBehavior [ RunTime:0.000000s ]
INFO: [ template_filter ] --END-- [ RunTime:0.000000s ]
INFO: Run Behavior\ParseTemplateBehavior [ RunTime:0.017001s ]
INFO: [ view_parse ] --END-- [ RunTime:0.017001s ]
INFO: [ view_filter ] --START--
INFO: Run Behavior\WriteHtmlCacheBehavior [ RunTime:0.000000s ]
INFO: [ view_filter ] --END-- [ RunTime:0.000000s ]
INFO: [ app_end ] --START--
INFO: Run Behavior\ShowPageTraceBehavior [ RunTime:0.001000s ]
INFO: [ app_end ] --END-- [ RunTime:0.001000s ]

[ 2017-08-09T22:51:23+08:00 ] ::1 /mycms/index.php/Home/Blog/blogList/typeId/0/pageId/0/customerid/1.html
INFO: [ app_init ] --START--
INFO: Run Behavior\BuildLiteBehavior [ RunTime:0.000000s ]
INFO: [ app_init ] --END-- [ RunTime:0.002000s ]
INFO: [ app_begin ] --START--
INFO: Run Behavior\ReadHtmlCacheBehavior [ RunTime:0.001000s ]
INFO: [ app_begin ] --END-- [ RunTime:0.001000s ]
SQL: SHOW COLUMNS FROM `blog` [ RunTime:0.0200s ]
SQL: SELECT * FROM `blog` LIMIT 0,10   [ RunTime:0.0010s ]
NOTIC: [8] Use of undefined constant isList - assumed 'isList' C:\xampp\htdocs\mycms\Application\Home\Controller\BaseController.class.php 第 52 行.

