[ 2017-07-30T20:41:45+08:00 ] ::1 /mycms/
INFO: [ app_init ] --START--
INFO: Run Behavior\BuildLiteBehavior [ RunTime:0.000000s ]
INFO: [ app_init ] --END-- [ RunTime:0.000000s ]
INFO: [ app_begin ] --START--
INFO: Run Behavior\ReadHtmlCacheBehavior [ RunTime:0.001000s ]
INFO: [ app_begin ] --END-- [ RunTime:0.001000s ]
SQL: SHOW COLUMNS FROM `qs_admin` [ RunTime:0.0160s ]
SQL: SELECT * FROM `qs_admin`  [ RunTime:0.0000s ]
INFO: [ view_parse ] --START--
INFO: [ template_filter ] --START--
INFO: Run Behavior\ContentReplaceBehavior [ RunTime:0.000000s ]
INFO: [ template_filter ] --END-- [ RunTime:0.000000s ]
INFO: Run Behavior\ParseTemplateBehavior [ RunTime:0.036002s ]
INFO: [ view_parse ] --END-- [ RunTime:0.036002s ]
INFO: [ view_filter ] --START--
INFO: Run Behavior\WriteHtmlCacheBehavior [ RunTime:0.001000s ]
INFO: [ view_filter ] --END-- [ RunTime:0.001000s ]
INFO: [ app_end ] --START--
INFO: Run Behavior\ShowPageTraceBehavior [ RunTime:0.001000s ]
INFO: [ app_end ] --END-- [ RunTime:0.001000s ]

[ 2017-07-30T20:51:08+08:00 ] ::1 /mycms/
INFO: [ app_init ] --START--
INFO: Run Behavior\BuildLiteBehavior [ RunTime:0.000000s ]
INFO: [ app_init ] --END-- [ RunTime:0.003000s ]
INFO: [ app_begin ] --START--
INFO: Run Behavior\ReadHtmlCacheBehavior [ RunTime:0.002001s ]
INFO: [ app_begin ] --END-- [ RunTime:0.002001s ]
ERR: SQLSTATE[HY000] [1049] Unknown database 'demo_core'

[ 2017-07-30T20:51:12+08:00 ] ::1 /mycms/
INFO: [ app_init ] --START--
INFO: Run Behavior\BuildLiteBehavior [ RunTime:0.000000s ]
INFO: [ app_init ] --END-- [ RunTime:0.001000s ]
INFO: [ app_begin ] --START--
INFO: Run Behavior\ReadHtmlCacheBehavior [ RunTime:0.000000s ]
INFO: [ app_begin ] --END-- [ RunTime:0.001000s ]
ERR: SQLSTATE[HY000] [1049] Unknown database 'demo_core'

[ 2017-07-30T20:51:29+08:00 ] ::1 /mycms/
INFO: [ app_init ] --START--
INFO: Run Behavior\BuildLiteBehavior [ RunTime:0.001000s ]
INFO: [ app_init ] --END-- [ RunTime:0.001000s ]
INFO: [ app_begin ] --START--
INFO: Run Behavior\ReadHtmlCacheBehavior [ RunTime:0.001000s ]
INFO: [ app_begin ] --END-- [ RunTime:0.001000s ]
SQL: SHOW COLUMNS FROM `admin` [ RunTime:0.0140s ]
SQL: SELECT * FROM `admin`  [ RunTime:0.0000s ]
INFO: [ view_parse ] --START--
INFO: [ template_filter ] --START--
INFO: Run Behavior\ContentReplaceBehavior [ RunTime:0.000000s ]
INFO: [ template_filter ] --END-- [ RunTime:0.000000s ]
INFO: Run Behavior\ParseTemplateBehavior [ RunTime:0.011001s ]
INFO: [ view_parse ] --END-- [ RunTime:0.011001s ]
INFO: [ view_filter ] --START--
INFO: Run Behavior\WriteHtmlCacheBehavior [ RunTime:0.001000s ]
INFO: [ view_filter ] --END-- [ RunTime:0.001000s ]
INFO: [ app_end ] --START--
INFO: Run Behavior\ShowPageTraceBehavior [ RunTime:0.001000s ]
INFO: [ app_end ] --END-- [ RunTime:0.001000s ]

[ 2017-07-30T20:53:46+08:00 ] ::1 /mycms/
INFO: [ app_init ] --START--
INFO: Run Behavior\BuildLiteBehavior [ RunTime:0.000000s ]
INFO: [ app_init ] --END-- [ RunTime:0.001000s ]
INFO: [ app_begin ] --START--
INFO: Run Behavior\ReadHtmlCacheBehavior [ RunTime:0.002000s ]
INFO: [ app_begin ] --END-- [ RunTime:0.002000s ]
SQL: SHOW COLUMNS FROM `admin` [ RunTime:0.0120s ]
SQL: SELECT * FROM `admin`  [ RunTime:0.0010s ]
INFO: [ app_end ] --START--
INFO: Run Behavior\ShowPageTraceBehavior [ RunTime:0.001000s ]
INFO: [ app_end ] --END-- [ RunTime:0.001000s ]

[ 2017-07-30T20:54:41+08:00 ] ::1 /mycms/
INFO: [ app_init ] --START--
INFO: Run Behavior\BuildLiteBehavior [ RunTime:0.000000s ]
INFO: [ app_init ] --END-- [ RunTime:0.001000s ]
INFO: [ app_begin ] --START--
INFO: Run Behavior\ReadHtmlCacheBehavior [ RunTime:0.001000s ]
INFO: [ app_begin ] --END-- [ RunTime:0.001000s ]
SQL: SHOW COLUMNS FROM `admin` [ RunTime:0.0110s ]
SQL: SELECT * FROM `admin`  [ RunTime:0.0020s ]
NOTIC: [8] Array to string conversion D:\xampp\htdocs\mycms\ThinkPHP\Common\functions.php 第 619 行.
INFO: [ app_end ] --START--
INFO: Run Behavior\ShowPageTraceBehavior [ RunTime:0.001000s ]
INFO: [ app_end ] --END-- [ RunTime:0.001000s ]

[ 2017-07-30T20:56:08+08:00 ] ::1 /mycms/
INFO: [ app_init ] --START--
INFO: Run Behavior\BuildLiteBehavior [ RunTime:0.000000s ]
INFO: [ app_init ] --END-- [ RunTime:0.001000s ]
INFO: [ app_begin ] --START--
INFO: Run Behavior\ReadHtmlCacheBehavior [ RunTime:0.001000s ]
INFO: [ app_begin ] --END-- [ RunTime:0.001000s ]
SQL: SHOW COLUMNS FROM `admin` [ RunTime:0.0120s ]
SQL: SELECT * FROM `admin`  [ RunTime:0.0000s ]
NOTIC: [8] Array to string conversion D:\xampp\htdocs\mycms\ThinkPHP\Common\functions.php 第 619 行.
NOTIC: [8] Array to string conversion D:\xampp\htdocs\mycms\ThinkPHP\Library\Think\Model.class.php 第 1488 行.
ERR: 1146:Table 'demos_core.arrayblog' doesn't exist
 [ SQL语句 ] : SHOW COLUMNS FROM `arrayblog`
ERR: 1146:Table 'demos_core.arrayblog' doesn't exist
 [ SQL语句 ] : SHOW COLUMNS FROM `arrayblog`

[ 2017-07-30T20:56:46+08:00 ] ::1 /mycms/
INFO: [ app_init ] --START--
INFO: Run Behavior\BuildLiteBehavior [ RunTime:0.000000s ]
INFO: [ app_init ] --END-- [ RunTime:0.001000s ]
INFO: [ app_begin ] --START--
INFO: Run Behavior\ReadHtmlCacheBehavior [ RunTime:0.001000s ]
INFO: [ app_begin ] --END-- [ RunTime:0.001000s ]
SQL: SHOW COLUMNS FROM `admin` [ RunTime:0.0140s ]
SQL: SELECT * FROM `admin`  [ RunTime:0.0000s ]
NOTIC: [8] Array to string conversion D:\xampp\htdocs\mycms\ThinkPHP\Common\functions.php 第 619 行.
NOTIC: [8] Array to string conversion D:\xampp\htdocs\mycms\ThinkPHP\Library\Think\Model.class.php 第 1488 行.
ERR: 1146:Table 'demos_core.arrayadmin' doesn't exist
 [ SQL语句 ] : SHOW COLUMNS FROM `arrayadmin`
ERR: 1146:Table 'demos_core.arrayadmin' doesn't exist
 [ SQL语句 ] : SHOW COLUMNS FROM `arrayadmin`

[ 2017-07-30T20:57:29+08:00 ] ::1 /mycms/
INFO: [ app_init ] --START--
INFO: Run Behavior\BuildLiteBehavior [ RunTime:0.000000s ]
INFO: [ app_init ] --END-- [ RunTime:0.001001s ]
INFO: [ app_begin ] --START--
INFO: Run Behavior\ReadHtmlCacheBehavior [ RunTime:0.001000s ]
INFO: [ app_begin ] --END-- [ RunTime:0.001000s ]
SQL: SHOW COLUMNS FROM `admin` [ RunTime:0.0120s ]
SQL: SELECT * FROM `admin`  [ RunTime:0.0020s ]
NOTIC: [8] Array to string conversion D:\xampp\htdocs\mycms\ThinkPHP\Common\functions.php 第 619 行.
NOTIC: [8] Array to string conversion D:\xampp\htdocs\mycms\ThinkPHP\Library\Think\Model.class.php 第 1488 行.
ERR: 1146:Table 'demos_core.arrayadmin' doesn't exist
 [ SQL语句 ] : SHOW COLUMNS FROM `arrayadmin`
ERR: 1146:Table 'demos_core.arrayadmin' doesn't exist
 [ SQL语句 ] : SHOW COLUMNS FROM `arrayadmin`

[ 2017-07-30T21:00:02+08:00 ] ::1 /mycms/
INFO: [ app_init ] --START--
INFO: Run Behavior\BuildLiteBehavior [ RunTime:0.000000s ]
INFO: [ app_init ] --END-- [ RunTime:0.001000s ]
INFO: [ app_begin ] --START--
INFO: Run Behavior\ReadHtmlCacheBehavior [ RunTime:0.001001s ]
INFO: [ app_begin ] --END-- [ RunTime:0.001001s ]
SQL: SHOW COLUMNS FROM `admin` [ RunTime:0.0160s ]
SQL: SELECT * FROM `admin`  [ RunTime:0.0010s ]
NOTIC: [8] Undefined index: db_type D:\xampp\htdocs\mycms\ThinkPHP\Library\Think\Db.class.php 第 63 行.
NOTIC: [8] Undefined index: db_user D:\xampp\htdocs\mycms\ThinkPHP\Library\Think\Db.class.php 第 64 行.
NOTIC: [8] Undefined index: db_pwd D:\xampp\htdocs\mycms\ThinkPHP\Library\Think\Db.class.php 第 65 行.
NOTIC: [8] Undefined index: db_host D:\xampp\htdocs\mycms\ThinkPHP\Library\Think\Db.class.php 第 66 行.
NOTIC: [8] Undefined index: db_port D:\xampp\htdocs\mycms\ThinkPHP\Library\Think\Db.class.php 第 67 行.
NOTIC: [8] Undefined index: db_name D:\xampp\htdocs\mycms\ThinkPHP\Library\Think\Db.class.php 第 68 行.
ERR: 无法加载数据库驱动: Think\Db\Driver\

[ 2017-07-30T21:00:34+08:00 ] ::1 /mycms/
INFO: [ app_init ] --START--
INFO: Run Behavior\BuildLiteBehavior [ RunTime:0.000000s ]
INFO: [ app_init ] --END-- [ RunTime:0.002000s ]
INFO: [ app_begin ] --START--
INFO: Run Behavior\ReadHtmlCacheBehavior [ RunTime:0.001000s ]
INFO: [ app_begin ] --END-- [ RunTime:0.002000s ]
SQL: SHOW COLUMNS FROM `admin` [ RunTime:0.0120s ]
SQL: SELECT * FROM `admin`  [ RunTime:0.0000s ]
NOTIC: [8] Undefined index: db_type D:\xampp\htdocs\mycms\ThinkPHP\Library\Think\Db.class.php 第 63 行.
NOTIC: [8] Undefined index: db_user D:\xampp\htdocs\mycms\ThinkPHP\Library\Think\Db.class.php 第 64 行.
NOTIC: [8] Undefined index: db_pwd D:\xampp\htdocs\mycms\ThinkPHP\Library\Think\Db.class.php 第 65 行.
NOTIC: [8] Undefined index: db_host D:\xampp\htdocs\mycms\ThinkPHP\Library\Think\Db.class.php 第 66 行.
NOTIC: [8] Undefined index: db_port D:\xampp\htdocs\mycms\ThinkPHP\Library\Think\Db.class.php 第 67 行.
NOTIC: [8] Undefined index: db_name D:\xampp\htdocs\mycms\ThinkPHP\Library\Think\Db.class.php 第 68 行.
ERR: 无法加载数据库驱动: Think\Db\Driver\

[ 2017-07-30T21:01:56+08:00 ] ::1 /mycms/
INFO: [ app_init ] --START--
INFO: Run Behavior\BuildLiteBehavior [ RunTime:0.000000s ]
INFO: [ app_init ] --END-- [ RunTime:0.001000s ]
INFO: [ app_begin ] --START--
INFO: Run Behavior\ReadHtmlCacheBehavior [ RunTime:0.001000s ]
INFO: [ app_begin ] --END-- [ RunTime:0.001000s ]
SQL: SHOW COLUMNS FROM `admin` [ RunTime:0.0140s ]
SQL: SELECT * FROM `admin`  [ RunTime:0.0010s ]
NOTIC: [8] Undefined index: db_type D:\xampp\htdocs\mycms\ThinkPHP\Library\Think\Db.class.php 第 63 行.
NOTIC: [8] Undefined index: db_user D:\xampp\htdocs\mycms\ThinkPHP\Library\Think\Db.class.php 第 64 行.
NOTIC: [8] Undefined index: db_pwd D:\xampp\htdocs\mycms\ThinkPHP\Library\Think\Db.class.php 第 65 行.
NOTIC: [8] Undefined index: db_host D:\xampp\htdocs\mycms\ThinkPHP\Library\Think\Db.class.php 第 66 行.
NOTIC: [8] Undefined index: db_port D:\xampp\htdocs\mycms\ThinkPHP\Library\Think\Db.class.php 第 67 行.
NOTIC: [8] Undefined index: db_name D:\xampp\htdocs\mycms\ThinkPHP\Library\Think\Db.class.php 第 68 行.
ERR: 无法加载数据库驱动: Think\Db\Driver\

[ 2017-07-30T21:03:36+08:00 ] ::1 /mycms/
INFO: [ app_init ] --START--
INFO: Run Behavior\BuildLiteBehavior [ RunTime:0.000000s ]
INFO: [ app_init ] --END-- [ RunTime:0.001000s ]
INFO: [ app_begin ] --START--
INFO: Run Behavior\ReadHtmlCacheBehavior [ RunTime:0.002000s ]
INFO: [ app_begin ] --END-- [ RunTime:0.002000s ]
SQL: SHOW COLUMNS FROM `admin` [ RunTime:0.0140s ]
SQL: SELECT * FROM `admin`  [ RunTime:0.0010s ]
INFO: [ app_end ] --START--
INFO: Run Behavior\ShowPageTraceBehavior [ RunTime:0.002000s ]
INFO: [ app_end ] --END-- [ RunTime:0.002000s ]

[ 2017-07-30T21:04:21+08:00 ] ::1 /mycms/
INFO: [ app_init ] --START--
INFO: Run Behavior\BuildLiteBehavior [ RunTime:0.000000s ]
INFO: [ app_init ] --END-- [ RunTime:0.002001s ]
INFO: [ app_begin ] --START--
INFO: Run Behavior\ReadHtmlCacheBehavior [ RunTime:0.001000s ]
INFO: [ app_begin ] --END-- [ RunTime:0.001000s ]
SQL: SHOW COLUMNS FROM `customer` [ RunTime:0.0140s ]
SQL: SELECT * FROM `customer`  [ RunTime:0.0000s ]
INFO: [ app_end ] --START--
INFO: Run Behavior\ShowPageTraceBehavior [ RunTime:0.001000s ]
INFO: [ app_end ] --END-- [ RunTime:0.002000s ]

[ 2017-07-30T21:05:00+08:00 ] ::1 /mycms/
INFO: [ app_init ] --START--
INFO: Run Behavior\BuildLiteBehavior [ RunTime:0.000000s ]
INFO: [ app_init ] --END-- [ RunTime:0.001000s ]
INFO: [ app_begin ] --START--
INFO: Run Behavior\ReadHtmlCacheBehavior [ RunTime:0.001001s ]
INFO: [ app_begin ] --END-- [ RunTime:0.001001s ]
SQL: SHOW COLUMNS FROM `customer` [ RunTime:0.0120s ]
SQL: SELECT * FROM `customer`  [ RunTime:0.0000s ]
INFO: [ app_end ] --START--
INFO: Run Behavior\ShowPageTraceBehavior [ RunTime:0.001000s ]
INFO: [ app_end ] --END-- [ RunTime:0.001000s ]

[ 2017-07-30T21:06:17+08:00 ] ::1 /mycms/
INFO: [ app_init ] --START--
INFO: Run Behavior\BuildLiteBehavior [ RunTime:0.000000s ]
INFO: [ app_init ] --END-- [ RunTime:0.001000s ]
INFO: [ app_begin ] --START--
INFO: Run Behavior\ReadHtmlCacheBehavior [ RunTime:0.001000s ]
INFO: [ app_begin ] --END-- [ RunTime:0.001000s ]
SQL: SHOW COLUMNS FROM `customer` [ RunTime:0.0130s ]
SQL: SELECT * FROM `customer`  [ RunTime:0.0000s ]
INFO: [ app_end ] --START--
INFO: Run Behavior\ShowPageTraceBehavior [ RunTime:0.002000s ]
INFO: [ app_end ] --END-- [ RunTime:0.002000s ]

[ 2017-07-30T21:11:51+08:00 ] ::1 /mycms/
INFO: [ app_init ] --START--
INFO: Run Behavior\BuildLiteBehavior [ RunTime:0.000000s ]
INFO: [ app_init ] --END-- [ RunTime:0.000000s ]
INFO: [ app_begin ] --START--
INFO: Run Behavior\ReadHtmlCacheBehavior [ RunTime:0.001000s ]
INFO: [ app_begin ] --END-- [ RunTime:0.001000s ]
SQL: SHOW COLUMNS FROM `customer` [ RunTime:0.0290s ]
SQL: SELECT * FROM `customer`  [ RunTime:0.0010s ]
INFO: [ app_end ] --START--
INFO: Run Behavior\ShowPageTraceBehavior [ RunTime:0.003000s ]
INFO: [ app_end ] --END-- [ RunTime:0.003000s ]

[ 2017-07-30T21:11:54+08:00 ] ::1 /mycms/
INFO: [ app_init ] --START--
INFO: Run Behavior\BuildLiteBehavior [ RunTime:0.000000s ]
INFO: [ app_init ] --END-- [ RunTime:0.000000s ]
INFO: [ app_begin ] --START--
INFO: Run Behavior\ReadHtmlCacheBehavior [ RunTime:0.000000s ]
INFO: [ app_begin ] --END-- [ RunTime:0.000000s ]
SQL: SHOW COLUMNS FROM `customer` [ RunTime:0.0220s ]
SQL: SELECT * FROM `customer`  [ RunTime:0.0020s ]
INFO: [ app_end ] --START--
INFO: Run Behavior\ShowPageTraceBehavior [ RunTime:0.001000s ]
INFO: [ app_end ] --END-- [ RunTime:0.001000s ]

[ 2017-07-30T21:14:11+08:00 ] ::1 /mycms/
INFO: [ app_init ] --START--
INFO: Run Behavior\BuildLiteBehavior [ RunTime:0.000000s ]
INFO: [ app_init ] --END-- [ RunTime:0.001000s ]
INFO: [ app_begin ] --START--
INFO: Run Behavior\ReadHtmlCacheBehavior [ RunTime:0.001000s ]
INFO: [ app_begin ] --END-- [ RunTime:0.001000s ]

[ 2017-07-30T21:14:16+08:00 ] ::1 /mycms/
INFO: [ app_init ] --START--
INFO: Run Behavior\BuildLiteBehavior [ RunTime:0.000000s ]
INFO: [ app_init ] --END-- [ RunTime:0.000000s ]
INFO: [ app_begin ] --START--
INFO: Run Behavior\ReadHtmlCacheBehavior [ RunTime:0.000000s ]
INFO: [ app_begin ] --END-- [ RunTime:0.000000s ]

[ 2017-07-30T21:14:48+08:00 ] ::1 /mycms/
INFO: [ app_init ] --START--
INFO: Run Behavior\BuildLiteBehavior [ RunTime:0.000000s ]
INFO: [ app_init ] --END-- [ RunTime:0.000000s ]
INFO: [ app_begin ] --START--
INFO: Run Behavior\ReadHtmlCacheBehavior [ RunTime:0.001000s ]
INFO: [ app_begin ] --END-- [ RunTime:0.001000s ]

[ 2017-07-30T21:17:20+08:00 ] ::1 /mycms/
INFO: [ app_init ] --START--
INFO: Run Behavior\BuildLiteBehavior [ RunTime:0.000000s ]
INFO: [ app_init ] --END-- [ RunTime:0.001000s ]
INFO: [ app_begin ] --START--
INFO: Run Behavior\ReadHtmlCacheBehavior [ RunTime:0.001000s ]
INFO: [ app_begin ] --END-- [ RunTime:0.001000s ]
SQL: SHOW COLUMNS FROM `customer` [ RunTime:0.0190s ]
SQL: SELECT * FROM `customer` WHERE `id` = 1  [ RunTime:0.0020s ]
NOTIC: [8] Array to string conversion D:\xampp\htdocs\mycms\ThinkPHP\Common\functions.php 第 619 行.
NOTIC: [8] Array to string conversion D:\xampp\htdocs\mycms\ThinkPHP\Library\Think\Model.class.php 第 1488 行.
ERR: 1146:Table 'demos_core.arraycustomer' doesn't exist
 [ SQL语句 ] : SHOW COLUMNS FROM `arraycustomer`
ERR: 1146:Table 'demos_core.arraycustomer' doesn't exist
 [ SQL语句 ] : SHOW COLUMNS FROM `arraycustomer`

[ 2017-07-30T21:18:43+08:00 ] ::1 /mycms/
INFO: [ app_init ] --START--
INFO: Run Behavior\BuildLiteBehavior [ RunTime:0.000000s ]
INFO: [ app_init ] --END-- [ RunTime:0.000000s ]
INFO: [ app_begin ] --START--
INFO: Run Behavior\ReadHtmlCacheBehavior [ RunTime:0.000000s ]
INFO: [ app_begin ] --END-- [ RunTime:0.000000s ]
SQL: SHOW COLUMNS FROM `customer` [ RunTime:0.0190s ]
SQL: SELECT * FROM `customer` WHERE `id` = 1  [ RunTime:0.0010s ]
NOTIC: [8] Array to string conversion D:\xampp\htdocs\mycms\ThinkPHP\Common\functions.php 第 619 行.
NOTIC: [8] Array to string conversion D:\xampp\htdocs\mycms\ThinkPHP\Library\Think\Model.class.php 第 1488 行.
ERR: 1146:Table 'demos_core.arraycustomer' doesn't exist
 [ SQL语句 ] : SHOW COLUMNS FROM `arraycustomer`
ERR: 1146:Table 'demos_core.arraycustomer' doesn't exist
 [ SQL语句 ] : SHOW COLUMNS FROM `arraycustomer`

[ 2017-07-30T21:19:43+08:00 ] ::1 /mycms/
INFO: [ app_init ] --START--
INFO: Run Behavior\BuildLiteBehavior [ RunTime:0.000000s ]
INFO: [ app_init ] --END-- [ RunTime:0.000000s ]
INFO: [ app_begin ] --START--
INFO: Run Behavior\ReadHtmlCacheBehavior [ RunTime:0.001000s ]
INFO: [ app_begin ] --END-- [ RunTime:0.001000s ]
SQL: SHOW COLUMNS FROM `customer` [ RunTime:0.0140s ]
SQL: SELECT * FROM `customer` WHERE `id` = 1  [ RunTime:0.0010s ]
INFO: [ app_end ] --START--
INFO: Run Behavior\ShowPageTraceBehavior [ RunTime:0.001000s ]
INFO: [ app_end ] --END-- [ RunTime:0.001000s ]

[ 2017-07-30T21:20:36+08:00 ] ::1 /mycms/
INFO: [ app_init ] --START--
INFO: Run Behavior\BuildLiteBehavior [ RunTime:0.000000s ]
INFO: [ app_init ] --END-- [ RunTime:0.001000s ]
INFO: [ app_begin ] --START--
INFO: Run Behavior\ReadHtmlCacheBehavior [ RunTime:0.001000s ]
INFO: [ app_begin ] --END-- [ RunTime:0.001000s ]

[ 2017-07-30T21:21:00+08:00 ] ::1 /mycms/
INFO: [ app_init ] --START--
INFO: Run Behavior\BuildLiteBehavior [ RunTime:0.000000s ]
INFO: [ app_init ] --END-- [ RunTime:0.001000s ]
INFO: [ app_begin ] --START--
INFO: Run Behavior\ReadHtmlCacheBehavior [ RunTime:0.001000s ]
INFO: [ app_begin ] --END-- [ RunTime:0.001000s ]
SQL: SHOW COLUMNS FROM `customer` [ RunTime:0.0190s ]
SQL: SELECT * FROM `customer` WHERE `id` = 1  [ RunTime:0.0010s ]

[ 2017-07-30T21:26:45+08:00 ] ::1 /mycms/index.php/home/index/login/name/fds/pass/fds
INFO: [ app_init ] --START--
INFO: Run Behavior\BuildLiteBehavior [ RunTime:0.000000s ]
INFO: [ app_init ] --END-- [ RunTime:0.001000s ]
INFO: [ app_begin ] --START--
INFO: Run Behavior\ReadHtmlCacheBehavior [ RunTime:0.001000s ]
INFO: [ app_begin ] --END-- [ RunTime:0.001000s ]
SQL: SHOW COLUMNS FROM `customer` [ RunTime:0.0230s ]
SQL: SELECT * FROM `customer` WHERE `name` = 'fds' AND `pass` = 'fds'  [ RunTime:0.0000s ]
NOTIC: [8] Use of undefined constant customerItem - assumed 'customerItem' D:\xampp\htdocs\mycms\Application\Home\Controller\IndexController.class.php 第 33 行.
NOTIC: [8] Undefined index: id D:\xampp\htdocs\mycms\Application\Home\Controller\IndexController.class.php 第 41 行.
NOTIC: [8] Undefined index: name D:\xampp\htdocs\mycms\Application\Home\Controller\IndexController.class.php 第 42 行.
NOTIC: [8] Undefined index: pass D:\xampp\htdocs\mycms\Application\Home\Controller\IndexController.class.php 第 43 行.

[ 2017-07-30T21:27:13+08:00 ] ::1 /mycms/index.php/home/index/login/name/fds/pass/fds
INFO: [ app_init ] --START--
INFO: Run Behavior\BuildLiteBehavior [ RunTime:0.000000s ]
INFO: [ app_init ] --END-- [ RunTime:0.000000s ]
INFO: [ app_begin ] --START--
INFO: Run Behavior\ReadHtmlCacheBehavior [ RunTime:0.000000s ]
INFO: [ app_begin ] --END-- [ RunTime:0.000000s ]
SQL: SHOW COLUMNS FROM `customer` [ RunTime:0.0240s ]
SQL: SELECT * FROM `customer` WHERE `name` = 'fds' AND `pass` = 'fds'  [ RunTime:0.0010s ]
NOTIC: [8] Use of undefined constant customerItem - assumed 'customerItem' D:\xampp\htdocs\mycms\Application\Home\Controller\IndexController.class.php 第 34 行.
NOTIC: [8] Undefined index: id D:\xampp\htdocs\mycms\Application\Home\Controller\IndexController.class.php 第 42 行.
NOTIC: [8] Undefined index: name D:\xampp\htdocs\mycms\Application\Home\Controller\IndexController.class.php 第 43 行.
NOTIC: [8] Undefined index: pass D:\xampp\htdocs\mycms\Application\Home\Controller\IndexController.class.php 第 44 行.

[ 2017-07-30T21:27:20+08:00 ] ::1 /mycms/index.php/home/index/login/name/fds/pass/f121
INFO: [ app_init ] --START--
INFO: Run Behavior\BuildLiteBehavior [ RunTime:0.000000s ]
INFO: [ app_init ] --END-- [ RunTime:0.000000s ]
INFO: [ app_begin ] --START--
INFO: Run Behavior\ReadHtmlCacheBehavior [ RunTime:0.001000s ]
INFO: [ app_begin ] --END-- [ RunTime:0.001000s ]
SQL: SHOW COLUMNS FROM `customer` [ RunTime:0.0190s ]
SQL: SELECT * FROM `customer` WHERE `name` = 'fds' AND `pass` = 'f121'  [ RunTime:0.0010s ]
NOTIC: [8] Use of undefined constant customerItem - assumed 'customerItem' D:\xampp\htdocs\mycms\Application\Home\Controller\IndexController.class.php 第 34 行.
NOTIC: [8] Undefined index: id D:\xampp\htdocs\mycms\Application\Home\Controller\IndexController.class.php 第 42 行.
NOTIC: [8] Undefined index: name D:\xampp\htdocs\mycms\Application\Home\Controller\IndexController.class.php 第 43 行.
NOTIC: [8] Undefined index: pass D:\xampp\htdocs\mycms\Application\Home\Controller\IndexController.class.php 第 44 行.

[ 2017-07-30T21:27:32+08:00 ] ::1 /mycms/index.php/home/index/login/name/fds/pass/f121
INFO: [ app_init ] --START--
INFO: Run Behavior\BuildLiteBehavior [ RunTime:0.000000s ]
INFO: [ app_init ] --END-- [ RunTime:0.000000s ]
INFO: [ app_begin ] --START--
INFO: Run Behavior\ReadHtmlCacheBehavior [ RunTime:0.001000s ]
INFO: [ app_begin ] --END-- [ RunTime:0.001000s ]
SQL: SHOW COLUMNS FROM `customer` [ RunTime:0.0220s ]
SQL: SELECT * FROM `customer` WHERE `name` = 'fds' AND `pass` = 'f121'  [ RunTime:0.0000s ]
NOTIC: [8] Use of undefined constant customerItem - assumed 'customerItem' D:\xampp\htdocs\mycms\Application\Home\Controller\IndexController.class.php 第 34 行.
NOTIC: [8] Undefined index: id D:\xampp\htdocs\mycms\Application\Home\Controller\IndexController.class.php 第 42 行.
NOTIC: [8] Undefined index: name D:\xampp\htdocs\mycms\Application\Home\Controller\IndexController.class.php 第 43 行.
NOTIC: [8] Undefined index: pass D:\xampp\htdocs\mycms\Application\Home\Controller\IndexController.class.php 第 44 行.

[ 2017-07-30T21:28:40+08:00 ] ::1 /mycms/index.php/home/index/login/name/fds/pass/f121
INFO: [ app_init ] --START--
INFO: Run Behavior\BuildLiteBehavior [ RunTime:0.000000s ]
INFO: [ app_init ] --END-- [ RunTime:0.000000s ]
INFO: [ app_begin ] --START--
INFO: Run Behavior\ReadHtmlCacheBehavior [ RunTime:0.001000s ]
INFO: [ app_begin ] --END-- [ RunTime:0.001000s ]
SQL: SHOW COLUMNS FROM `customer` [ RunTime:0.0200s ]
SQL: SELECT * FROM `customer` WHERE `name` = 'fds' AND `pass` = 'f121' LIMIT 1   [ RunTime:0.0010s ]
NOTIC: [8] Use of undefined constant customerItem - assumed 'customerItem' D:\xampp\htdocs\mycms\Application\Home\Controller\IndexController.class.php 第 35 行.

[ 2017-07-30T21:30:16+08:00 ] ::1 /mycms/index.php/home/index/login/name/fds/pass/f121
INFO: [ app_init ] --START--
INFO: Run Behavior\BuildLiteBehavior [ RunTime:0.000000s ]
INFO: [ app_init ] --END-- [ RunTime:0.001000s ]
INFO: [ app_begin ] --START--
INFO: Run Behavior\ReadHtmlCacheBehavior [ RunTime:0.001000s ]
INFO: [ app_begin ] --END-- [ RunTime:0.001000s ]

[ 2017-07-30T21:30:46+08:00 ] ::1 /mycms/index.php/home/index/login/name/fds/pass/f121
INFO: [ app_init ] --START--
INFO: Run Behavior\BuildLiteBehavior [ RunTime:0.000000s ]
INFO: [ app_init ] --END-- [ RunTime:0.000000s ]
INFO: [ app_begin ] --START--
INFO: Run Behavior\ReadHtmlCacheBehavior [ RunTime:0.000000s ]
INFO: [ app_begin ] --END-- [ RunTime:0.000000s ]
SQL: SHOW COLUMNS FROM `customer` [ RunTime:0.0190s ]
SQL: SELECT * FROM `customer` WHERE `name` = 'fds' AND `pass` = 'f121' LIMIT 1   [ RunTime:0.0010s ]
NOTIC: [8] Use of undefined constant customerItem - assumed 'customerItem' D:\xampp\htdocs\mycms\Application\Home\Controller\IndexController.class.php 第 35 行.

[ 2017-07-30T21:31:23+08:00 ] ::1 /mycms/index.php/home/index/login/name/fds/pass/f121
INFO: [ app_init ] --START--
INFO: Run Behavior\BuildLiteBehavior [ RunTime:0.000000s ]
INFO: [ app_init ] --END-- [ RunTime:0.001000s ]
INFO: [ app_begin ] --START--
INFO: Run Behavior\ReadHtmlCacheBehavior [ RunTime:0.001000s ]
INFO: [ app_begin ] --END-- [ RunTime:0.001000s ]
SQL: SHOW COLUMNS FROM `customer` [ RunTime:0.0190s ]
SQL: SELECT * FROM `customer` WHERE `name` = 'fds' AND `pass` = 'f121' LIMIT 1   [ RunTime:0.0010s ]
NOTIC: [8] Use of undefined constant customerItem - assumed 'customerItem' D:\xampp\htdocs\mycms\Application\Home\Controller\IndexController.class.php 第 34 行.
NOTIC: [8] Use of undefined constant customerItem - assumed 'customerItem' D:\xampp\htdocs\mycms\Application\Home\Controller\IndexController.class.php 第 35 行.

[ 2017-07-30T21:32:29+08:00 ] ::1 /mycms/index.php/home/index/login/name/fds/pass/f121
INFO: [ app_init ] --START--
INFO: Run Behavior\BuildLiteBehavior [ RunTime:0.000000s ]
INFO: [ app_init ] --END-- [ RunTime:0.000000s ]
INFO: [ app_begin ] --START--
INFO: Run Behavior\ReadHtmlCacheBehavior [ RunTime:0.001000s ]
INFO: [ app_begin ] --END-- [ RunTime:0.001000s ]
SQL: SHOW COLUMNS FROM `customer` [ RunTime:0.0230s ]
SQL: SELECT * FROM `customer` WHERE `name` = 'fds' AND `pass` = 'f121' LIMIT 1   [ RunTime:0.0010s ]
NOTIC: [8] Use of undefined constant customerItem - assumed 'customerItem' D:\xampp\htdocs\mycms\Application\Home\Controller\IndexController.class.php 第 34 行.
NOTIC: [8] Use of undefined constant customerItem - assumed 'customerItem' D:\xampp\htdocs\mycms\Application\Home\Controller\IndexController.class.php 第 35 行.

[ 2017-07-30T21:32:33+08:00 ] ::1 /mycms/index.php/home/index/login/name/fds/pass/f121
INFO: [ app_init ] --START--
INFO: Run Behavior\BuildLiteBehavior [ RunTime:0.000000s ]
INFO: [ app_init ] --END-- [ RunTime:0.000000s ]
INFO: [ app_begin ] --START--
INFO: Run Behavior\ReadHtmlCacheBehavior [ RunTime:0.001000s ]
INFO: [ app_begin ] --END-- [ RunTime:0.001000s ]
SQL: SHOW COLUMNS FROM `customer` [ RunTime:0.0190s ]
SQL: SELECT * FROM `customer` WHERE `name` = 'fds' AND `pass` = 'f121' LIMIT 1   [ RunTime:0.0000s ]
NOTIC: [8] Use of undefined constant customerItem - assumed 'customerItem' D:\xampp\htdocs\mycms\Application\Home\Controller\IndexController.class.php 第 34 行.
NOTIC: [8] Use of undefined constant customerItem - assumed 'customerItem' D:\xampp\htdocs\mycms\Application\Home\Controller\IndexController.class.php 第 35 行.

[ 2017-07-30T21:32:56+08:00 ] ::1 /mycms/index.php/home/index/login/name/fds/pass/f121
INFO: [ app_init ] --START--
INFO: Run Behavior\BuildLiteBehavior [ RunTime:0.000000s ]
INFO: [ app_init ] --END-- [ RunTime:0.000000s ]
INFO: [ app_begin ] --START--
INFO: Run Behavior\ReadHtmlCacheBehavior [ RunTime:0.015600s ]
INFO: [ app_begin ] --END-- [ RunTime:0.015600s ]
SQL: SHOW COLUMNS FROM `customer` [ RunTime:0.0250s ]
SQL: SELECT * FROM `customer` WHERE `name` = 'fds' AND `pass` = 'f121' LIMIT 1   [ RunTime:0.0010s ]
NOTIC: [8] Use of undefined constant customerItem - assumed 'customerItem' D:\xampp\htdocs\mycms\Application\Home\Controller\IndexController.class.php 第 35 行.
NOTIC: [8] Use of undefined constant customerItem - assumed 'customerItem' D:\xampp\htdocs\mycms\Application\Home\Controller\IndexController.class.php 第 36 行.

[ 2017-07-30T21:33:13+08:00 ] ::1 /mycms/index.php/home/index/login/name/fds/pass/f121
INFO: [ app_init ] --START--
INFO: Run Behavior\BuildLiteBehavior [ RunTime:0.000000s ]
INFO: [ app_init ] --END-- [ RunTime:0.001000s ]
INFO: [ app_begin ] --START--
INFO: Run Behavior\ReadHtmlCacheBehavior [ RunTime:0.002000s ]
INFO: [ app_begin ] --END-- [ RunTime:0.002000s ]
SQL: SHOW COLUMNS FROM `customer` [ RunTime:0.0220s ]
SQL: SELECT * FROM `customer` WHERE `name` = 'fds' AND `pass` = 'f121' LIMIT 1   [ RunTime:0.0010s ]
NOTIC: [8] Use of undefined constant customerItem - assumed 'customerItem' D:\xampp\htdocs\mycms\Application\Home\Controller\IndexController.class.php 第 35 行.
NOTIC: [8] Use of undefined constant customerItem - assumed 'customerItem' D:\xampp\htdocs\mycms\Application\Home\Controller\IndexController.class.php 第 36 行.

[ 2017-07-30T21:33:29+08:00 ] ::1 /mycms/index.php/home/index/login/name/huang/pass/f121
INFO: [ app_init ] --START--
INFO: Run Behavior\BuildLiteBehavior [ RunTime:0.000000s ]
INFO: [ app_init ] --END-- [ RunTime:0.001000s ]
INFO: [ app_begin ] --START--
INFO: Run Behavior\ReadHtmlCacheBehavior [ RunTime:0.001000s ]
INFO: [ app_begin ] --END-- [ RunTime:0.001000s ]
SQL: SHOW COLUMNS FROM `customer` [ RunTime:0.0190s ]
SQL: SELECT * FROM `customer` WHERE `name` = 'huang' AND `pass` = 'f121' LIMIT 1   [ RunTime:0.0010s ]
NOTIC: [8] Use of undefined constant customerItem - assumed 'customerItem' D:\xampp\htdocs\mycms\Application\Home\Controller\IndexController.class.php 第 35 行.
NOTIC: [8] Use of undefined constant customerItem - assumed 'customerItem' D:\xampp\htdocs\mycms\Application\Home\Controller\IndexController.class.php 第 36 行.

[ 2017-07-30T21:33:34+08:00 ] ::1 /mycms/index.php/home/index/login/name/huang/pass/huang
INFO: [ app_init ] --START--
INFO: Run Behavior\BuildLiteBehavior [ RunTime:0.000000s ]
INFO: [ app_init ] --END-- [ RunTime:0.000000s ]
INFO: [ app_begin ] --START--
INFO: Run Behavior\ReadHtmlCacheBehavior [ RunTime:0.000000s ]
INFO: [ app_begin ] --END-- [ RunTime:0.000000s ]
SQL: SHOW COLUMNS FROM `customer` [ RunTime:0.0300s ]
SQL: SELECT * FROM `customer` WHERE `name` = 'huang' AND `pass` = 'huang' LIMIT 1   [ RunTime:0.0010s ]
NOTIC: [8] Use of undefined constant customerItem - assumed 'customerItem' D:\xampp\htdocs\mycms\Application\Home\Controller\IndexController.class.php 第 35 行.
NOTIC: [8] Use of undefined constant customerItem - assumed 'customerItem' D:\xampp\htdocs\mycms\Application\Home\Controller\IndexController.class.php 第 36 行.

[ 2017-07-30T21:33:39+08:00 ] ::1 /mycms/index.php/home/index/login/name/huang/pass/huang
INFO: [ app_init ] --START--
INFO: Run Behavior\BuildLiteBehavior [ RunTime:0.000000s ]
INFO: [ app_init ] --END-- [ RunTime:0.001000s ]
INFO: [ app_begin ] --START--
INFO: Run Behavior\ReadHtmlCacheBehavior [ RunTime:0.002000s ]
INFO: [ app_begin ] --END-- [ RunTime:0.002000s ]
SQL: SHOW COLUMNS FROM `customer` [ RunTime:0.0220s ]
SQL: SELECT * FROM `customer` WHERE `name` = 'huang' AND `pass` = 'huang' LIMIT 1   [ RunTime:0.0010s ]
NOTIC: [8] Use of undefined constant customerItem - assumed 'customerItem' D:\xampp\htdocs\mycms\Application\Home\Controller\IndexController.class.php 第 35 行.
NOTIC: [8] Use of undefined constant customerItem - assumed 'customerItem' D:\xampp\htdocs\mycms\Application\Home\Controller\IndexController.class.php 第 36 行.

[ 2017-07-30T21:34:05+08:00 ] ::1 /mycms/index.php/home/index/login/name/huang/pass/huang8
INFO: [ app_init ] --START--
INFO: Run Behavior\BuildLiteBehavior [ RunTime:0.000000s ]
INFO: [ app_init ] --END-- [ RunTime:0.000000s ]
INFO: [ app_begin ] --START--
INFO: Run Behavior\ReadHtmlCacheBehavior [ RunTime:0.000000s ]
INFO: [ app_begin ] --END-- [ RunTime:0.000000s ]
SQL: SHOW COLUMNS FROM `customer` [ RunTime:0.0240s ]
SQL: SELECT * FROM `customer` WHERE `name` = 'huang' AND `pass` = 'huang8' LIMIT 1   [ RunTime:0.0000s ]
NOTIC: [8] Use of undefined constant customerItem - assumed 'customerItem' D:\xampp\htdocs\mycms\Application\Home\Controller\IndexController.class.php 第 35 行.
NOTIC: [8] Use of undefined constant customerItem - assumed 'customerItem' D:\xampp\htdocs\mycms\Application\Home\Controller\IndexController.class.php 第 36 行.

[ 2017-07-30T21:36:32+08:00 ] ::1 /mycms/index.php/home/index/login/name/huang/pass/huang8
INFO: [ app_init ] --START--
INFO: Run Behavior\BuildLiteBehavior [ RunTime:0.000000s ]
INFO: [ app_init ] --END-- [ RunTime:0.001000s ]
INFO: [ app_begin ] --START--
INFO: Run Behavior\ReadHtmlCacheBehavior [ RunTime:0.001000s ]
INFO: [ app_begin ] --END-- [ RunTime:0.001000s ]
SQL: SHOW COLUMNS FROM `customer` [ RunTime:0.0120s ]
SQL: SELECT * FROM `customer` WHERE `name` = 'huang' AND `pass` = 'huang8' LIMIT 1   [ RunTime:0.0000s ]
NOTIC: [8] Use of undefined constant customerItem - assumed 'customerItem' D:\xampp\htdocs\mycms\Application\Home\Controller\IndexController.class.php 第 35 行.
NOTIC: [8] Use of undefined constant customerItem - assumed 'customerItem' D:\xampp\htdocs\mycms\Application\Home\Controller\IndexController.class.php 第 36 行.

[ 2017-07-30T21:36:35+08:00 ] ::1 /mycms/index.php/home/index/login/name/huang/pass/huang8
INFO: [ app_init ] --START--
INFO: Run Behavior\BuildLiteBehavior [ RunTime:0.000000s ]
INFO: [ app_init ] --END-- [ RunTime:0.000000s ]
INFO: [ app_begin ] --START--
INFO: Run Behavior\ReadHtmlCacheBehavior [ RunTime:0.001000s ]
INFO: [ app_begin ] --END-- [ RunTime:0.001000s ]
SQL: SHOW COLUMNS FROM `customer` [ RunTime:0.0190s ]
SQL: SELECT * FROM `customer` WHERE `name` = 'huang' AND `pass` = 'huang8' LIMIT 1   [ RunTime:0.0010s ]
NOTIC: [8] Use of undefined constant customerItem - assumed 'customerItem' D:\xampp\htdocs\mycms\Application\Home\Controller\IndexController.class.php 第 35 行.
NOTIC: [8] Use of undefined constant customerItem - assumed 'customerItem' D:\xampp\htdocs\mycms\Application\Home\Controller\IndexController.class.php 第 36 行.

[ 2017-07-30T21:36:38+08:00 ] ::1 /mycms/index.php/home/index/login/name/huang/pass/huang8
INFO: [ app_init ] --START--
INFO: Run Behavior\BuildLiteBehavior [ RunTime:0.000000s ]
INFO: [ app_init ] --END-- [ RunTime:0.001000s ]
INFO: [ app_begin ] --START--
INFO: Run Behavior\ReadHtmlCacheBehavior [ RunTime:0.001000s ]
INFO: [ app_begin ] --END-- [ RunTime:0.001000s ]
SQL: SHOW COLUMNS FROM `customer` [ RunTime:0.0130s ]
SQL: SELECT * FROM `customer` WHERE `name` = 'huang' AND `pass` = 'huang8' LIMIT 1   [ RunTime:0.0050s ]
NOTIC: [8] Use of undefined constant customerItem - assumed 'customerItem' D:\xampp\htdocs\mycms\Application\Home\Controller\IndexController.class.php 第 35 行.
NOTIC: [8] Use of undefined constant customerItem - assumed 'customerItem' D:\xampp\htdocs\mycms\Application\Home\Controller\IndexController.class.php 第 36 行.

[ 2017-07-30T21:36:41+08:00 ] ::1 /mycms/index.php/home/index/login/name/huang/pass/huang
INFO: [ app_init ] --START--
INFO: Run Behavior\BuildLiteBehavior [ RunTime:0.000000s ]
INFO: [ app_init ] --END-- [ RunTime:0.001000s ]
INFO: [ app_begin ] --START--
INFO: Run Behavior\ReadHtmlCacheBehavior [ RunTime:0.001000s ]
INFO: [ app_begin ] --END-- [ RunTime:0.001000s ]
SQL: SHOW COLUMNS FROM `customer` [ RunTime:0.0200s ]
SQL: SELECT * FROM `customer` WHERE `name` = 'huang' AND `pass` = 'huang' LIMIT 1   [ RunTime:0.0020s ]
NOTIC: [8] Use of undefined constant customerItem - assumed 'customerItem' D:\xampp\htdocs\mycms\Application\Home\Controller\IndexController.class.php 第 35 行.
NOTIC: [8] Use of undefined constant customerItem - assumed 'customerItem' D:\xampp\htdocs\mycms\Application\Home\Controller\IndexController.class.php 第 36 行.

[ 2017-07-30T21:37:00+08:00 ] ::1 /mycms/index.php/home/index/login/name/huang/pass/huang
INFO: [ app_init ] --START--
INFO: Run Behavior\BuildLiteBehavior [ RunTime:0.000000s ]
INFO: [ app_init ] --END-- [ RunTime:0.001000s ]
INFO: [ app_begin ] --START--
INFO: Run Behavior\ReadHtmlCacheBehavior [ RunTime:0.001000s ]
INFO: [ app_begin ] --END-- [ RunTime:0.001000s ]
SQL: SHOW COLUMNS FROM `customer` [ RunTime:0.0160s ]
SQL: SELECT * FROM `customer` WHERE `name` = 'huang' AND `pass` = 'huang' LIMIT 1   [ RunTime:0.0010s ]
NOTIC: [8] Use of undefined constant customerItem - assumed 'customerItem' D:\xampp\htdocs\mycms\Application\Home\Controller\IndexController.class.php 第 35 行.
NOTIC: [8] Use of undefined constant customerItem - assumed 'customerItem' D:\xampp\htdocs\mycms\Application\Home\Controller\IndexController.class.php 第 36 行.

[ 2017-07-30T21:37:08+08:00 ] ::1 /mycms/index.php/home/index/login/name/huang/pass/huang1
INFO: [ app_init ] --START--
INFO: Run Behavior\BuildLiteBehavior [ RunTime:0.000000s ]
INFO: [ app_init ] --END-- [ RunTime:0.001000s ]
INFO: [ app_begin ] --START--
INFO: Run Behavior\ReadHtmlCacheBehavior [ RunTime:0.002000s ]
INFO: [ app_begin ] --END-- [ RunTime:0.002000s ]
SQL: SHOW COLUMNS FROM `customer` [ RunTime:0.0190s ]
SQL: SELECT * FROM `customer` WHERE `name` = 'huang' AND `pass` = 'huang1' LIMIT 1   [ RunTime:0.0010s ]
NOTIC: [8] Use of undefined constant customerItem - assumed 'customerItem' D:\xampp\htdocs\mycms\Application\Home\Controller\IndexController.class.php 第 35 行.
NOTIC: [8] Use of undefined constant customerItem - assumed 'customerItem' D:\xampp\htdocs\mycms\Application\Home\Controller\IndexController.class.php 第 36 行.

[ 2017-07-30T21:37:21+08:00 ] ::1 /mycms/index.php/home/index/login/name/huang/pass/huang
INFO: [ app_init ] --START--
INFO: Run Behavior\BuildLiteBehavior [ RunTime:0.000000s ]
INFO: [ app_init ] --END-- [ RunTime:0.001000s ]
INFO: [ app_begin ] --START--
INFO: Run Behavior\ReadHtmlCacheBehavior [ RunTime:0.001000s ]
INFO: [ app_begin ] --END-- [ RunTime:0.001000s ]
SQL: SHOW COLUMNS FROM `customer` [ RunTime:0.0180s ]
SQL: SELECT * FROM `customer` WHERE `name` = 'huang' AND `pass` = 'huang' LIMIT 1   [ RunTime:0.0000s ]
NOTIC: [8] Use of undefined constant customerItem - assumed 'customerItem' D:\xampp\htdocs\mycms\Application\Home\Controller\IndexController.class.php 第 35 行.
NOTIC: [8] Use of undefined constant customerItem - assumed 'customerItem' D:\xampp\htdocs\mycms\Application\Home\Controller\IndexController.class.php 第 36 行.

[ 2017-07-30T21:38:16+08:00 ] ::1 /mycms/index.php/home/index/login/name/huang/pass/huang
INFO: [ app_init ] --START--
INFO: Run Behavior\BuildLiteBehavior [ RunTime:0.000000s ]
INFO: [ app_init ] --END-- [ RunTime:0.000000s ]
INFO: [ app_begin ] --START--
INFO: Run Behavior\ReadHtmlCacheBehavior [ RunTime:0.001000s ]
INFO: [ app_begin ] --END-- [ RunTime:0.001000s ]
SQL: SHOW COLUMNS FROM `customer` [ RunTime:0.0170s ]
SQL: SELECT * FROM `customer` WHERE `name` = 'huang' AND `pass` = 'huang' LIMIT 1   [ RunTime:0.0010s ]
NOTIC: [8] Use of undefined constant customerItem - assumed 'customerItem' D:\xampp\htdocs\mycms\Application\Home\Controller\IndexController.class.php 第 35 行.

[ 2017-07-30T21:38:22+08:00 ] ::1 /mycms/index.php/home/index/login/name/huang/pass/huang2
INFO: [ app_init ] --START--
INFO: Run Behavior\BuildLiteBehavior [ RunTime:0.000000s ]
INFO: [ app_init ] --END-- [ RunTime:0.001000s ]
INFO: [ app_begin ] --START--
INFO: Run Behavior\ReadHtmlCacheBehavior [ RunTime:0.001000s ]
INFO: [ app_begin ] --END-- [ RunTime:0.001000s ]
SQL: SHOW COLUMNS FROM `customer` [ RunTime:0.0210s ]
SQL: SELECT * FROM `customer` WHERE `name` = 'huang' AND `pass` = 'huang2' LIMIT 1   [ RunTime:0.0000s ]
NOTIC: [8] Use of undefined constant customerItem - assumed 'customerItem' D:\xampp\htdocs\mycms\Application\Home\Controller\IndexController.class.php 第 35 行.

[ 2017-07-30T21:38:27+08:00 ] ::1 /mycms/index.php/home/index/login/name/huang/pass/huang2
INFO: [ app_init ] --START--
INFO: Run Behavior\BuildLiteBehavior [ RunTime:0.000000s ]
INFO: [ app_init ] --END-- [ RunTime:0.001000s ]
INFO: [ app_begin ] --START--
INFO: Run Behavior\ReadHtmlCacheBehavior [ RunTime:0.001000s ]
INFO: [ app_begin ] --END-- [ RunTime:0.001000s ]
SQL: SHOW COLUMNS FROM `customer` [ RunTime:0.0200s ]
SQL: SELECT * FROM `customer` WHERE `name` = 'huang' AND `pass` = 'huang2' LIMIT 1   [ RunTime:0.0010s ]
NOTIC: [8] Use of undefined constant customerItem - assumed 'customerItem' D:\xampp\htdocs\mycms\Application\Home\Controller\IndexController.class.php 第 35 行.

[ 2017-07-30T21:39:33+08:00 ] ::1 /mycms/index.php/home/index/login/name/huang/pass/huang2
INFO: [ app_init ] --START--
INFO: Run Behavior\BuildLiteBehavior [ RunTime:0.000000s ]
INFO: [ app_init ] --END-- [ RunTime:0.001000s ]
INFO: [ app_begin ] --START--
INFO: Run Behavior\ReadHtmlCacheBehavior [ RunTime:0.002000s ]
INFO: [ app_begin ] --END-- [ RunTime:0.002000s ]
SQL: SHOW COLUMNS FROM `customer` [ RunTime:0.0190s ]
SQL: SELECT * FROM `customer` WHERE `name` = 'huang' AND `pass` = 'huang2'  [ RunTime:0.0000s ]
NOTIC: [8] Use of undefined constant customerItem - assumed 'customerItem' D:\xampp\htdocs\mycms\Application\Home\Controller\IndexController.class.php 第 35 行.
NOTIC: [8] Undefined index: id D:\xampp\htdocs\mycms\Application\Home\Controller\IndexController.class.php 第 38 行.
NOTIC: [8] Undefined index: name D:\xampp\htdocs\mycms\Application\Home\Controller\IndexController.class.php 第 39 行.
NOTIC: [8] Undefined index: pass D:\xampp\htdocs\mycms\Application\Home\Controller\IndexController.class.php 第 40 行.

[ 2017-07-30T21:39:36+08:00 ] ::1 /mycms/index.php/home/index/login/name/huang/pass/huang2
INFO: [ app_init ] --START--
INFO: Run Behavior\BuildLiteBehavior [ RunTime:0.000000s ]
INFO: [ app_init ] --END-- [ RunTime:0.001000s ]
INFO: [ app_begin ] --START--
INFO: Run Behavior\ReadHtmlCacheBehavior [ RunTime:0.002000s ]
INFO: [ app_begin ] --END-- [ RunTime:0.002000s ]
SQL: SHOW COLUMNS FROM `customer` [ RunTime:0.0190s ]
SQL: SELECT * FROM `customer` WHERE `name` = 'huang' AND `pass` = 'huang2'  [ RunTime:0.0010s ]
NOTIC: [8] Use of undefined constant customerItem - assumed 'customerItem' D:\xampp\htdocs\mycms\Application\Home\Controller\IndexController.class.php 第 35 行.
NOTIC: [8] Undefined index: id D:\xampp\htdocs\mycms\Application\Home\Controller\IndexController.class.php 第 38 行.
NOTIC: [8] Undefined index: name D:\xampp\htdocs\mycms\Application\Home\Controller\IndexController.class.php 第 39 行.
NOTIC: [8] Undefined index: pass D:\xampp\htdocs\mycms\Application\Home\Controller\IndexController.class.php 第 40 行.

[ 2017-07-30T21:42:33+08:00 ] ::1 /mycms/index.php/home/index/login/name/huang/pass/huang2
INFO: [ app_init ] --START--
INFO: Run Behavior\BuildLiteBehavior [ RunTime:0.000000s ]
INFO: [ app_init ] --END-- [ RunTime:0.001000s ]
INFO: [ app_begin ] --START--
INFO: Run Behavior\ReadHtmlCacheBehavior [ RunTime:0.001000s ]
INFO: [ app_begin ] --END-- [ RunTime:0.001000s ]
SQL: SHOW COLUMNS FROM `customer` [ RunTime:0.0200s ]
SQL: SELECT * FROM `customer` WHERE `name` = 'huang' AND `pass` = 'huang2'  [ RunTime:0.0010s ]
NOTIC: [8] Use of undefined constant customerItem - assumed 'customerItem' D:\xampp\htdocs\mycms\Application\Home\Controller\IndexController.class.php 第 35 行.

[ 2017-07-30T21:42:38+08:00 ] ::1 /mycms/index.php/home/index/login/name/huang/pass/huang
INFO: [ app_init ] --START--
INFO: Run Behavior\BuildLiteBehavior [ RunTime:0.000000s ]
INFO: [ app_init ] --END-- [ RunTime:0.001000s ]
INFO: [ app_begin ] --START--
INFO: Run Behavior\ReadHtmlCacheBehavior [ RunTime:0.001000s ]
INFO: [ app_begin ] --END-- [ RunTime:0.001000s ]
SQL: SHOW COLUMNS FROM `customer` [ RunTime:0.0190s ]
SQL: SELECT * FROM `customer` WHERE `name` = 'huang' AND `pass` = 'huang'  [ RunTime:0.0020s ]
NOTIC: [8] Use of undefined constant customerItem - assumed 'customerItem' D:\xampp\htdocs\mycms\Application\Home\Controller\IndexController.class.php 第 35 行.

[ 2017-07-30T21:43:00+08:00 ] ::1 /mycms/index.php/home/index/login/name/huang/pass/huang
INFO: [ app_init ] --START--
INFO: Run Behavior\BuildLiteBehavior [ RunTime:0.000000s ]
INFO: [ app_init ] --END-- [ RunTime:0.000000s ]
INFO: [ app_begin ] --START--
INFO: Run Behavior\ReadHtmlCacheBehavior [ RunTime:0.001000s ]
INFO: [ app_begin ] --END-- [ RunTime:0.001000s ]
SQL: SHOW COLUMNS FROM `customer` [ RunTime:0.0190s ]
SQL: SELECT * FROM `customer` WHERE `name` = 'huang' AND `pass` = 'huang'  [ RunTime:0.0010s ]
NOTIC: [8] Use of undefined constant customerItem - assumed 'customerItem' D:\xampp\htdocs\mycms\Application\Home\Controller\IndexController.class.php 第 35 行.

[ 2017-07-30T21:43:06+08:00 ] ::1 /mycms/index.php/home/index/login/name/huang/pass/huangk
INFO: [ app_init ] --START--
INFO: Run Behavior\BuildLiteBehavior [ RunTime:0.000000s ]
INFO: [ app_init ] --END-- [ RunTime:0.001000s ]
INFO: [ app_begin ] --START--
INFO: Run Behavior\ReadHtmlCacheBehavior [ RunTime:0.001000s ]
INFO: [ app_begin ] --END-- [ RunTime:0.001000s ]
SQL: SHOW COLUMNS FROM `customer` [ RunTime:0.0190s ]
SQL: SELECT * FROM `customer` WHERE `name` = 'huang' AND `pass` = 'huangk'  [ RunTime:0.0010s ]
NOTIC: [8] Use of undefined constant customerItem - assumed 'customerItem' D:\xampp\htdocs\mycms\Application\Home\Controller\IndexController.class.php 第 35 行.

[ 2017-07-30T21:43:39+08:00 ] ::1 /mycms/index.php/home/index/login/name/huang/pass/huangk
INFO: [ app_init ] --START--
INFO: Run Behavior\BuildLiteBehavior [ RunTime:0.000000s ]
INFO: [ app_init ] --END-- [ RunTime:0.001000s ]
INFO: [ app_begin ] --START--
INFO: Run Behavior\ReadHtmlCacheBehavior [ RunTime:0.000000s ]
INFO: [ app_begin ] --END-- [ RunTime:0.001000s ]
SQL: SHOW COLUMNS FROM `customer` [ RunTime:0.0120s ]
SQL: SELECT * FROM `customer` WHERE `name` = 'huang' AND `pass` = 'huangk'  [ RunTime:0.0010s ]
NOTIC: [8] Use of undefined constant customerItem - assumed 'customerItem' D:\xampp\htdocs\mycms\Application\Home\Controller\IndexController.class.php 第 35 行.

[ 2017-07-30T21:43:45+08:00 ] ::1 /mycms/index.php/home/index/login/name/huang/pass/huang
INFO: [ app_init ] --START--
INFO: Run Behavior\BuildLiteBehavior [ RunTime:0.000000s ]
INFO: [ app_init ] --END-- [ RunTime:0.000000s ]
INFO: [ app_begin ] --START--
INFO: Run Behavior\ReadHtmlCacheBehavior [ RunTime:0.001000s ]
INFO: [ app_begin ] --END-- [ RunTime:0.001000s ]
SQL: SHOW COLUMNS FROM `customer` [ RunTime:0.0190s ]
SQL: SELECT * FROM `customer` WHERE `name` = 'huang' AND `pass` = 'huang'  [ RunTime:0.0010s ]
NOTIC: [8] Use of undefined constant customerItem - assumed 'customerItem' D:\xampp\htdocs\mycms\Application\Home\Controller\IndexController.class.php 第 35 行.

[ 2017-07-30T21:44:40+08:00 ] ::1 /mycms/index.php/home/index/login/name/huang/pass/huang
INFO: [ app_init ] --START--
INFO: Run Behavior\BuildLiteBehavior [ RunTime:0.000000s ]
INFO: [ app_init ] --END-- [ RunTime:0.001000s ]
INFO: [ app_begin ] --START--
INFO: Run Behavior\ReadHtmlCacheBehavior [ RunTime:0.002001s ]
INFO: [ app_begin ] --END-- [ RunTime:0.002001s ]

[ 2017-07-30T21:44:51+08:00 ] ::1 /mycms/index.php/home/index/login/name/huang/pass/huang
INFO: [ app_init ] --START--
INFO: Run Behavior\BuildLiteBehavior [ RunTime:0.000000s ]
INFO: [ app_init ] --END-- [ RunTime:0.001000s ]
INFO: [ app_begin ] --START--
INFO: Run Behavior\ReadHtmlCacheBehavior [ RunTime:0.001000s ]
INFO: [ app_begin ] --END-- [ RunTime:0.002000s ]

[ 2017-07-30T21:44:53+08:00 ] ::1 /mycms/index.php/home/index/login/name/huang/pass/huang
INFO: [ app_init ] --START--
INFO: Run Behavior\BuildLiteBehavior [ RunTime:0.000000s ]
INFO: [ app_init ] --END-- [ RunTime:0.002000s ]
INFO: [ app_begin ] --START--
INFO: Run Behavior\ReadHtmlCacheBehavior [ RunTime:0.002000s ]
INFO: [ app_begin ] --END-- [ RunTime:0.002000s ]

[ 2017-07-30T21:45:16+08:00 ] ::1 /mycms/index.php/home/index/login/name/huang/pass/huang
INFO: [ app_init ] --START--
INFO: Run Behavior\BuildLiteBehavior [ RunTime:0.000000s ]
INFO: [ app_init ] --END-- [ RunTime:0.001000s ]
INFO: [ app_begin ] --START--
INFO: Run Behavior\ReadHtmlCacheBehavior [ RunTime:0.001000s ]
INFO: [ app_begin ] --END-- [ RunTime:0.001000s ]
SQL: SHOW COLUMNS FROM `customer` [ RunTime:0.0200s ]
SQL: SELECT * FROM `customer` WHERE `name` = 'huang' AND `pass` = 'huang'  [ RunTime:0.0010s ]

[ 2017-07-30T21:45:28+08:00 ] ::1 /mycms/index.php/home/index/login/name/huang/pass/huang
INFO: [ app_init ] --START--
INFO: Run Behavior\BuildLiteBehavior [ RunTime:0.000000s ]
INFO: [ app_init ] --END-- [ RunTime:0.001000s ]
INFO: [ app_begin ] --START--
INFO: Run Behavior\ReadHtmlCacheBehavior [ RunTime:0.001000s ]
INFO: [ app_begin ] --END-- [ RunTime:0.001000s ]
SQL: SHOW COLUMNS FROM `customer` [ RunTime:0.0120s ]
SQL: SELECT * FROM `customer` WHERE `name` = 'huang' AND `pass` = 'huang'  [ RunTime:0.0010s ]

[ 2017-07-30T21:45:40+08:00 ] ::1 /mycms/index.php/home/index/login/name/huang/pass/huang
INFO: [ app_init ] --START--
INFO: Run Behavior\BuildLiteBehavior [ RunTime:0.000000s ]
INFO: [ app_init ] --END-- [ RunTime:0.001000s ]
INFO: [ app_begin ] --START--
INFO: Run Behavior\ReadHtmlCacheBehavior [ RunTime:0.002001s ]
INFO: [ app_begin ] --END-- [ RunTime:0.002001s ]

[ 2017-07-30T21:45:49+08:00 ] ::1 /mycms/index.php/home/index/login/name/huang/pass/huang
INFO: [ app_init ] --START--
INFO: Run Behavior\BuildLiteBehavior [ RunTime:0.000000s ]
INFO: [ app_init ] --END-- [ RunTime:0.001000s ]
INFO: [ app_begin ] --START--
INFO: Run Behavior\ReadHtmlCacheBehavior [ RunTime:0.001000s ]
INFO: [ app_begin ] --END-- [ RunTime:0.001000s ]
SQL: SHOW COLUMNS FROM `customer` [ RunTime:0.0190s ]
SQL: SELECT * FROM `customer` WHERE `name` = 'huang' AND `pass` = 'huang'  [ RunTime:0.0020s ]

[ 2017-07-30T21:46:15+08:00 ] ::1 /mycms/index.php/home/index/login/name/huang/pass/2
INFO: [ app_init ] --START--
INFO: Run Behavior\BuildLiteBehavior [ RunTime:0.000000s ]
INFO: [ app_init ] --END-- [ RunTime:0.001000s ]
INFO: [ app_begin ] --START--
INFO: Run Behavior\ReadHtmlCacheBehavior [ RunTime:0.001000s ]
INFO: [ app_begin ] --END-- [ RunTime:0.001000s ]
SQL: SHOW COLUMNS FROM `customer` [ RunTime:0.0190s ]
SQL: SELECT * FROM `customer` WHERE `name` = 'huang' AND `pass` = '2'  [ RunTime:0.0000s ]
NOTIC: [8] Undefined index: id D:\xampp\htdocs\mycms\Application\Home\Controller\IndexController.class.php 第 41 行.
NOTIC: [8] Undefined index: name D:\xampp\htdocs\mycms\Application\Home\Controller\IndexController.class.php 第 42 行.
NOTIC: [8] Undefined index: pass D:\xampp\htdocs\mycms\Application\Home\Controller\IndexController.class.php 第 43 行.

[ 2017-07-30T21:47:03+08:00 ] ::1 /mycms/index.php/home/index/login/name/huang/pass/2
INFO: [ app_init ] --START--
INFO: Run Behavior\BuildLiteBehavior [ RunTime:0.000000s ]
INFO: [ app_init ] --END-- [ RunTime:0.001000s ]
INFO: [ app_begin ] --START--
INFO: Run Behavior\ReadHtmlCacheBehavior [ RunTime:0.001000s ]
INFO: [ app_begin ] --END-- [ RunTime:0.001000s ]
SQL: SHOW COLUMNS FROM `customer` [ RunTime:0.0190s ]
SQL: SELECT * FROM `customer` WHERE `name` = 'huang' AND `pass` = '2'  [ RunTime:0.0000s ]

[ 2017-07-30T21:47:11+08:00 ] ::1 /mycms/index.php/home/index/login/name/huang/pass/huang
INFO: [ app_init ] --START--
INFO: Run Behavior\BuildLiteBehavior [ RunTime:0.000000s ]
INFO: [ app_init ] --END-- [ RunTime:0.001000s ]
INFO: [ app_begin ] --START--
INFO: Run Behavior\ReadHtmlCacheBehavior [ RunTime:0.001000s ]
INFO: [ app_begin ] --END-- [ RunTime:0.001000s ]
SQL: SHOW COLUMNS FROM `customer` [ RunTime:0.0210s ]
SQL: SELECT * FROM `customer` WHERE `name` = 'huang' AND `pass` = 'huang'  [ RunTime:0.0010s ]
NOTIC: [8] Undefined index: id D:\xampp\htdocs\mycms\Application\Home\Controller\IndexController.class.php 第 45 行.
NOTIC: [8] Undefined index: name D:\xampp\htdocs\mycms\Application\Home\Controller\IndexController.class.php 第 46 行.
NOTIC: [8] Undefined index: pass D:\xampp\htdocs\mycms\Application\Home\Controller\IndexController.class.php 第 47 行.

[ 2017-07-30T21:47:17+08:00 ] ::1 /mycms/index.php/home/index/login/name/huang/pass/2
INFO: [ app_init ] --START--
INFO: Run Behavior\BuildLiteBehavior [ RunTime:0.000000s ]
INFO: [ app_init ] --END-- [ RunTime:0.001000s ]
INFO: [ app_begin ] --START--
INFO: Run Behavior\ReadHtmlCacheBehavior [ RunTime:0.001000s ]
INFO: [ app_begin ] --END-- [ RunTime:0.002000s ]
SQL: SHOW COLUMNS FROM `customer` [ RunTime:0.0190s ]
SQL: SELECT * FROM `customer` WHERE `name` = 'huang' AND `pass` = '2'  [ RunTime:0.0010s ]

