[ 2017-08-14T20:02:46+08:00 ] ::1 /mycms/home/index/index
INFO: [ app_init ] --START--
INFO: Run Behavior\BuildLiteBehavior [ RunTime:0.000000s ]
INFO: [ app_init ] --END-- [ RunTime:0.022001s ]
INFO: [ app_begin ] --START--
INFO: Run Behavior\ReadHtmlCacheBehavior [ RunTime:0.001000s ]
INFO: [ app_begin ] --END-- [ RunTime:0.001000s ]
INFO: [ view_parse ] --START--
INFO: [ template_filter ] --START--
INFO: Run Behavior\ContentReplaceBehavior [ RunTime:0.027001s ]
INFO: [ template_filter ] --END-- [ RunTime:0.028001s ]
INFO: Run Behavior\ParseTemplateBehavior [ RunTime:0.054003s ]
INFO: [ view_parse ] --END-- [ RunTime:0.054003s ]
INFO: [ view_filter ] --START--
INFO: Run Behavior\WriteHtmlCacheBehavior [ RunTime:0.001000s ]
INFO: [ view_filter ] --END-- [ RunTime:0.001000s ]
INFO: [ app_end ] --START--
INFO: Run Behavior\ShowPageTraceBehavior [ RunTime:0.001000s ]
INFO: [ app_end ] --END-- [ RunTime:0.001000s ]

[ 2017-08-14T20:02:59+08:00 ] ::1 /mycms/index.php/Home/index/login/name/james/pass/james.html
INFO: [ app_init ] --START--
INFO: Run Behavior\BuildLiteBehavior [ RunTime:0.000000s ]
INFO: [ app_init ] --END-- [ RunTime:0.000000s ]
INFO: [ app_begin ] --START--
INFO: Run Behavior\ReadHtmlCacheBehavior [ RunTime:0.001000s ]
INFO: [ app_begin ] --END-- [ RunTime:0.001000s ]
SQL: SHOW COLUMNS FROM `customer` [ RunTime:0.0110s ]
SQL: SELECT * FROM `customer` WHERE `name` = 'james' AND `pass` = 'james'  [ RunTime:0.0010s ]
NOTIC: [8] Use of undefined constant isList - assumed 'isList' C:\xampp\htdocs\mycms\Application\Home\Controller\BaseController.class.php 第 52 行.

[ 2017-08-14T20:16:18+08:00 ] ::1 /mycms/index.php/Home/Blog/blogList/typeId/0/pageId/0/customerid/1.html
INFO: [ app_init ] --START--
INFO: Run Behavior\BuildLiteBehavior [ RunTime:0.000000s ]
INFO: [ app_init ] --END-- [ RunTime:0.007000s ]
INFO: [ app_begin ] --START--
INFO: Run Behavior\ReadHtmlCacheBehavior [ RunTime:0.010000s ]
INFO: [ app_begin ] --END-- [ RunTime:0.010000s ]
SQL: SHOW COLUMNS FROM `blog` [ RunTime:0.0120s ]
SQL: SELECT * FROM `blog` LIMIT 0,10   [ RunTime:0.0020s ]
NOTIC: [8] Use of undefined constant isList - assumed 'isList' C:\xampp\htdocs\mycms\Application\Home\Controller\BaseController.class.php 第 52 行.

[ 2017-08-14T20:24:56+08:00 ] 192.168.31.208 /mycms/index.php/Home/index/login
INFO: [ app_init ] --START--
INFO: Run Behavior\BuildLiteBehavior [ RunTime:0.000000s ]
INFO: [ app_init ] --END-- [ RunTime:0.001000s ]
INFO: [ app_begin ] --START--
INFO: Run Behavior\ReadHtmlCacheBehavior [ RunTime:0.000000s ]
INFO: [ app_begin ] --END-- [ RunTime:0.001000s ]
SQL: SHOW COLUMNS FROM `customer` [ RunTime:0.0150s ]
SQL: SELECT * FROM `customer` WHERE `name` = 'huang' AND `pass` = 'huang'  [ RunTime:0.0010s ]
NOTIC: [8] Use of undefined constant isList - assumed 'isList' C:\xampp\htdocs\mycms\Application\Home\Controller\BaseController.class.php 第 52 行.

[ 2017-08-14T20:25:00+08:00 ] 192.168.31.208 /mycms/index.php/Home/blog/blogList
INFO: [ app_init ] --START--
INFO: Run Behavior\BuildLiteBehavior [ RunTime:0.000000s ]
INFO: [ app_init ] --END-- [ RunTime:0.001000s ]
INFO: [ app_begin ] --START--
INFO: Run Behavior\ReadHtmlCacheBehavior [ RunTime:0.001000s ]
INFO: [ app_begin ] --END-- [ RunTime:0.001000s ]
SQL: SHOW COLUMNS FROM `blog` [ RunTime:0.0080s ]
SQL: SELECT * FROM `blog` LIMIT 0,10   [ RunTime:0.0000s ]
NOTIC: [8] Use of undefined constant isList - assumed 'isList' C:\xampp\htdocs\mycms\Application\Home\Controller\BaseController.class.php 第 52 行.

